Command line invocation:
    /Applications/Xcode.app/Contents/Developer/usr/bin/xcodebuild -project Lumen.xcodeproj -scheme Lumen -configuration Release clean build

2025-11-27 15:26:41.123 xcodebuild[44291:491239] [MT] IDERunDestination: Supported platforms for the buildables in the current scheme is empty.
--- xcodebuild: WARNING: Using the first of multiple matching destinations:
{ platform:macOS, arch:arm64, id:00006001-001231A626FA401E, name:My Mac }
{ platform:macOS, arch:x86_64, id:00006001-001231A626FA401E, name:My Mac }
{ platform:macOS, name:Any Mac }
CreateBuildRequest

SendProjectDescription

CreateBuildOperation

** CLEAN SUCCEEDED **

--- xcodebuild: WARNING: Using the first of multiple matching destinations:
{ platform:macOS, arch:arm64, id:00006001-001231A626FA401E, name:My Mac }
{ platform:macOS, arch:x86_64, id:00006001-001231A626FA401E, name:My Mac }
{ platform:macOS, name:Any Mac }
ComputePackagePrebuildTargetDependencyGraph

Prepare packages

CreateBuildRequest

SendProjectDescription

CreateBuildOperation

ComputeTargetDependencyGraph
note: Building targets in dependency order
note: Target dependency graph (1 target)
    Target 'Lumen' in project 'Lumen' (no dependencies)

GatherProvisioningInputs

CreateBuildDescription

ExecuteExternalTool /Applications/Xcode.app/Contents/Developer/Toolchains/XcodeDefault.xctoolchain/usr/bin/clang -v -E -dM -isysroot /Applications/Xcode.app/Contents/Developer/Platforms/MacOSX.platform/Developer/SDKs/MacOSX26.1.sdk -x c -c /dev/null

ExecuteExternalTool /Applications/Xcode.app/Contents/Developer/Toolchains/XcodeDefault.xctoolchain/usr/bin/clang -v -E -dM -arch arm64 -isysroot /Applications/Xcode.app/Contents/Developer/Platforms/MacOSX.platform/Developer/SDKs/MacOSX26.1.sdk -x c++ -c /dev/null

ExecuteExternalTool /Applications/Xcode.app/Contents/Developer/Toolchains/XcodeDefault.xctoolchain/usr/bin/clang -v -E -dM -arch arm64 -isysroot /Applications/Xcode.app/Contents/Developer/Platforms/MacOSX.platform/Developer/SDKs/MacOSX26.1.sdk -x c -c /dev/null

ExecuteExternalTool /Applications/Xcode.app/Contents/Developer/Toolchains/XcodeDefault.xctoolchain/usr/bin/clang -v -E -dM -arch arm64 -isysroot /Applications/Xcode.app/Contents/Developer/Platforms/MacOSX.platform/Developer/SDKs/MacOSX26.1.sdk -x objective-c++ -c /dev/null

ExecuteExternalTool /Applications/Xcode.app/Contents/Developer/usr/bin/actool --version --output-format xml1

ExecuteExternalTool /Applications/Xcode.app/Contents/Developer/Toolchains/XcodeDefault.xctoolchain/usr/bin/swiftc --version

ExecuteExternalTool /Applications/Xcode.app/Contents/Developer/Toolchains/XcodeDefault.xctoolchain/usr/bin/ld -version_details

Build description signature: a7afe1418bd4e23308d7b8365f7c3e44
Build description path: /Users/afraasheriff/Library/Developer/Xcode/DerivedData/Lumen-alopeafjorucwmhfuymhyhjqofhs/Build/Intermediates.noindex/XCBuildData/a7afe1418bd4e23308d7b8365f7c3e44.xcbuilddata
ClangStatCache /Applications/Xcode.app/Contents/Developer/Toolchains/XcodeDefault.xctoolchain/usr/bin/clang-stat-cache /Applications/Xcode.app/Contents/Developer/Platforms/MacOSX.platform/Developer/SDKs/MacOSX26.1.sdk /Users/afraasheriff/Library/Developer/Xcode/DerivedData/SDKStatCaches.noindex/macosx26.1-25B74-3885c01c3e6b6a337905948deab2002e3ae1261907bdadc328169391a47051a6.sdkstatcache
    cd /Users/afraasheriff/Desktop/Projects_List/Lumen/Lumen.xcodeproj
    /Applications/Xcode.app/Contents/Developer/Toolchains/XcodeDefault.xctoolchain/usr/bin/clang-stat-cache /Applications/Xcode.app/Contents/Developer/Platforms/MacOSX.platform/Developer/SDKs/MacOSX26.1.sdk -o /Users/afraasheriff/Library/Developer/Xcode/DerivedData/SDKStatCaches.noindex/macosx26.1-25B74-3885c01c3e6b6a337905948deab2002e3ae1261907bdadc328169391a47051a6.sdkstatcache

CreateBuildDirectory /Users/afraasheriff/Library/Developer/Xcode/DerivedData/Lumen-alopeafjorucwmhfuymhyhjqofhs/Build/Products
    cd /Users/afraasheriff/Desktop/Projects_List/Lumen/Lumen.xcodeproj
    builtin-create-build-directory /Users/afraasheriff/Library/Developer/Xcode/DerivedData/Lumen-alopeafjorucwmhfuymhyhjqofhs/Build/Products

CreateBuildDirectory /Users/afraasheriff/Library/Developer/Xcode/DerivedData/Lumen-alopeafjorucwmhfuymhyhjqofhs/Build/Intermediates.noindex
    cd /Users/afraasheriff/Desktop/Projects_List/Lumen/Lumen.xcodeproj
    builtin-create-build-directory /Users/afraasheriff/Library/Developer/Xcode/DerivedData/Lumen-alopeafjorucwmhfuymhyhjqofhs/Build/Intermediates.noindex

CreateBuildDirectory /Users/afraasheriff/Library/Developer/Xcode/DerivedData/Lumen-alopeafjorucwmhfuymhyhjqofhs/Build/Intermediates.noindex/SwiftExplicitPrecompiledModules
    cd /Users/afraasheriff/Desktop/Projects_List/Lumen/Lumen.xcodeproj
    builtin-create-build-directory /Users/afraasheriff/Library/Developer/Xcode/DerivedData/Lumen-alopeafjorucwmhfuymhyhjqofhs/Build/Intermediates.noindex/SwiftExplicitPrecompiledModules

CreateBuildDirectory /Users/afraasheriff/Library/Developer/Xcode/DerivedData/Lumen-alopeafjorucwmhfuymhyhjqofhs/Build/Intermediates.noindex/ExplicitPrecompiledModules
    cd /Users/afraasheriff/Desktop/Projects_List/Lumen/Lumen.xcodeproj
    builtin-create-build-directory /Users/afraasheriff/Library/Developer/Xcode/DerivedData/Lumen-alopeafjorucwmhfuymhyhjqofhs/Build/Intermediates.noindex/ExplicitPrecompiledModules

CreateBuildDirectory /Users/afraasheriff/Library/Developer/Xcode/DerivedData/Lumen-alopeafjorucwmhfuymhyhjqofhs/Build/Intermediates.noindex/EagerLinkingTBDs/Release
    cd /Users/afraasheriff/Desktop/Projects_List/Lumen/Lumen.xcodeproj
    builtin-create-build-directory /Users/afraasheriff/Library/Developer/Xcode/DerivedData/Lumen-alopeafjorucwmhfuymhyhjqofhs/Build/Intermediates.noindex/EagerLinkingTBDs/Release

WriteAuxiliaryFile /Users/afraasheriff/Library/Developer/Xcode/DerivedData/Lumen-alopeafjorucwmhfuymhyhjqofhs/Build/Intermediates.noindex/Lumen.build/Release/Lumen-cdd7cc893bda7c3f91f1257061c48c27-VFS/all-product-headers.yaml
    cd /Users/afraasheriff/Desktop/Projects_List/Lumen/Lumen.xcodeproj
    write-file /Users/afraasheriff/Library/Developer/Xcode/DerivedData/Lumen-alopeafjorucwmhfuymhyhjqofhs/Build/Intermediates.noindex/Lumen.build/Release/Lumen-cdd7cc893bda7c3f91f1257061c48c27-VFS/all-product-headers.yaml

CreateBuildDirectory /Users/afraasheriff/Library/Developer/Xcode/DerivedData/Lumen-alopeafjorucwmhfuymhyhjqofhs/Build/Products/Release
    cd /Users/afraasheriff/Desktop/Projects_List/Lumen/Lumen.xcodeproj
    builtin-create-build-directory /Users/afraasheriff/Library/Developer/Xcode/DerivedData/Lumen-alopeafjorucwmhfuymhyhjqofhs/Build/Products/Release

WriteAuxiliaryFile /Users/afraasheriff/Library/Developer/Xcode/DerivedData/Lumen-alopeafjorucwmhfuymhyhjqofhs/Build/Intermediates.noindex/Lumen.build/Release/Lumen.build/empty-Lumen.plist (in target 'Lumen' from project 'Lumen')
    cd /Users/afraasheriff/Desktop/Projects_List/Lumen
    write-file /Users/afraasheriff/Library/Developer/Xcode/DerivedData/Lumen-alopeafjorucwmhfuymhyhjqofhs/Build/Intermediates.noindex/Lumen.build/Release/Lumen.build/empty-Lumen.plist

WriteAuxiliaryFile /Users/afraasheriff/Library/Developer/Xcode/DerivedData/Lumen-alopeafjorucwmhfuymhyhjqofhs/Build/Intermediates.noindex/Lumen.build/Release/Lumen.build/Lumen.hmap (in target 'Lumen' from project 'Lumen')
    cd /Users/afraasheriff/Desktop/Projects_List/Lumen
    write-file /Users/afraasheriff/Library/Developer/Xcode/DerivedData/Lumen-alopeafjorucwmhfuymhyhjqofhs/Build/Intermediates.noindex/Lumen.build/Release/Lumen.build/Lumen.hmap

WriteAuxiliaryFile /Users/afraasheriff/Library/Developer/Xcode/DerivedData/Lumen-alopeafjorucwmhfuymhyhjqofhs/Build/Intermediates.noindex/Lumen.build/Release/Lumen.build/Objects-normal/arm64/Lumen.LinkFileList (in target 'Lumen' from project 'Lumen')
    cd /Users/afraasheriff/Desktop/Projects_List/Lumen
    write-file /Users/afraasheriff/Library/Developer/Xcode/DerivedData/Lumen-alopeafjorucwmhfuymhyhjqofhs/Build/Intermediates.noindex/Lumen.build/Release/Lumen.build/Objects-normal/arm64/Lumen.LinkFileList

WriteAuxiliaryFile /Users/afraasheriff/Library/Developer/Xcode/DerivedData/Lumen-alopeafjorucwmhfuymhyhjqofhs/Build/Intermediates.noindex/Lumen.build/Release/Lumen.build/Objects-normal/arm64/af3fcb34312c57c0f52879cdce924b91-common-args.resp (in target 'Lumen' from project 'Lumen')
    cd /Users/afraasheriff/Desktop/Projects_List/Lumen
    write-file /Users/afraasheriff/Library/Developer/Xcode/DerivedData/Lumen-alopeafjorucwmhfuymhyhjqofhs/Build/Intermediates.noindex/Lumen.build/Release/Lumen.build/Objects-normal/arm64/af3fcb34312c57c0f52879cdce924b91-common-args.resp
-target arm64-apple-macos26.0 '-std=gnu++20' -fobjc-arc -fobjc-weak -fmodules -fno-cxx-modules -gmodules '-fmodules-cache-path=/Users/afraasheriff/Library/Developer/Xcode/DerivedData/ModuleCache.noindex' -fpascal-strings -Os -fno-common '-DNS_BLOCK_ASSERTIONS=1' '-DOBJC_OLD_DISPATCH_PROTOTYPES=0' -isysroot /Applications/Xcode.app/Contents/Developer/Platforms/MacOSX.platform/Developer/SDKs/MacOSX26.1.sdk -g '-fvisibility=hidden' -fvisibility-inlines-hidden -fprofile-instr-generate -fcoverage-mapping -iquote /Users/afraasheriff/Library/Developer/Xcode/DerivedData/Lumen-alopeafjorucwmhfuymhyhjqofhs/Build/Intermediates.noindex/Lumen.build/Release/Lumen.build/Lumen-generated-files.hmap -I/Users/afraasheriff/Library/Developer/Xcode/DerivedData/Lumen-alopeafjorucwmhfuymhyhjqofhs/Build/Intermediates.noindex/Lumen.build/Release/Lumen.build/Lumen-own-target-headers.hmap -I/Users/afraasheriff/Library/Developer/Xcode/DerivedData/Lumen-alopeafjorucwmhfuymhyhjqofhs/Build/Intermediates.noindex/Lumen.build/Release/Lumen.build/Lumen-all-target-headers.hmap -iquote /Users/afraasheriff/Library/Developer/Xcode/DerivedData/Lumen-alopeafjorucwmhfuymhyhjqofhs/Build/Intermediates.noindex/Lumen.build/Release/Lumen.build/Lumen-project-headers.hmap -I/Users/afraasheriff/Library/Developer/Xcode/DerivedData/Lumen-alopeafjorucwmhfuymhyhjqofhs/Build/Products/Release/include -I/opt/homebrew/include -I/Users/afraasheriff/Library/Developer/Xcode/DerivedData/Lumen-alopeafjorucwmhfuymhyhjqofhs/Build/Intermediates.noindex/Lumen.build/Release/Lumen.build/DerivedSources-normal/arm64 -I/Users/afraasheriff/Library/Developer/Xcode/DerivedData/Lumen-alopeafjorucwmhfuymhyhjqofhs/Build/Intermediates.noindex/Lumen.build/Release/Lumen.build/DerivedSources/arm64 -I/Users/afraasheriff/Library/Developer/Xcode/DerivedData/Lumen-alopeafjorucwmhfuymhyhjqofhs/Build/Intermediates.noindex/Lumen.build/Release/Lumen.build/DerivedSources -F/Users/afraasheriff/Library/Developer/Xcode/DerivedData/Lumen-alopeafjorucwmhfuymhyhjqofhs/Build/Products/Release

WriteAuxiliaryFile /Users/afraasheriff/Library/Developer/Xcode/DerivedData/Lumen-alopeafjorucwmhfuymhyhjqofhs/Build/Intermediates.noindex/Lumen.build/Release/Lumen.build/Objects-normal/arm64/Lumen_const_extract_protocols.json (in target 'Lumen' from project 'Lumen')
    cd /Users/afraasheriff/Desktop/Projects_List/Lumen
    write-file /Users/afraasheriff/Library/Developer/Xcode/DerivedData/Lumen-alopeafjorucwmhfuymhyhjqofhs/Build/Intermediates.noindex/Lumen.build/Release/Lumen.build/Objects-normal/arm64/Lumen_const_extract_protocols.json

WriteAuxiliaryFile /Users/afraasheriff/Library/Developer/Xcode/DerivedData/Lumen-alopeafjorucwmhfuymhyhjqofhs/Build/Intermediates.noindex/Lumen.build/Release/Lumen.build/Objects-normal/arm64/Lumen.SwiftFileList (in target 'Lumen' from project 'Lumen')
    cd /Users/afraasheriff/Desktop/Projects_List/Lumen
    write-file /Users/afraasheriff/Library/Developer/Xcode/DerivedData/Lumen-alopeafjorucwmhfuymhyhjqofhs/Build/Intermediates.noindex/Lumen.build/Release/Lumen.build/Objects-normal/arm64/Lumen.SwiftFileList

WriteAuxiliaryFile /Users/afraasheriff/Library/Developer/Xcode/DerivedData/Lumen-alopeafjorucwmhfuymhyhjqofhs/Build/Intermediates.noindex/Lumen.build/Release/Lumen.build/Objects-normal/arm64/Lumen.SwiftConstValuesFileList (in target 'Lumen' from project 'Lumen')
    cd /Users/afraasheriff/Desktop/Projects_List/Lumen
    write-file /Users/afraasheriff/Library/Developer/Xcode/DerivedData/Lumen-alopeafjorucwmhfuymhyhjqofhs/Build/Intermediates.noindex/Lumen.build/Release/Lumen.build/Objects-normal/arm64/Lumen.SwiftConstValuesFileList

WriteAuxiliaryFile /Users/afraasheriff/Library/Developer/Xcode/DerivedData/Lumen-alopeafjorucwmhfuymhyhjqofhs/Build/Intermediates.noindex/Lumen.build/Release/Lumen.build/Objects-normal/arm64/Lumen-OutputFileMap.json (in target 'Lumen' from project 'Lumen')
    cd /Users/afraasheriff/Desktop/Projects_List/Lumen
    write-file /Users/afraasheriff/Library/Developer/Xcode/DerivedData/Lumen-alopeafjorucwmhfuymhyhjqofhs/Build/Intermediates.noindex/Lumen.build/Release/Lumen.build/Objects-normal/arm64/Lumen-OutputFileMap.json

WriteAuxiliaryFile /Users/afraasheriff/Library/Developer/Xcode/DerivedData/Lumen-alopeafjorucwmhfuymhyhjqofhs/Build/Intermediates.noindex/Lumen.build/Release/Lumen.build/Objects-normal/arm64/82b82416624d2658e5098eb0a28c15c5-common-args.resp (in target 'Lumen' from project 'Lumen')
    cd /Users/afraasheriff/Desktop/Projects_List/Lumen
    write-file /Users/afraasheriff/Library/Developer/Xcode/DerivedData/Lumen-alopeafjorucwmhfuymhyhjqofhs/Build/Intermediates.noindex/Lumen.build/Release/Lumen.build/Objects-normal/arm64/82b82416624d2658e5098eb0a28c15c5-common-args.resp
-target arm64-apple-macos26.0 '-std=gnu++20' -fmodules -fno-cxx-modules -gmodules '-fmodules-cache-path=/Users/afraasheriff/Library/Developer/Xcode/DerivedData/ModuleCache.noindex' -fpascal-strings -Os -fno-common -isysroot /Applications/Xcode.app/Contents/Developer/Platforms/MacOSX.platform/Developer/SDKs/MacOSX26.1.sdk -g '-fvisibility=hidden' -fvisibility-inlines-hidden -fprofile-instr-generate -fcoverage-mapping -iquote /Users/afraasheriff/Library/Developer/Xcode/DerivedData/Lumen-alopeafjorucwmhfuymhyhjqofhs/Build/Intermediates.noindex/Lumen.build/Release/Lumen.build/Lumen-generated-files.hmap -I/Users/afraasheriff/Library/Developer/Xcode/DerivedData/Lumen-alopeafjorucwmhfuymhyhjqofhs/Build/Intermediates.noindex/Lumen.build/Release/Lumen.build/Lumen-own-target-headers.hmap -I/Users/afraasheriff/Library/Developer/Xcode/DerivedData/Lumen-alopeafjorucwmhfuymhyhjqofhs/Build/Intermediates.noindex/Lumen.build/Release/Lumen.build/Lumen-all-target-headers.hmap -iquote /Users/afraasheriff/Library/Developer/Xcode/DerivedData/Lumen-alopeafjorucwmhfuymhyhjqofhs/Build/Intermediates.noindex/Lumen.build/Release/Lumen.build/Lumen-project-headers.hmap -I/Users/afraasheriff/Library/Developer/Xcode/DerivedData/Lumen-alopeafjorucwmhfuymhyhjqofhs/Build/Products/Release/include -I/opt/homebrew/include -I/Users/afraasheriff/Library/Developer/Xcode/DerivedData/Lumen-alopeafjorucwmhfuymhyhjqofhs/Build/Intermediates.noindex/Lumen.build/Release/Lumen.build/DerivedSources-normal/arm64 -I/Users/afraasheriff/Library/Developer/Xcode/DerivedData/Lumen-alopeafjorucwmhfuymhyhjqofhs/Build/Intermediates.noindex/Lumen.build/Release/Lumen.build/DerivedSources/arm64 -I/Users/afraasheriff/Library/Developer/Xcode/DerivedData/Lumen-alopeafjorucwmhfuymhyhjqofhs/Build/Intermediates.noindex/Lumen.build/Release/Lumen.build/DerivedSources -F/Users/afraasheriff/Library/Developer/Xcode/DerivedData/Lumen-alopeafjorucwmhfuymhyhjqofhs/Build/Products/Release

WriteAuxiliaryFile /Users/afraasheriff/Library/Developer/Xcode/DerivedData/Lumen-alopeafjorucwmhfuymhyhjqofhs/Build/Intermediates.noindex/Lumen.build/Release/Lumen.build/Lumen.DependencyStaticMetadataFileList (in target 'Lumen' from project 'Lumen')
    cd /Users/afraasheriff/Desktop/Projects_List/Lumen
    write-file /Users/afraasheriff/Library/Developer/Xcode/DerivedData/Lumen-alopeafjorucwmhfuymhyhjqofhs/Build/Intermediates.noindex/Lumen.build/Release/Lumen.build/Lumen.DependencyStaticMetadataFileList

WriteAuxiliaryFile /Users/afraasheriff/Library/Developer/Xcode/DerivedData/Lumen-alopeafjorucwmhfuymhyhjqofhs/Build/Intermediates.noindex/Lumen.build/Release/Lumen.build/Lumen.DependencyMetadataFileList (in target 'Lumen' from project 'Lumen')
    cd /Users/afraasheriff/Desktop/Projects_List/Lumen
    write-file /Users/afraasheriff/Library/Developer/Xcode/DerivedData/Lumen-alopeafjorucwmhfuymhyhjqofhs/Build/Intermediates.noindex/Lumen.build/Release/Lumen.build/Lumen.DependencyMetadataFileList

WriteAuxiliaryFile /Users/afraasheriff/Library/Developer/Xcode/DerivedData/Lumen-alopeafjorucwmhfuymhyhjqofhs/Build/Intermediates.noindex/Lumen.build/Release/Lumen.build/Lumen-own-target-headers.hmap (in target 'Lumen' from project 'Lumen')
    cd /Users/afraasheriff/Desktop/Projects_List/Lumen
    write-file /Users/afraasheriff/Library/Developer/Xcode/DerivedData/Lumen-alopeafjorucwmhfuymhyhjqofhs/Build/Intermediates.noindex/Lumen.build/Release/Lumen.build/Lumen-own-target-headers.hmap

WriteAuxiliaryFile /Users/afraasheriff/Library/Developer/Xcode/DerivedData/Lumen-alopeafjorucwmhfuymhyhjqofhs/Build/Intermediates.noindex/Lumen.build/Release/Lumen.build/Lumen-project-headers.hmap (in target 'Lumen' from project 'Lumen')
    cd /Users/afraasheriff/Desktop/Projects_List/Lumen
    write-file /Users/afraasheriff/Library/Developer/Xcode/DerivedData/Lumen-alopeafjorucwmhfuymhyhjqofhs/Build/Intermediates.noindex/Lumen.build/Release/Lumen.build/Lumen-project-headers.hmap

WriteAuxiliaryFile /Users/afraasheriff/Library/Developer/Xcode/DerivedData/Lumen-alopeafjorucwmhfuymhyhjqofhs/Build/Intermediates.noindex/Lumen.build/Release/Lumen.build/Lumen-generated-files.hmap (in target 'Lumen' from project 'Lumen')
    cd /Users/afraasheriff/Desktop/Projects_List/Lumen
    write-file /Users/afraasheriff/Library/Developer/Xcode/DerivedData/Lumen-alopeafjorucwmhfuymhyhjqofhs/Build/Intermediates.noindex/Lumen.build/Release/Lumen.build/Lumen-generated-files.hmap

WriteAuxiliaryFile /Users/afraasheriff/Library/Developer/Xcode/DerivedData/Lumen-alopeafjorucwmhfuymhyhjqofhs/Build/Intermediates.noindex/Lumen.build/Release/Lumen.build/Lumen-all-target-headers.hmap (in target 'Lumen' from project 'Lumen')
    cd /Users/afraasheriff/Desktop/Projects_List/Lumen
    write-file /Users/afraasheriff/Library/Developer/Xcode/DerivedData/Lumen-alopeafjorucwmhfuymhyhjqofhs/Build/Intermediates.noindex/Lumen.build/Release/Lumen.build/Lumen-all-target-headers.hmap

WriteAuxiliaryFile /Users/afraasheriff/Library/Developer/Xcode/DerivedData/Lumen-alopeafjorucwmhfuymhyhjqofhs/Build/Intermediates.noindex/Lumen.build/Release/Lumen.build/Lumen-all-non-framework-target-headers.hmap (in target 'Lumen' from project 'Lumen')
    cd /Users/afraasheriff/Desktop/Projects_List/Lumen
    write-file /Users/afraasheriff/Library/Developer/Xcode/DerivedData/Lumen-alopeafjorucwmhfuymhyhjqofhs/Build/Intermediates.noindex/Lumen.build/Release/Lumen.build/Lumen-all-non-framework-target-headers.hmap

MkDir /Users/afraasheriff/Library/Developer/Xcode/DerivedData/Lumen-alopeafjorucwmhfuymhyhjqofhs/Build/Products/Release/Lumen.app (in target 'Lumen' from project 'Lumen')
    cd /Users/afraasheriff/Desktop/Projects_List/Lumen
    /bin/mkdir -p /Users/afraasheriff/Library/Developer/Xcode/DerivedData/Lumen-alopeafjorucwmhfuymhyhjqofhs/Build/Products/Release/Lumen.app

WriteAuxiliaryFile /Users/afraasheriff/Library/Developer/Xcode/DerivedData/Lumen-alopeafjorucwmhfuymhyhjqofhs/Build/Intermediates.noindex/Lumen.build/Release/Lumen.build/DerivedSources/Entitlements.plist (in target 'Lumen' from project 'Lumen')
    cd /Users/afraasheriff/Desktop/Projects_List/Lumen
    write-file /Users/afraasheriff/Library/Developer/Xcode/DerivedData/Lumen-alopeafjorucwmhfuymhyhjqofhs/Build/Intermediates.noindex/Lumen.build/Release/Lumen.build/DerivedSources/Entitlements.plist

MkDir /Users/afraasheriff/Library/Developer/Xcode/DerivedData/Lumen-alopeafjorucwmhfuymhyhjqofhs/Build/Products/Release/Lumen.app/Contents (in target 'Lumen' from project 'Lumen')
    cd /Users/afraasheriff/Desktop/Projects_List/Lumen
    /bin/mkdir -p /Users/afraasheriff/Library/Developer/Xcode/DerivedData/Lumen-alopeafjorucwmhfuymhyhjqofhs/Build/Products/Release/Lumen.app/Contents

MkDir /Users/afraasheriff/Library/Developer/Xcode/DerivedData/Lumen-alopeafjorucwmhfuymhyhjqofhs/Build/Products/Release/Lumen.app/Contents/Resources (in target 'Lumen' from project 'Lumen')
    cd /Users/afraasheriff/Desktop/Projects_List/Lumen
    /bin/mkdir -p /Users/afraasheriff/Library/Developer/Xcode/DerivedData/Lumen-alopeafjorucwmhfuymhyhjqofhs/Build/Products/Release/Lumen.app/Contents/Resources

MkDir /Users/afraasheriff/Library/Developer/Xcode/DerivedData/Lumen-alopeafjorucwmhfuymhyhjqofhs/Build/Products/Release/Lumen.app/Contents/MacOS (in target 'Lumen' from project 'Lumen')
    cd /Users/afraasheriff/Desktop/Projects_List/Lumen
    /bin/mkdir -p /Users/afraasheriff/Library/Developer/Xcode/DerivedData/Lumen-alopeafjorucwmhfuymhyhjqofhs/Build/Products/Release/Lumen.app/Contents/MacOS

ProcessProductPackaging "" /Users/afraasheriff/Library/Developer/Xcode/DerivedData/Lumen-alopeafjorucwmhfuymhyhjqofhs/Build/Intermediates.noindex/Lumen.build/Release/Lumen.build/Lumen.app.xcent (in target 'Lumen' from project 'Lumen')
    cd /Users/afraasheriff/Desktop/Projects_List/Lumen
    
    Entitlements:
    
    {
    "com.apple.security.get-task-allow" = 1;
}
    
    builtin-productPackagingUtility -entitlements -format xml -o /Users/afraasheriff/Library/Developer/Xcode/DerivedData/Lumen-alopeafjorucwmhfuymhyhjqofhs/Build/Intermediates.noindex/Lumen.build/Release/Lumen.build/Lumen.app.xcent

ProcessProductPackagingDER /Users/afraasheriff/Library/Developer/Xcode/DerivedData/Lumen-alopeafjorucwmhfuymhyhjqofhs/Build/Intermediates.noindex/Lumen.build/Release/Lumen.build/Lumen.app.xcent /Users/afraasheriff/Library/Developer/Xcode/DerivedData/Lumen-alopeafjorucwmhfuymhyhjqofhs/Build/Intermediates.noindex/Lumen.build/Release/Lumen.build/Lumen.app.xcent.der (in target 'Lumen' from project 'Lumen')
    cd /Users/afraasheriff/Desktop/Projects_List/Lumen
    /usr/bin/derq query -f xml -i /Users/afraasheriff/Library/Developer/Xcode/DerivedData/Lumen-alopeafjorucwmhfuymhyhjqofhs/Build/Intermediates.noindex/Lumen.build/Release/Lumen.build/Lumen.app.xcent -o /Users/afraasheriff/Library/Developer/Xcode/DerivedData/Lumen-alopeafjorucwmhfuymhyhjqofhs/Build/Intermediates.noindex/Lumen.build/Release/Lumen.build/Lumen.app.xcent.der --raw

GenerateAssetSymbols /Users/afraasheriff/Desktop/Projects_List/Lumen/Lumen/Assets.xcassets (in target 'Lumen' from project 'Lumen')
    cd /Users/afraasheriff/Desktop/Projects_List/Lumen
    /Applications/Xcode.app/Contents/Developer/usr/bin/actool /Users/afraasheriff/Desktop/Projects_List/Lumen/Lumen/Assets.xcassets --compile /Users/afraasheriff/Library/Developer/Xcode/DerivedData/Lumen-alopeafjorucwmhfuymhyhjqofhs/Build/Products/Release/Lumen.app/Contents/Resources --output-format human-readable-text --notices --warnings --export-dependency-info /Users/afraasheriff/Library/Developer/Xcode/DerivedData/Lumen-alopeafjorucwmhfuymhyhjqofhs/Build/Intermediates.noindex/Lumen.build/Release/Lumen.build/assetcatalog_dependencies --output-partial-info-plist /Users/afraasheriff/Library/Developer/Xcode/DerivedData/Lumen-alopeafjorucwmhfuymhyhjqofhs/Build/Intermediates.noindex/Lumen.build/Release/Lumen.build/assetcatalog_generated_info.plist --app-icon AppIcon --accent-color AccentColor --enable-on-demand-resources NO --development-region en --target-device mac --minimum-deployment-target 26.0 --platform macosx --bundle-identifier lumen.Lumen --generate-swift-asset-symbols /Users/afraasheriff/Library/Developer/Xcode/DerivedData/Lumen-alopeafjorucwmhfuymhyhjqofhs/Build/Intermediates.noindex/Lumen.build/Release/Lumen.build/DerivedSources/GeneratedAssetSymbols.swift --generate-objc-asset-symbols /Users/afraasheriff/Library/Developer/Xcode/DerivedData/Lumen-alopeafjorucwmhfuymhyhjqofhs/Build/Intermediates.noindex/Lumen.build/Release/Lumen.build/DerivedSources/GeneratedAssetSymbols.h --generate-asset-symbol-index /Users/afraasheriff/Library/Developer/Xcode/DerivedData/Lumen-alopeafjorucwmhfuymhyhjqofhs/Build/Intermediates.noindex/Lumen.build/Release/Lumen.build/DerivedSources/GeneratedAssetSymbols-Index.plist
/* com.apple.actool.compilation-results */
/Users/afraasheriff/Library/Developer/Xcode/DerivedData/Lumen-alopeafjorucwmhfuymhyhjqofhs/Build/Intermediates.noindex/Lumen.build/Release/Lumen.build/DerivedSources/GeneratedAssetSymbols-Index.plist
/Users/afraasheriff/Library/Developer/Xcode/DerivedData/Lumen-alopeafjorucwmhfuymhyhjqofhs/Build/Intermediates.noindex/Lumen.build/Release/Lumen.build/DerivedSources/GeneratedAssetSymbols.h
/Users/afraasheriff/Library/Developer/Xcode/DerivedData/Lumen-alopeafjorucwmhfuymhyhjqofhs/Build/Intermediates.noindex/Lumen.build/Release/Lumen.build/DerivedSources/GeneratedAssetSymbols.swift


CpResource /Users/afraasheriff/Library/Developer/Xcode/DerivedData/Lumen-alopeafjorucwmhfuymhyhjqofhs/Build/Products/Release/Lumen.app/Contents/Resources/iOS_Integration_Plan.md /Users/afraasheriff/Desktop/Projects_List/Lumen/Lumen/iOS_Integration_Plan.md (in target 'Lumen' from project 'Lumen')
    cd /Users/afraasheriff/Desktop/Projects_List/Lumen
    builtin-copy -exclude .DS_Store -exclude CVS -exclude .svn -exclude .git -exclude .hg -resolve-src-symlinks /Users/afraasheriff/Desktop/Projects_List/Lumen/Lumen/iOS_Integration_Plan.md /Users/afraasheriff/Library/Developer/Xcode/DerivedData/Lumen-alopeafjorucwmhfuymhyhjqofhs/Build/Products/Release/Lumen.app/Contents/Resources

CpResource /Users/afraasheriff/Library/Developer/Xcode/DerivedData/Lumen-alopeafjorucwmhfuymhyhjqofhs/Build/Products/Release/Lumen.app/Contents/Resources/build_optimization.log /Users/afraasheriff/Desktop/Projects_List/Lumen/Lumen/build_optimization.log (in target 'Lumen' from project 'Lumen')
    cd /Users/afraasheriff/Desktop/Projects_List/Lumen
    builtin-copy -exclude .DS_Store -exclude CVS -exclude .svn -exclude .git -exclude .hg -resolve-src-symlinks /Users/afraasheriff/Desktop/Projects_List/Lumen/Lumen/build_optimization.log /Users/afraasheriff/Library/Developer/Xcode/DerivedData/Lumen-alopeafjorucwmhfuymhyhjqofhs/Build/Products/Release/Lumen.app/Contents/Resources

MkDir /Users/afraasheriff/Library/Developer/Xcode/DerivedData/Lumen-alopeafjorucwmhfuymhyhjqofhs/Build/Intermediates.noindex/Lumen.build/Release/Lumen.build/assetcatalog_output/thinned (in target 'Lumen' from project 'Lumen')
    cd /Users/afraasheriff/Desktop/Projects_List/Lumen
    /bin/mkdir -p /Users/afraasheriff/Library/Developer/Xcode/DerivedData/Lumen-alopeafjorucwmhfuymhyhjqofhs/Build/Intermediates.noindex/Lumen.build/Release/Lumen.build/assetcatalog_output/thinned

MkDir /Users/afraasheriff/Library/Developer/Xcode/DerivedData/Lumen-alopeafjorucwmhfuymhyhjqofhs/Build/Intermediates.noindex/Lumen.build/Release/Lumen.build/assetcatalog_output/unthinned (in target 'Lumen' from project 'Lumen')
    cd /Users/afraasheriff/Desktop/Projects_List/Lumen
    /bin/mkdir -p /Users/afraasheriff/Library/Developer/Xcode/DerivedData/Lumen-alopeafjorucwmhfuymhyhjqofhs/Build/Intermediates.noindex/Lumen.build/Release/Lumen.build/assetcatalog_output/unthinned

CpResource /Users/afraasheriff/Library/Developer/Xcode/DerivedData/Lumen-alopeafjorucwmhfuymhyhjqofhs/Build/Products/Release/Lumen.app/Contents/Resources/build_log.txt /Users/afraasheriff/Desktop/Projects_List/Lumen/Lumen/build_log.txt (in target 'Lumen' from project 'Lumen')
    cd /Users/afraasheriff/Desktop/Projects_List/Lumen
    builtin-copy -exclude .DS_Store -exclude CVS -exclude .svn -exclude .git -exclude .hg -resolve-src-symlinks /Users/afraasheriff/Desktop/Projects_List/Lumen/Lumen/build_log.txt /Users/afraasheriff/Library/Developer/Xcode/DerivedData/Lumen-alopeafjorucwmhfuymhyhjqofhs/Build/Products/Release/Lumen.app/Contents/Resources

CpResource /Users/afraasheriff/Library/Developer/Xcode/DerivedData/Lumen-alopeafjorucwmhfuymhyhjqofhs/Build/Products/Release/Lumen.app/Contents/Resources/build_dmg.sh /Users/afraasheriff/Desktop/Projects_List/Lumen/Lumen/build_dmg.sh (in target 'Lumen' from project 'Lumen')
    cd /Users/afraasheriff/Desktop/Projects_List/Lumen
    builtin-copy -exclude .DS_Store -exclude CVS -exclude .svn -exclude .git -exclude .hg -resolve-src-symlinks /Users/afraasheriff/Desktop/Projects_List/Lumen/Lumen/build_dmg.sh /Users/afraasheriff/Library/Developer/Xcode/DerivedData/Lumen-alopeafjorucwmhfuymhyhjqofhs/Build/Products/Release/Lumen.app/Contents/Resources

CpResource /Users/afraasheriff/Library/Developer/Xcode/DerivedData/Lumen-alopeafjorucwmhfuymhyhjqofhs/Build/Products/Release/Lumen.app/Contents/Resources/build_debug_final.log /Users/afraasheriff/Desktop/Projects_List/Lumen/Lumen/build_debug_final.log (in target 'Lumen' from project 'Lumen')
    cd /Users/afraasheriff/Desktop/Projects_List/Lumen
    builtin-copy -exclude .DS_Store -exclude CVS -exclude .svn -exclude .git -exclude .hg -resolve-src-symlinks /Users/afraasheriff/Desktop/Projects_List/Lumen/Lumen/build_debug_final.log /Users/afraasheriff/Library/Developer/Xcode/DerivedData/Lumen-alopeafjorucwmhfuymhyhjqofhs/Build/Products/Release/Lumen.app/Contents/Resources

CopyPlistFile /Users/afraasheriff/Library/Developer/Xcode/DerivedData/Lumen-alopeafjorucwmhfuymhyhjqofhs/Build/Products/Release/Lumen.app/Contents/Resources/ExportOptions.plist /Users/afraasheriff/Desktop/Projects_List/Lumen/Lumen/ExportOptions.plist (in target 'Lumen' from project 'Lumen')
    cd /Users/afraasheriff/Desktop/Projects_List/Lumen
    builtin-copyPlist --outdir /Users/afraasheriff/Library/Developer/Xcode/DerivedData/Lumen-alopeafjorucwmhfuymhyhjqofhs/Build/Products/Release/Lumen.app/Contents/Resources -- /Users/afraasheriff/Desktop/Projects_List/Lumen/Lumen/ExportOptions.plist

CompileAssetCatalogVariant thinned /Users/afraasheriff/Library/Developer/Xcode/DerivedData/Lumen-alopeafjorucwmhfuymhyhjqofhs/Build/Products/Release/Lumen.app/Contents/Resources /Users/afraasheriff/Desktop/Projects_List/Lumen/Lumen/Assets.xcassets (in target 'Lumen' from project 'Lumen')
    cd /Users/afraasheriff/Desktop/Projects_List/Lumen
    /Applications/Xcode.app/Contents/Developer/usr/bin/actool /Users/afraasheriff/Desktop/Projects_List/Lumen/Lumen/Assets.xcassets --compile /Users/afraasheriff/Library/Developer/Xcode/DerivedData/Lumen-alopeafjorucwmhfuymhyhjqofhs/Build/Intermediates.noindex/Lumen.build/Release/Lumen.build/assetcatalog_output/thinned --output-format human-readable-text --notices --warnings --export-dependency-info /Users/afraasheriff/Library/Developer/Xcode/DerivedData/Lumen-alopeafjorucwmhfuymhyhjqofhs/Build/Intermediates.noindex/Lumen.build/Release/Lumen.build/assetcatalog_dependencies_thinned --output-partial-info-plist /Users/afraasheriff/Library/Developer/Xcode/DerivedData/Lumen-alopeafjorucwmhfuymhyhjqofhs/Build/Intermediates.noindex/Lumen.build/Release/Lumen.build/assetcatalog_generated_info.plist_thinned --app-icon AppIcon --accent-color AccentColor --enable-on-demand-resources NO --development-region en --target-device mac --minimum-deployment-target 26.0 --platform macosx
/* com.apple.actool.compilation-results */
/Users/afraasheriff/Library/Developer/Xcode/DerivedData/Lumen-alopeafjorucwmhfuymhyhjqofhs/Build/Intermediates.noindex/Lumen.build/Release/Lumen.build/assetcatalog_generated_info.plist_thinned
/Users/afraasheriff/Library/Developer/Xcode/DerivedData/Lumen-alopeafjorucwmhfuymhyhjqofhs/Build/Intermediates.noindex/Lumen.build/Release/Lumen.build/assetcatalog_output/thinned/AppIcon.icns
/Users/afraasheriff/Library/Developer/Xcode/DerivedData/Lumen-alopeafjorucwmhfuymhyhjqofhs/Build/Intermediates.noindex/Lumen.build/Release/Lumen.build/assetcatalog_output/thinned/Assets.car


SwiftDriver Lumen normal arm64 com.apple.xcode.tools.swift.compiler (in target 'Lumen' from project 'Lumen')
    cd /Users/afraasheriff/Desktop/Projects_List/Lumen
    builtin-SwiftDriver -- /Applications/Xcode.app/Contents/Developer/Toolchains/XcodeDefault.xctoolchain/usr/bin/swiftc -module-name Lumen -O -whole-module-optimization -enforce-exclusivity\=checked @/Users/afraasheriff/Library/Developer/Xcode/DerivedData/Lumen-alopeafjorucwmhfuymhyhjqofhs/Build/Intermediates.noindex/Lumen.build/Release/Lumen.build/Objects-normal/arm64/Lumen.SwiftFileList -default-isolation\=MainActor -enable-bare-slash-regex -enable-upcoming-feature DisableOutwardActorInference -enable-upcoming-feature InferSendableFromCaptures -enable-upcoming-feature GlobalActorIsolatedTypesUsability -enable-upcoming-feature MemberImportVisibility -enable-upcoming-feature InferIsolatedConformances -enable-upcoming-feature NonisolatedNonsendingByDefault -enable-experimental-feature DebugDescriptionMacro -sdk /Applications/Xcode.app/Contents/Developer/Platforms/MacOSX.platform/Developer/SDKs/MacOSX26.1.sdk -target arm64-apple-macos26.0 -g -module-cache-path /Users/afraasheriff/Library/Developer/Xcode/DerivedData/ModuleCache.noindex -Xfrontend -serialize-debugging-options -profile-coverage-mapping -profile-generate -swift-version 5 -I /Users/afraasheriff/Library/Developer/Xcode/DerivedData/Lumen-alopeafjorucwmhfuymhyhjqofhs/Build/Products/Release -F /Users/afraasheriff/Library/Developer/Xcode/DerivedData/Lumen-alopeafjorucwmhfuymhyhjqofhs/Build/Products/Release -emit-localized-strings -emit-localized-strings-path /Users/afraasheriff/Library/Developer/Xcode/DerivedData/Lumen-alopeafjorucwmhfuymhyhjqofhs/Build/Intermediates.noindex/Lumen.build/Release/Lumen.build/Objects-normal/arm64 -c -num-threads 10 -Xcc -ivfsstatcache -Xcc /Users/afraasheriff/Library/Developer/Xcode/DerivedData/SDKStatCaches.noindex/macosx26.1-25B74-3885c01c3e6b6a337905948deab2002e3ae1261907bdadc328169391a47051a6.sdkstatcache -output-file-map /Users/afraasheriff/Library/Developer/Xcode/DerivedData/Lumen-alopeafjorucwmhfuymhyhjqofhs/Build/Intermediates.noindex/Lumen.build/Release/Lumen.build/Objects-normal/arm64/Lumen-OutputFileMap.json -use-frontend-parseable-output -save-temps -no-color-diagnostics -explicit-module-build -module-cache-path /Users/afraasheriff/Library/Developer/Xcode/DerivedData/Lumen-alopeafjorucwmhfuymhyhjqofhs/Build/Intermediates.noindex/SwiftExplicitPrecompiledModules -clang-scanner-module-cache-path /Users/afraasheriff/Library/Developer/Xcode/DerivedData/ModuleCache.noindex -sdk-module-cache-path /Users/afraasheriff/Library/Developer/Xcode/DerivedData/ModuleCache.noindex -serialize-diagnostics -emit-dependencies -emit-module -emit-module-path /Users/afraasheriff/Library/Developer/Xcode/DerivedData/Lumen-alopeafjorucwmhfuymhyhjqofhs/Build/Intermediates.noindex/Lumen.build/Release/Lumen.build/Objects-normal/arm64/Lumen.swiftmodule -validate-clang-modules-once -clang-build-session-file /Users/afraasheriff/Library/Developer/Xcode/DerivedData/ModuleCache.noindex/Session.modulevalidation -Xcc -I/Users/afraasheriff/Library/Developer/Xcode/DerivedData/Lumen-alopeafjorucwmhfuymhyhjqofhs/Build/Intermediates.noindex/Lumen.build/Release/Lumen.build/swift-overrides.hmap -emit-const-values -Xfrontend -const-gather-protocols-file -Xfrontend /Users/afraasheriff/Library/Developer/Xcode/DerivedData/Lumen-alopeafjorucwmhfuymhyhjqofhs/Build/Intermediates.noindex/Lumen.build/Release/Lumen.build/Objects-normal/arm64/Lumen_const_extract_protocols.json -Xcc -iquote -Xcc /Users/afraasheriff/Library/Developer/Xcode/DerivedData/Lumen-alopeafjorucwmhfuymhyhjqofhs/Build/Intermediates.noindex/Lumen.build/Release/Lumen.build/Lumen-generated-files.hmap -Xcc -I/Users/afraasheriff/Library/Developer/Xcode/DerivedData/Lumen-alopeafjorucwmhfuymhyhjqofhs/Build/Intermediates.noindex/Lumen.build/Release/Lumen.build/Lumen-own-target-headers.hmap -Xcc -I/Users/afraasheriff/Library/Developer/Xcode/DerivedData/Lumen-alopeafjorucwmhfuymhyhjqofhs/Build/Intermediates.noindex/Lumen.build/Release/Lumen.build/Lumen-all-target-headers.hmap -Xcc -iquote -Xcc /Users/afraasheriff/Library/Developer/Xcode/DerivedData/Lumen-alopeafjorucwmhfuymhyhjqofhs/Build/Intermediates.noindex/Lumen.build/Release/Lumen.build/Lumen-project-headers.hmap -Xcc -I/Users/afraasheriff/Library/Developer/Xcode/DerivedData/Lumen-alopeafjorucwmhfuymhyhjqofhs/Build/Products/Release/include -Xcc -I/opt/homebrew/include -Xcc -I/Users/afraasheriff/Library/Developer/Xcode/DerivedData/Lumen-alopeafjorucwmhfuymhyhjqofhs/Build/Intermediates.noindex/Lumen.build/Release/Lumen.build/DerivedSources-normal/arm64 -Xcc -I/Users/afraasheriff/Library/Developer/Xcode/DerivedData/Lumen-alopeafjorucwmhfuymhyhjqofhs/Build/Intermediates.noindex/Lumen.build/Release/Lumen.build/DerivedSources/arm64 -Xcc -I/Users/afraasheriff/Library/Developer/Xcode/DerivedData/Lumen-alopeafjorucwmhfuymhyhjqofhs/Build/Intermediates.noindex/Lumen.build/Release/Lumen.build/DerivedSources -emit-objc-header -emit-objc-header-path /Users/afraasheriff/Library/Developer/Xcode/DerivedData/Lumen-alopeafjorucwmhfuymhyhjqofhs/Build/Intermediates.noindex/Lumen.build/Release/Lumen.build/Objects-normal/arm64/Lumen-Swift.h -import-objc-header /Users/afraasheriff/Desktop/Projects_List/Lumen/Lumen/Lumen-Bridging-Header.h -working-directory /Users/afraasheriff/Desktop/Projects_List/Lumen -no-emit-module-separately-wmo

SwiftDriver\ Compilation Lumen normal arm64 com.apple.xcode.tools.swift.compiler (in target 'Lumen' from project 'Lumen')
    cd /Users/afraasheriff/Desktop/Projects_List/Lumen
    builtin-Swift-Compilation -- /Applications/Xcode.app/Contents/Developer/Toolchains/XcodeDefault.xctoolchain/usr/bin/swiftc -module-name Lumen -O -whole-module-optimization -enforce-exclusivity\=checked @/Users/afraasheriff/Library/Developer/Xcode/DerivedData/Lumen-alopeafjorucwmhfuymhyhjqofhs/Build/Intermediates.noindex/Lumen.build/Release/Lumen.build/Objects-normal/arm64/Lumen.SwiftFileList -default-isolation\=MainActor -enable-bare-slash-regex -enable-upcoming-feature DisableOutwardActorInference -enable-upcoming-feature InferSendableFromCaptures -enable-upcoming-feature GlobalActorIsolatedTypesUsability -enable-upcoming-feature MemberImportVisibility -enable-upcoming-feature InferIsolatedConformances -enable-upcoming-feature NonisolatedNonsendingByDefault -enable-experimental-feature DebugDescriptionMacro -sdk /Applications/Xcode.app/Contents/Developer/Platforms/MacOSX.platform/Developer/SDKs/MacOSX26.1.sdk -target arm64-apple-macos26.0 -g -module-cache-path /Users/afraasheriff/Library/Developer/Xcode/DerivedData/ModuleCache.noindex -Xfrontend -serialize-debugging-options -profile-coverage-mapping -profile-generate -swift-version 5 -I /Users/afraasheriff/Library/Developer/Xcode/DerivedData/Lumen-alopeafjorucwmhfuymhyhjqofhs/Build/Products/Release -F /Users/afraasheriff/Library/Developer/Xcode/DerivedData/Lumen-alopeafjorucwmhfuymhyhjqofhs/Build/Products/Release -emit-localized-strings -emit-localized-strings-path /Users/afraasheriff/Library/Developer/Xcode/DerivedData/Lumen-alopeafjorucwmhfuymhyhjqofhs/Build/Intermediates.noindex/Lumen.build/Release/Lumen.build/Objects-normal/arm64 -c -num-threads 10 -Xcc -ivfsstatcache -Xcc /Users/afraasheriff/Library/Developer/Xcode/DerivedData/SDKStatCaches.noindex/macosx26.1-25B74-3885c01c3e6b6a337905948deab2002e3ae1261907bdadc328169391a47051a6.sdkstatcache -output-file-map /Users/afraasheriff/Library/Developer/Xcode/DerivedData/Lumen-alopeafjorucwmhfuymhyhjqofhs/Build/Intermediates.noindex/Lumen.build/Release/Lumen.build/Objects-normal/arm64/Lumen-OutputFileMap.json -use-frontend-parseable-output -save-temps -no-color-diagnostics -explicit-module-build -module-cache-path /Users/afraasheriff/Library/Developer/Xcode/DerivedData/Lumen-alopeafjorucwmhfuymhyhjqofhs/Build/Intermediates.noindex/SwiftExplicitPrecompiledModules -clang-scanner-module-cache-path /Users/afraasheriff/Library/Developer/Xcode/DerivedData/ModuleCache.noindex -sdk-module-cache-path /Users/afraasheriff/Library/Developer/Xcode/DerivedData/ModuleCache.noindex -serialize-diagnostics -emit-dependencies -emit-module -emit-module-path /Users/afraasheriff/Library/Developer/Xcode/DerivedData/Lumen-alopeafjorucwmhfuymhyhjqofhs/Build/Intermediates.noindex/Lumen.build/Release/Lumen.build/Objects-normal/arm64/Lumen.swiftmodule -validate-clang-modules-once -clang-build-session-file /Users/afraasheriff/Library/Developer/Xcode/DerivedData/ModuleCache.noindex/Session.modulevalidation -Xcc -I/Users/afraasheriff/Library/Developer/Xcode/DerivedData/Lumen-alopeafjorucwmhfuymhyhjqofhs/Build/Intermediates.noindex/Lumen.build/Release/Lumen.build/swift-overrides.hmap -emit-const-values -Xfrontend -const-gather-protocols-file -Xfrontend /Users/afraasheriff/Library/Developer/Xcode/DerivedData/Lumen-alopeafjorucwmhfuymhyhjqofhs/Build/Intermediates.noindex/Lumen.build/Release/Lumen.build/Objects-normal/arm64/Lumen_const_extract_protocols.json -Xcc -iquote -Xcc /Users/afraasheriff/Library/Developer/Xcode/DerivedData/Lumen-alopeafjorucwmhfuymhyhjqofhs/Build/Intermediates.noindex/Lumen.build/Release/Lumen.build/Lumen-generated-files.hmap -Xcc -I/Users/afraasheriff/Library/Developer/Xcode/DerivedData/Lumen-alopeafjorucwmhfuymhyhjqofhs/Build/Intermediates.noindex/Lumen.build/Release/Lumen.build/Lumen-own-target-headers.hmap -Xcc -I/Users/afraasheriff/Library/Developer/Xcode/DerivedData/Lumen-alopeafjorucwmhfuymhyhjqofhs/Build/Intermediates.noindex/Lumen.build/Release/Lumen.build/Lumen-all-target-headers.hmap -Xcc -iquote -Xcc /Users/afraasheriff/Library/Developer/Xcode/DerivedData/Lumen-alopeafjorucwmhfuymhyhjqofhs/Build/Intermediates.noindex/Lumen.build/Release/Lumen.build/Lumen-project-headers.hmap -Xcc -I/Users/afraasheriff/Library/Developer/Xcode/DerivedData/Lumen-alopeafjorucwmhfuymhyhjqofhs/Build/Products/Release/include -Xcc -I/opt/homebrew/include -Xcc -I/Users/afraasheriff/Library/Developer/Xcode/DerivedData/Lumen-alopeafjorucwmhfuymhyhjqofhs/Build/Intermediates.noindex/Lumen.build/Release/Lumen.build/DerivedSources-normal/arm64 -Xcc -I/Users/afraasheriff/Library/Developer/Xcode/DerivedData/Lumen-alopeafjorucwmhfuymhyhjqofhs/Build/Intermediates.noindex/Lumen.build/Release/Lumen.build/DerivedSources/arm64 -Xcc -I/Users/afraasheriff/Library/Developer/Xcode/DerivedData/Lumen-alopeafjorucwmhfuymhyhjqofhs/Build/Intermediates.noindex/Lumen.build/Release/Lumen.build/DerivedSources -emit-objc-header -emit-objc-header-path /Users/afraasheriff/Library/Developer/Xcode/DerivedData/Lumen-alopeafjorucwmhfuymhyhjqofhs/Build/Intermediates.noindex/Lumen.build/Release/Lumen.build/Objects-normal/arm64/Lumen-Swift.h -import-objc-header /Users/afraasheriff/Desktop/Projects_List/Lumen/Lumen/Lumen-Bridging-Header.h -working-directory /Users/afraasheriff/Desktop/Projects_List/Lumen -no-emit-module-separately-wmo

SwiftGeneratePch normal arm64 Compiling\ bridging\ header (in target 'Lumen' from project 'Lumen')

SwiftDriverJobDiscovery normal arm64 Compiling bridging header (in target 'Lumen' from project 'Lumen')

SwiftCompile normal arm64 Compiling\ ADBService.swift,\ AISearchView.swift,\ BuyMeACoffeeButton.swift,\ ClipboardItem.swift,\ ContentView.swift,\ DeviceManager.swift,\ FileBrowserView.swift,\ FileInfoView.swift,\ FilePromiseHelper.swift,\ FileScanner.swift,\ FileService.swift,\ FileSystemItem.swift,\ GeminiService.swift,\ HoverEffect.swift,\ IconHelper.swift,\ iOSDeviceService.swift,\ LocalFileService.swift,\ LumenApp.swift,\ MainView.swift,\ MTPService.swift,\ SidebarView.swift,\ SortingView.swift,\ TransferManager.swift,\ TransferProgressView.swift,\ TransferProgressWindow.swift,\ GeneratedAssetSymbols.swift /Users/afraasheriff/Desktop/Projects_List/Lumen/Lumen/ADBService.swift /Users/afraasheriff/Desktop/Projects_List/Lumen/Lumen/AISearchView.swift /Users/afraasheriff/Desktop/Projects_List/Lumen/Lumen/BuyMeACoffeeButton.swift /Users/afraasheriff/Desktop/Projects_List/Lumen/Lumen/ClipboardItem.swift /Users/afraasheriff/Desktop/Projects_List/Lumen/Lumen/ContentView.swift /Users/afraasheriff/Desktop/Projects_List/Lumen/Lumen/DeviceManager.swift /Users/afraasheriff/Desktop/Projects_List/Lumen/Lumen/FileBrowserView.swift /Users/afraasheriff/Desktop/Projects_List/Lumen/Lumen/FileInfoView.swift /Users/afraasheriff/Desktop/Projects_List/Lumen/Lumen/FilePromiseHelper.swift /Users/afraasheriff/Desktop/Projects_List/Lumen/Lumen/FileScanner.swift /Users/afraasheriff/Desktop/Projects_List/Lumen/Lumen/FileService.swift /Users/afraasheriff/Desktop/Projects_List/Lumen/Lumen/FileSystemItem.swift /Users/afraasheriff/Desktop/Projects_List/Lumen/Lumen/GeminiService.swift /Users/afraasheriff/Desktop/Projects_List/Lumen/Lumen/HoverEffect.swift /Users/afraasheriff/Desktop/Projects_List/Lumen/Lumen/IconHelper.swift /Users/afraasheriff/Desktop/Projects_List/Lumen/Lumen/iOSDeviceService.swift /Users/afraasheriff/Desktop/Projects_List/Lumen/Lumen/LocalFileService.swift /Users/afraasheriff/Desktop/Projects_List/Lumen/Lumen/LumenApp.swift /Users/afraasheriff/Desktop/Projects_List/Lumen/Lumen/MainView.swift /Users/afraasheriff/Desktop/Projects_List/Lumen/Lumen/MTPService.swift /Users/afraasheriff/Desktop/Projects_List/Lumen/Lumen/SidebarView.swift /Users/afraasheriff/Desktop/Projects_List/Lumen/Lumen/SortingView.swift /Users/afraasheriff/Desktop/Projects_List/Lumen/Lumen/TransferManager.swift /Users/afraasheriff/Desktop/Projects_List/Lumen/Lumen/TransferProgressView.swift /Users/afraasheriff/Desktop/Projects_List/Lumen/Lumen/TransferProgressWindow.swift /Users/afraasheriff/Library/Developer/Xcode/DerivedData/Lumen-alopeafjorucwmhfuymhyhjqofhs/Build/Intermediates.noindex/Lumen.build/Release/Lumen.build/DerivedSources/GeneratedAssetSymbols.swift /Applications/Xcode.app/Contents/Developer/Toolchains/XcodeDefault.xctoolchain/usr/lib/swift/macosx/prebuilt-modules/26.1/UniformTypeIdentifiers.swiftmodule/arm64e-apple-macos.swiftmodule /Applications/Xcode.app/Contents/Developer/Toolchains/XcodeDefault.xctoolchain/usr/lib/swift/macosx/prebuilt-modules/26.1/Metal.swiftmodule/arm64e-apple-macos.swiftmodule /Applications/Xcode.app/Contents/Developer/Toolchains/XcodeDefault.xctoolchain/usr/lib/swift/macosx/prebuilt-modules/26.1/Spatial.swiftmodule/arm64e-apple-macos.swiftmodule /Applications/Xcode.app/Contents/Developer/Toolchains/XcodeDefault.xctoolchain/usr/lib/swift/macosx/prebuilt-modules/26.1/QuartzCore.swiftmodule/arm64e-apple-macos.swiftmodule /Applications/Xcode.app/Contents/Developer/Toolchains/XcodeDefault.xctoolchain/usr/lib/swift/macosx/prebuilt-modules/26.1/Darwin.swiftmodule/arm64e-apple-macos.swiftmodule /Applications/Xcode.app/Contents/Developer/Toolchains/XcodeDefault.xctoolchain/usr/lib/swift/macosx/prebuilt-modules/26.1/Combine.swiftmodule/arm64e-apple-macos.swiftmodule /Applications/Xcode.app/Contents/Developer/Toolchains/XcodeDefault.xctoolchain/usr/lib/swift/macosx/prebuilt-modules/26.1/CoreText.swiftmodule/arm64e-apple-macos.swiftmodule /Applications/Xcode.app/Contents/Developer/Toolchains/XcodeDefault.xctoolchain/usr/lib/swift/macosx/prebuilt-modules/26.1/ObjectiveC.swiftmodule/arm64e-apple-macos.swiftmodule /Applications/Xcode.app/Contents/Developer/Toolchains/XcodeDefault.xctoolchain/usr/lib/swift/macosx/prebuilt-modules/26.1/os.swiftmodule/arm64e-apple-macos.swiftmodule /Applications/Xcode.app/Contents/Developer/Toolchains/XcodeDefault.xctoolchain/usr/lib/swift/macosx/prebuilt-modules/26.1/AppKit.swiftmodule/arm64e-apple-macos.swiftmodule /Applications/Xcode.app/Contents/Developer/Toolchains/XcodeDefault.xctoolchain/usr/lib/swift/macosx/prebuilt-modules/26.1/CoreTransferable.swiftmodule/arm64e-apple-macos.swiftmodule /Applications/Xcode.app/Contents/Developer/Toolchains/XcodeDefault.xctoolchain/usr/lib/swift/macosx/prebuilt-modules/26.1/Swift.swiftmodule/arm64e-apple-macos.swiftmodule /Applications/Xcode.app/Contents/Developer/Toolchains/XcodeDefault.xctoolchain/usr/lib/swift/macosx/prebuilt-modules/26.1/Dispatch.swiftmodule/arm64e-apple-macos.swiftmodule /Applications/Xcode.app/Contents/Developer/Toolchains/XcodeDefault.xctoolchain/usr/lib/swift/macosx/prebuilt-modules/26.1/CoreFoundation.swiftmodule/arm64e-apple-macos.swiftmodule /Applications/Xcode.app/Contents/Developer/Toolchains/XcodeDefault.xctoolchain/usr/lib/swift/macosx/prebuilt-modules/26.1/Observation.swiftmodule/arm64e-apple-macos.swiftmodule /Applications/Xcode.app/Contents/Developer/Toolchains/XcodeDefault.xctoolchain/usr/lib/swift/macosx/prebuilt-modules/26.1/_DarwinFoundation2.swiftmodule/arm64e-apple-macos.swiftmodule /Applications/Xcode.app/Contents/Developer/Toolchains/XcodeDefault.xctoolchain/usr/lib/swift/macosx/prebuilt-modules/26.1/XPC.swiftmodule/arm64e-apple-macos.swiftmodule /Applications/Xcode.app/Contents/Developer/Toolchains/XcodeDefault.xctoolchain/usr/lib/swift/macosx/prebuilt-modules/26.1/_DarwinFoundation1.swiftmodule/arm64e-apple-macos.swiftmodule /Applications/Xcode.app/Contents/Developer/Toolchains/XcodeDefault.xctoolchain/usr/lib/swift/macosx/prebuilt-modules/26.1/CoreImage.swiftmodule/arm64e-apple-macos.swiftmodule /Applications/Xcode.app/Contents/Developer/Toolchains/XcodeDefault.xctoolchain/usr/lib/swift/macosx/prebuilt-modules/26.1/simd.swiftmodule/arm64e-apple-macos.swiftmodule /Applications/Xcode.app/Contents/Developer/Toolchains/XcodeDefault.xctoolchain/usr/lib/swift/macosx/prebuilt-modules/26.1/_DarwinFoundation3.swiftmodule/arm64e-apple-macos.swiftmodule /Applications/Xcode.app/Contents/Developer/Toolchains/XcodeDefault.xctoolchain/usr/lib/swift/macosx/prebuilt-modules/26.1/Symbols.swiftmodule/arm64e-apple-macos.swiftmodule /Applications/Xcode.app/Contents/Developer/Toolchains/XcodeDefault.xctoolchain/usr/lib/swift/macosx/prebuilt-modules/26.1/CoreData.swiftmodule/arm64e-apple-macos.swiftmodule /Applications/Xcode.app/Contents/Developer/Toolchains/XcodeDefault.xctoolchain/usr/lib/swift/macosx/prebuilt-modules/26.1/System.swiftmodule/arm64e-apple-macos.swiftmodule /Applications/Xcode.app/Contents/Developer/Toolchains/XcodeDefault.xctoolchain/usr/lib/swift/macosx/prebuilt-modules/26.1/OSLog.swiftmodule/arm64e-apple-macos.swiftmodule /Applications/Xcode.app/Contents/Developer/Toolchains/XcodeDefault.xctoolchain/usr/lib/swift/macosx/prebuilt-modules/26.1/IOKit.swiftmodule/arm64e-apple-macos.swiftmodule /Applications/Xcode.app/Contents/Developer/Toolchains/XcodeDefault.xctoolchain/usr/lib/swift/macosx/prebuilt-modules/26.1/_Concurrency.swiftmodule/arm64e-apple-macos.swiftmodule /Applications/Xcode.app/Contents/Developer/Toolchains/XcodeDefault.xctoolchain/usr/lib/swift/macosx/prebuilt-modules/26.1/DeveloperToolsSupport.swiftmodule/arm64e-apple-macos.swiftmodule /Applications/Xcode.app/Contents/Developer/Toolchains/XcodeDefault.xctoolchain/usr/lib/swift/macosx/prebuilt-modules/26.1/_StringProcessing.swiftmodule/arm64e-apple-macos.swiftmodule /Applications/Xcode.app/Contents/Developer/Toolchains/XcodeDefault.xctoolchain/usr/lib/swift/macosx/prebuilt-modules/26.1/Foundation.swiftmodule/arm64e-apple-macos.swiftmodule /Applications/Xcode.app/Contents/Developer/Toolchains/XcodeDefault.xctoolchain/usr/lib/swift/macosx/prebuilt-modules/26.1/CoreVideo.swiftmodule/arm64e-apple-macos.swiftmodule /Applications/Xcode.app/Contents/Developer/Toolchains/XcodeDefault.xctoolchain/usr/lib/swift/macosx/prebuilt-modules/26.1/CoreGraphics.swiftmodule/arm64e-apple-macos.swiftmodule /Applications/Xcode.app/Contents/Developer/Toolchains/XcodeDefault.xctoolchain/usr/lib/swift/macosx/prebuilt-modules/26.1/SwiftUICore.swiftmodule/arm64e-apple-macos.swiftmodule /Applications/Xcode.app/Contents/Developer/Toolchains/XcodeDefault.xctoolchain/usr/lib/swift/macosx/prebuilt-modules/26.1/_Builtin_float.swiftmodule/arm64e-apple-macos.swiftmodule /Applications/Xcode.app/Contents/Developer/Toolchains/XcodeDefault.xctoolchain/usr/lib/swift/macosx/prebuilt-modules/26.1/Accessibility.swiftmodule/arm64e-apple-macos.swiftmodule /Applications/Xcode.app/Contents/Developer/Toolchains/XcodeDefault.xctoolchain/usr/lib/swift/macosx/prebuilt-modules/26.1/DataDetection.swiftmodule/arm64e-apple-macos.swiftmodule /Applications/Xcode.app/Contents/Developer/Toolchains/XcodeDefault.xctoolchain/usr/lib/swift/macosx/prebuilt-modules/26.1/SwiftUI.swiftmodule/arm64e-apple-macos.swiftmodule /Users/afraasheriff/Library/Developer/Xcode/DerivedData/ModuleCache.noindex/DiskArbitration-CYVH0GHK3UZ37K6L2KK0T1MIH.pcm /Users/afraasheriff/Library/Developer/Xcode/DerivedData/ModuleCache.noindex/ImageIO-9KL5UWGFE84ENB7RDY639I231.pcm /Users/afraasheriff/Library/Developer/Xcode/DerivedData/ModuleCache.noindex/Symbols-47QWILW5B1G3ST7FX27Y5KGKX.pcm /Users/afraasheriff/Library/Developer/Xcode/DerivedData/ModuleCache.noindex/_Builtin_stdatomic-57459DUX0P8XK0Y2A8C392VW9.pcm /Users/afraasheriff/Library/Developer/Xcode/DerivedData/ModuleCache.noindex/_Builtin_stdarg-BOV8OVPHJ3SZPNI5XSW9A8LAJ.pcm /Users/afraasheriff/Library/Developer/Xcode/DerivedData/ModuleCache.noindex/_Builtin_limits-DJL5CP7ZRLVTDUPDT60I7HMLP.pcm /Users/afraasheriff/Library/Developer/Xcode/DerivedData/ModuleCache.noindex/os-E5YEZ7HX052VGP8ZKYDC2G8QR.pcm /Users/afraasheriff/Library/Developer/Xcode/DerivedData/ModuleCache.noindex/Darwin-6P82YEDY1956Q9RIBVJMX0G20.pcm /Users/afraasheriff/Library/Developer/Xcode/DerivedData/ModuleCache.noindex/_DarwinFoundation2-5J1LGJGIDL13T8RDXISWLACBB.pcm /Users/afraasheriff/Library/Developer/Xcode/DerivedData/ModuleCache.noindex/launch-BT3YMOKE1YZ57999YVST1AXRF.pcm /Users/afraasheriff/Library/Developer/Xcode/DerivedData/ModuleCache.noindex/Foundation-82DA65DS5548UZAOOGV4PPH1T.pcm /Users/afraasheriff/Library/Developer/Xcode/DerivedData/ModuleCache.noindex/CoreVideo-DC8HCNRG6YX5SL1DA1AZAYHYU.pcm /Users/afraasheriff/Library/Developer/Xcode/DerivedData/ModuleCache.noindex/UniformTypeIdentifiers-DEEANJRF2P4C2J4DLNXNSWKTE.pcm /Users/afraasheriff/Library/Developer/Xcode/DerivedData/ModuleCache.noindex/Accessibility-C7T7NQT20D7WHC10WGECNPQO3.pcm /Users/afraasheriff/Library/Developer/Xcode/DerivedData/ModuleCache.noindex/Dispatch-KFUAWKKTYQJV5HSKZZMCM575.pcm /Users/afraasheriff/Library/Developer/Xcode/DerivedData/ModuleCache.noindex/ApplicationServices-8E4C3AOK87C3OG7BX2Q94O77B.pcm /Users/afraasheriff/Library/Developer/Xcode/DerivedData/ModuleCache.noindex/IOSurface-B3T37TPZK3E3RWX12FGZWH5TK.pcm /Users/afraasheriff/Library/Developer/Xcode/DerivedData/ModuleCache.noindex/CFNetwork-IUXUKGXD3GQC1KKTWD4H0R4O.pcm /Users/afraasheriff/Library/Developer/Xcode/DerivedData/ModuleCache.noindex/Metal-9HQUOLEJ9FOPBI89KLGA0KHDD.pcm /Users/afraasheriff/Library/Developer/Xcode/DerivedData/ModuleCache.noindex/_SwiftConcurrencyShims-23VY7UHAVPCT92Q9T147Z5WYO.pcm /Users/afraasheriff/Library/Developer/Xcode/DerivedData/ModuleCache.noindex/DeveloperToolsSupport-EPZXKAKN5V5JXUHR0TRLI18E7.pcm /Users/afraasheriff/Library/Developer/Xcode/DerivedData/ModuleCache.noindex/_Builtin_intrinsics-6S5HGEJI3PZ21F6D1S25WJLG7.pcm /Users/afraasheriff/Library/Developer/Xcode/DerivedData/ModuleCache.noindex/Spatial-4Q08A2BF5IRYBYCW4Y9OD2ITX.pcm /Users/afraasheriff/Library/Developer/Xcode/DerivedData/ModuleCache.noindex/_Builtin_stddef-AEDUCJ53BORBDG290QN0NB12V.pcm /Users/afraasheriff/Library/Developer/Xcode/DerivedData/ModuleCache.noindex/libkern-7YV0RJY4ONLF22PE5LTEWEHXH.pcm /Users/afraasheriff/Library/Developer/Xcode/DerivedData/ModuleCache.noindex/QuartzCore-5WCJL823HL5SNKDA8UR92684J.pcm /Users/afraasheriff/Library/Developer/Xcode/DerivedData/ModuleCache.noindex/XPC-8E17ETDNZLSTN061FVERNMTPM.pcm /Users/afraasheriff/Library/Developer/Xcode/DerivedData/ModuleCache.noindex/CoreFoundation-CN4IXMK3FEJQGS6RS69ZZ6API.pcm /Users/afraasheriff/Library/Developer/Xcode/DerivedData/ModuleCache.noindex/_Builtin_stdbool-C11NG3BS8LVO6UHM4LUV1I05K.pcm /Users/afraasheriff/Library/Developer/Xcode/DerivedData/ModuleCache.noindex/simd-2ZUEVC94Q0E5DOO98VV8ZUXXC.pcm /Users/afraasheriff/Library/Developer/Xcode/DerivedData/ModuleCache.noindex/_Builtin_inttypes-9QQ14QNV76H1B8CJ5VOQ2PIH9.pcm /Users/afraasheriff/Library/Developer/Xcode/DerivedData/ModuleCache.noindex/OpenGL-9SW6LUQO76N3QMMSPJAM46H9N.pcm /Users/afraasheriff/Library/Developer/Xcode/DerivedData/ModuleCache.noindex/DataDetection-DYKI9CA87MS9TDGNKL9BZGLMN.pcm /Users/afraasheriff/Library/Developer/Xcode/DerivedData/ModuleCache.noindex/IOKit-C505DWSEB3KD65RDT1568E6U8.pcm /Users/afraasheriff/Library/Developer/Xcode/DerivedData/ModuleCache.noindex/_AvailabilityInternal-8U6YOMOHPKPVV077WIWKF24GZ.pcm /Users/afraasheriff/Library/Developer/Xcode/DerivedData/ModuleCache.noindex/AppKit-AL6MOB4O7196JYZOB29WWWSS4.pcm /Users/afraasheriff/Library/Developer/Xcode/DerivedData/ModuleCache.noindex/OSLog-78GIHTZZYGAU5WVQR5CWH6MPQ.pcm /Users/afraasheriff/Library/Developer/Xcode/DerivedData/ModuleCache.noindex/CoreImage-1M9DNGQJBQHMHA41JPC100TW8.pcm /Users/afraasheriff/Library/Developer/Xcode/DerivedData/ModuleCache.noindex/CUPS-9P8RTIGMPZ2KEA7VIBFVV68L5.pcm /Users/afraasheriff/Library/Developer/Xcode/DerivedData/ModuleCache.noindex/CoreData-1SOI34L4R2XU4D2TXSR225AJH.pcm /Users/afraasheriff/Library/Developer/Xcode/DerivedData/ModuleCache.noindex/Security-763PDO5LNK8V2LKY0P6RWPTCR.pcm /Users/afraasheriff/Library/Developer/Xcode/DerivedData/ModuleCache.noindex/SwiftUICore-46Z053DQPGJYL1HPRORQXAKWP.pcm /Users/afraasheriff/Library/Developer/Xcode/DerivedData/ModuleCache.noindex/CoreText-AL4I6D43A3NDIP5YSBGM63MKK.pcm /Users/afraasheriff/Library/Developer/Xcode/DerivedData/ModuleCache.noindex/libDER-2E337P1M9H781ZP11EP2FOUYD.pcm /Users/afraasheriff/Library/Developer/Xcode/DerivedData/ModuleCache.noindex/_Builtin_stdint-EENJLF0B7XOZ531G3QNQQFJT0.pcm /Users/afraasheriff/Library/Developer/Xcode/DerivedData/ModuleCache.noindex/_Builtin_tgmath-D70TA9UVMNNO9AP78ND6JH.pcm /Users/afraasheriff/Library/Developer/Xcode/DerivedData/ModuleCache.noindex/ObjectiveC-DSAZ5RG9G65XAL2US6OM363D9.pcm /Users/afraasheriff/Library/Developer/Xcode/DerivedData/ModuleCache.noindex/os_object-44QGJUYGJVHABDFN5WDZPR2NK.pcm /Users/afraasheriff/Library/Developer/Xcode/DerivedData/ModuleCache.noindex/CoreGraphics-B53485N0MC8E1UHX4BH7AK42H.pcm /Users/afraasheriff/Library/Developer/Xcode/DerivedData/ModuleCache.noindex/SwiftUI-94I0KP6K0OKEGRM0J6WZQYJFV.pcm /Users/afraasheriff/Library/Developer/Xcode/DerivedData/ModuleCache.noindex/os_workgroup-B9VMSZY5LVMQFYY3W9SNAQ5EU.pcm /Users/afraasheriff/Library/Developer/Xcode/DerivedData/ModuleCache.noindex/SwiftShims-CTFT7IXB95VUF9P5B96EYTA6Z.pcm /Users/afraasheriff/Library/Developer/Xcode/DerivedData/ModuleCache.noindex/CoreTransferable-3CUCG25P7N4Z6MYHQJXSKAPYS.pcm /Users/afraasheriff/Library/Developer/Xcode/DerivedData/ModuleCache.noindex/_Builtin_float-7ER17486ZPEAEPOQ176AXXPHR.pcm /Users/afraasheriff/Library/Developer/Xcode/DerivedData/ModuleCache.noindex/ptrcheck-9BTIJ530BZBQQA95PANJ0LBP.pcm /Users/afraasheriff/Library/Developer/Xcode/DerivedData/ModuleCache.noindex/ptrauth-9AAMOISERK6TN6URLVDXREO5J.pcm /Users/afraasheriff/Library/Developer/Xcode/DerivedData/ModuleCache.noindex/CoreServices-1APX6JJIQT9ASF5X332TXCOOF.pcm /Users/afraasheriff/Library/Developer/Xcode/DerivedData/ModuleCache.noindex/ColorSync-918NMXG0FHUXU8DQ476NPB36Z.pcm /Users/afraasheriff/Library/Developer/Xcode/DerivedData/ModuleCache.noindex/sys_types-ECNV03SY6G54NU2XKLJM4BHSB.pcm /Users/afraasheriff/Library/Developer/Xcode/DerivedData/ModuleCache.noindex/_DarwinFoundation3-EQQLCAWMCWNEI3NI93TC4N5QC.pcm /Users/afraasheriff/Library/Developer/Xcode/DerivedData/ModuleCache.noindex/MachO-BP4JP74F3JK2MQ0K60ADHTQAN.pcm /Users/afraasheriff/Library/Developer/Xcode/DerivedData/ModuleCache.noindex/_DarwinFoundation1-EWUD4EX07GEY4JL5DZQAMI65F.pcm /Users/afraasheriff/Library/Developer/Xcode/DerivedData/Lumen-alopeafjorucwmhfuymhyhjqofhs/Build/Intermediates.noindex/Lumen.build/Release/Lumen.build/Objects-normal/arm64/Lumen-dependencies-1.json /Users/afraasheriff/Library/Developer/Xcode/DerivedData/Lumen-alopeafjorucwmhfuymhyhjqofhs/Build/Intermediates.noindex/Lumen.build/Release/Lumen.build/Objects-normal/arm64/Lumen-primary-Bridging-header.pch (in target 'Lumen' from project 'Lumen')

CompileSwift normal arm64 (in target 'Lumen' from project 'Lumen')
    cd /Users/afraasheriff/Desktop/Projects_List/Lumen
    
/Users/afraasheriff/Desktop/Projects_List/Lumen/Lumen/ADBService.swift:68:22: warning: result of call to 'runADBCommand(_:progressHandler:)' is unused
            try self.runADBCommand(["pull", "-p", path, localURL.path]) { line in
                     ^            ~~~~~~~~~~~~~~~~~~~~~~~~~~~~~~~~~~~~~~~~~~~~~~~
/Users/afraasheriff/Desktop/Projects_List/Lumen/Lumen/ADBService.swift:100:22: warning: result of call to 'runADBCommand(_:progressHandler:)' is unused
            try self.runADBCommand(["push", "-p", localURL.path, path]) { line in
                     ^            ~~~~~~~~~~~~~~~~~~~~~~~~~~~~~~~~~~~~~~~~~~~~~~~
/Users/afraasheriff/Desktop/Projects_List/Lumen/Lumen/ADBService.swift:144:25: warning: mutation of captured var 'fullOutput' in concurrently-executing code; this is an error in the Swift 6 language mode
                        fullOutput += str
                        ^
/Users/afraasheriff/Desktop/Projects_List/Lumen/Lumen/LumenApp.swift:50:14: warning: 'onChange(of:perform:)' was deprecated in macOS 14.0: Use `onChange` with a two or zero parameter action closure instead.
            .onChange(of: transferManager.isTransferring) { isTransferring in
             ^
/Users/afraasheriff/Desktop/Projects_List/Lumen/Lumen/TransferProgressWindow.swift:31:10: warning: 'onChange(of:perform:)' was deprecated in macOS 14.0: Use `onChange` with a two or zero parameter action closure instead.
        .onChange(of: transferManager.isTransferring) { isTransferring in
         ^

LinkAssetCatalog /Users/afraasheriff/Desktop/Projects_List/Lumen/Lumen/Assets.xcassets (in target 'Lumen' from project 'Lumen')
    cd /Users/afraasheriff/Desktop/Projects_List/Lumen
    builtin-linkAssetCatalog --thinned /Users/afraasheriff/Library/Developer/Xcode/DerivedData/Lumen-alopeafjorucwmhfuymhyhjqofhs/Build/Intermediates.noindex/Lumen.build/Release/Lumen.build/assetcatalog_output/thinned --thinned-dependencies /Users/afraasheriff/Library/Developer/Xcode/DerivedData/Lumen-alopeafjorucwmhfuymhyhjqofhs/Build/Intermediates.noindex/Lumen.build/Release/Lumen.build/assetcatalog_dependencies_thinned --thinned-info-plist-content /Users/afraasheriff/Library/Developer/Xcode/DerivedData/Lumen-alopeafjorucwmhfuymhyhjqofhs/Build/Intermediates.noindex/Lumen.build/Release/Lumen.build/assetcatalog_generated_info.plist_thinned --unthinned /Users/afraasheriff/Library/Developer/Xcode/DerivedData/Lumen-alopeafjorucwmhfuymhyhjqofhs/Build/Intermediates.noindex/Lumen.build/Release/Lumen.build/assetcatalog_output/unthinned --unthinned-dependencies /Users/afraasheriff/Library/Developer/Xcode/DerivedData/Lumen-alopeafjorucwmhfuymhyhjqofhs/Build/Intermediates.noindex/Lumen.build/Release/Lumen.build/assetcatalog_dependencies_unthinned --unthinned-info-plist-content /Users/afraasheriff/Library/Developer/Xcode/DerivedData/Lumen-alopeafjorucwmhfuymhyhjqofhs/Build/Intermediates.noindex/Lumen.build/Release/Lumen.build/assetcatalog_generated_info.plist_unthinned --output /Users/afraasheriff/Library/Developer/Xcode/DerivedData/Lumen-alopeafjorucwmhfuymhyhjqofhs/Build/Products/Release/Lumen.app/Contents/Resources --plist-output /Users/afraasheriff/Library/Developer/Xcode/DerivedData/Lumen-alopeafjorucwmhfuymhyhjqofhs/Build/Intermediates.noindex/Lumen.build/Release/Lumen.build/assetcatalog_generated_info.plist
note: Emplaced /Users/afraasheriff/Library/Developer/Xcode/DerivedData/Lumen-alopeafjorucwmhfuymhyhjqofhs/Build/Products/Release/Lumen.app/Contents/Resources/Assets.car (in target 'Lumen' from project 'Lumen')
note: Emplaced /Users/afraasheriff/Library/Developer/Xcode/DerivedData/Lumen-alopeafjorucwmhfuymhyhjqofhs/Build/Products/Release/Lumen.app/Contents/Resources/AppIcon.icns (in target 'Lumen' from project 'Lumen')

ProcessInfoPlistFile /Users/afraasheriff/Library/Developer/Xcode/DerivedData/Lumen-alopeafjorucwmhfuymhyhjqofhs/Build/Products/Release/Lumen.app/Contents/Info.plist /Users/afraasheriff/Library/Developer/Xcode/DerivedData/Lumen-alopeafjorucwmhfuymhyhjqofhs/Build/Intermediates.noindex/Lumen.build/Release/Lumen.build/empty-Lumen.plist (in target 'Lumen' from project 'Lumen')
    cd /Users/afraasheriff/Desktop/Projects_List/Lumen
    builtin-infoPlistUtility /Users/afraasheriff/Library/Developer/Xcode/DerivedData/Lumen-alopeafjorucwmhfuymhyhjqofhs/Build/Intermediates.noindex/Lumen.build/Release/Lumen.build/empty-Lumen.plist -producttype com.apple.product-type.application -genpkginfo /Users/afraasheriff/Library/Developer/Xcode/DerivedData/Lumen-alopeafjorucwmhfuymhyhjqofhs/Build/Products/Release/Lumen.app/Contents/PkgInfo -expandbuildsettings -platform macosx -additionalcontentfile /Users/afraasheriff/Library/Developer/Xcode/DerivedData/Lumen-alopeafjorucwmhfuymhyhjqofhs/Build/Intermediates.noindex/Lumen.build/Release/Lumen.build/assetcatalog_generated_info.plist -o /Users/afraasheriff/Library/Developer/Xcode/DerivedData/Lumen-alopeafjorucwmhfuymhyhjqofhs/Build/Products/Release/Lumen.app/Contents/Info.plist

SwiftDriverJobDiscovery normal arm64 Compiling ADBService.swift, AISearchView.swift, BuyMeACoffeeButton.swift, ClipboardItem.swift, ContentView.swift, DeviceManager.swift, FileBrowserView.swift, FileInfoView.swift, FilePromiseHelper.swift, FileScanner.swift, FileService.swift, FileSystemItem.swift, GeminiService.swift, HoverEffect.swift, IconHelper.swift, iOSDeviceService.swift, LocalFileService.swift, LumenApp.swift, MainView.swift, MTPService.swift, SidebarView.swift, SortingView.swift, TransferManager.swift, TransferProgressView.swift, TransferProgressWindow.swift, GeneratedAssetSymbols.swift (in target 'Lumen' from project 'Lumen')

SwiftDriver\ Compilation\ Requirements Lumen normal arm64 com.apple.xcode.tools.swift.compiler (in target 'Lumen' from project 'Lumen')
    cd /Users/afraasheriff/Desktop/Projects_List/Lumen
    builtin-Swift-Compilation-Requirements -- /Applications/Xcode.app/Contents/Developer/Toolchains/XcodeDefault.xctoolchain/usr/bin/swiftc -module-name Lumen -O -whole-module-optimization -enforce-exclusivity\=checked @/Users/afraasheriff/Library/Developer/Xcode/DerivedData/Lumen-alopeafjorucwmhfuymhyhjqofhs/Build/Intermediates.noindex/Lumen.build/Release/Lumen.build/Objects-normal/arm64/Lumen.SwiftFileList -default-isolation\=MainActor -enable-bare-slash-regex -enable-upcoming-feature DisableOutwardActorInference -enable-upcoming-feature InferSendableFromCaptures -enable-upcoming-feature GlobalActorIsolatedTypesUsability -enable-upcoming-feature MemberImportVisibility -enable-upcoming-feature InferIsolatedConformances -enable-upcoming-feature NonisolatedNonsendingByDefault -enable-experimental-feature DebugDescriptionMacro -sdk /Applications/Xcode.app/Contents/Developer/Platforms/MacOSX.platform/Developer/SDKs/MacOSX26.1.sdk -target arm64-apple-macos26.0 -g -module-cache-path /Users/afraasheriff/Library/Developer/Xcode/DerivedData/ModuleCache.noindex -Xfrontend -serialize-debugging-options -profile-coverage-mapping -profile-generate -swift-version 5 -I /Users/afraasheriff/Library/Developer/Xcode/DerivedData/Lumen-alopeafjorucwmhfuymhyhjqofhs/Build/Products/Release -F /Users/afraasheriff/Library/Developer/Xcode/DerivedData/Lumen-alopeafjorucwmhfuymhyhjqofhs/Build/Products/Release -emit-localized-strings -emit-localized-strings-path /Users/afraasheriff/Library/Developer/Xcode/DerivedData/Lumen-alopeafjorucwmhfuymhyhjqofhs/Build/Intermediates.noindex/Lumen.build/Release/Lumen.build/Objects-normal/arm64 -c -num-threads 10 -Xcc -ivfsstatcache -Xcc /Users/afraasheriff/Library/Developer/Xcode/DerivedData/SDKStatCaches.noindex/macosx26.1-25B74-3885c01c3e6b6a337905948deab2002e3ae1261907bdadc328169391a47051a6.sdkstatcache -output-file-map /Users/afraasheriff/Library/Developer/Xcode/DerivedData/Lumen-alopeafjorucwmhfuymhyhjqofhs/Build/Intermediates.noindex/Lumen.build/Release/Lumen.build/Objects-normal/arm64/Lumen-OutputFileMap.json -use-frontend-parseable-output -save-temps -no-color-diagnostics -explicit-module-build -module-cache-path /Users/afraasheriff/Library/Developer/Xcode/DerivedData/Lumen-alopeafjorucwmhfuymhyhjqofhs/Build/Intermediates.noindex/SwiftExplicitPrecompiledModules -clang-scanner-module-cache-path /Users/afraasheriff/Library/Developer/Xcode/DerivedData/ModuleCache.noindex -sdk-module-cache-path /Users/afraasheriff/Library/Developer/Xcode/DerivedData/ModuleCache.noindex -serialize-diagnostics -emit-dependencies -emit-module -emit-module-path /Users/afraasheriff/Library/Developer/Xcode/DerivedData/Lumen-alopeafjorucwmhfuymhyhjqofhs/Build/Intermediates.noindex/Lumen.build/Release/Lumen.build/Objects-normal/arm64/Lumen.swiftmodule -validate-clang-modules-once -clang-build-session-file /Users/afraasheriff/Library/Developer/Xcode/DerivedData/ModuleCache.noindex/Session.modulevalidation -Xcc -I/Users/afraasheriff/Library/Developer/Xcode/DerivedData/Lumen-alopeafjorucwmhfuymhyhjqofhs/Build/Intermediates.noindex/Lumen.build/Release/Lumen.build/swift-overrides.hmap -emit-const-values -Xfrontend -const-gather-protocols-file -Xfrontend /Users/afraasheriff/Library/Developer/Xcode/DerivedData/Lumen-alopeafjorucwmhfuymhyhjqofhs/Build/Intermediates.noindex/Lumen.build/Release/Lumen.build/Objects-normal/arm64/Lumen_const_extract_protocols.json -Xcc -iquote -Xcc /Users/afraasheriff/Library/Developer/Xcode/DerivedData/Lumen-alopeafjorucwmhfuymhyhjqofhs/Build/Intermediates.noindex/Lumen.build/Release/Lumen.build/Lumen-generated-files.hmap -Xcc -I/Users/afraasheriff/Library/Developer/Xcode/DerivedData/Lumen-alopeafjorucwmhfuymhyhjqofhs/Build/Intermediates.noindex/Lumen.build/Release/Lumen.build/Lumen-own-target-headers.hmap -Xcc -I/Users/afraasheriff/Library/Developer/Xcode/DerivedData/Lumen-alopeafjorucwmhfuymhyhjqofhs/Build/Intermediates.noindex/Lumen.build/Release/Lumen.build/Lumen-all-target-headers.hmap -Xcc -iquote -Xcc /Users/afraasheriff/Library/Developer/Xcode/DerivedData/Lumen-alopeafjorucwmhfuymhyhjqofhs/Build/Intermediates.noindex/Lumen.build/Release/Lumen.build/Lumen-project-headers.hmap -Xcc -I/Users/afraasheriff/Library/Developer/Xcode/DerivedData/Lumen-alopeafjorucwmhfuymhyhjqofhs/Build/Products/Release/include -Xcc -I/opt/homebrew/include -Xcc -I/Users/afraasheriff/Library/Developer/Xcode/DerivedData/Lumen-alopeafjorucwmhfuymhyhjqofhs/Build/Intermediates.noindex/Lumen.build/Release/Lumen.build/DerivedSources-normal/arm64 -Xcc -I/Users/afraasheriff/Library/Developer/Xcode/DerivedData/Lumen-alopeafjorucwmhfuymhyhjqofhs/Build/Intermediates.noindex/Lumen.build/Release/Lumen.build/DerivedSources/arm64 -Xcc -I/Users/afraasheriff/Library/Developer/Xcode/DerivedData/Lumen-alopeafjorucwmhfuymhyhjqofhs/Build/Intermediates.noindex/Lumen.build/Release/Lumen.build/DerivedSources -emit-objc-header -emit-objc-header-path /Users/afraasheriff/Library/Developer/Xcode/DerivedData/Lumen-alopeafjorucwmhfuymhyhjqofhs/Build/Intermediates.noindex/Lumen.build/Release/Lumen.build/Objects-normal/arm64/Lumen-Swift.h -import-objc-header /Users/afraasheriff/Desktop/Projects_List/Lumen/Lumen/Lumen-Bridging-Header.h -working-directory /Users/afraasheriff/Desktop/Projects_List/Lumen -no-emit-module-separately-wmo

SwiftMergeGeneratedHeaders /Users/afraasheriff/Library/Developer/Xcode/DerivedData/Lumen-alopeafjorucwmhfuymhyhjqofhs/Build/Intermediates.noindex/Lumen.build/Release/Lumen.build/DerivedSources/Lumen-Swift.h /Users/afraasheriff/Library/Developer/Xcode/DerivedData/Lumen-alopeafjorucwmhfuymhyhjqofhs/Build/Intermediates.noindex/Lumen.build/Release/Lumen.build/Objects-normal/arm64/Lumen-Swift.h (in target 'Lumen' from project 'Lumen')
    cd /Users/afraasheriff/Desktop/Projects_List/Lumen
    builtin-swiftHeaderTool -arch arm64 /Users/afraasheriff/Library/Developer/Xcode/DerivedData/Lumen-alopeafjorucwmhfuymhyhjqofhs/Build/Intermediates.noindex/Lumen.build/Release/Lumen.build/Objects-normal/arm64/Lumen-Swift.h -o /Users/afraasheriff/Library/Developer/Xcode/DerivedData/Lumen-alopeafjorucwmhfuymhyhjqofhs/Build/Intermediates.noindex/Lumen.build/Release/Lumen.build/DerivedSources/Lumen-Swift.h

Copy /Users/afraasheriff/Library/Developer/Xcode/DerivedData/Lumen-alopeafjorucwmhfuymhyhjqofhs/Build/Products/Release/Lumen.swiftmodule/arm64-apple-macos.abi.json /Users/afraasheriff/Library/Developer/Xcode/DerivedData/Lumen-alopeafjorucwmhfuymhyhjqofhs/Build/Intermediates.noindex/Lumen.build/Release/Lumen.build/Objects-normal/arm64/Lumen.abi.json (in target 'Lumen' from project 'Lumen')
    cd /Users/afraasheriff/Desktop/Projects_List/Lumen
    builtin-copy -exclude .DS_Store -exclude CVS -exclude .svn -exclude .git -exclude .hg -resolve-src-symlinks -rename /Users/afraasheriff/Library/Developer/Xcode/DerivedData/Lumen-alopeafjorucwmhfuymhyhjqofhs/Build/Intermediates.noindex/Lumen.build/Release/Lumen.build/Objects-normal/arm64/Lumen.abi.json /Users/afraasheriff/Library/Developer/Xcode/DerivedData/Lumen-alopeafjorucwmhfuymhyhjqofhs/Build/Products/Release/Lumen.swiftmodule/arm64-apple-macos.abi.json

Copy /Users/afraasheriff/Library/Developer/Xcode/DerivedData/Lumen-alopeafjorucwmhfuymhyhjqofhs/Build/Products/Release/Lumen.swiftmodule/arm64-apple-macos.swiftmodule /Users/afraasheriff/Library/Developer/Xcode/DerivedData/Lumen-alopeafjorucwmhfuymhyhjqofhs/Build/Intermediates.noindex/Lumen.build/Release/Lumen.build/Objects-normal/arm64/Lumen.swiftmodule (in target 'Lumen' from project 'Lumen')
    cd /Users/afraasheriff/Desktop/Projects_List/Lumen
    builtin-copy -exclude .DS_Store -exclude CVS -exclude .svn -exclude .git -exclude .hg -resolve-src-symlinks -rename /Users/afraasheriff/Library/Developer/Xcode/DerivedData/Lumen-alopeafjorucwmhfuymhyhjqofhs/Build/Intermediates.noindex/Lumen.build/Release/Lumen.build/Objects-normal/arm64/Lumen.swiftmodule /Users/afraasheriff/Library/Developer/Xcode/DerivedData/Lumen-alopeafjorucwmhfuymhyhjqofhs/Build/Products/Release/Lumen.swiftmodule/arm64-apple-macos.swiftmodule

Copy /Users/afraasheriff/Library/Developer/Xcode/DerivedData/Lumen-alopeafjorucwmhfuymhyhjqofhs/Build/Products/Release/Lumen.swiftmodule/arm64-apple-macos.swiftdoc /Users/afraasheriff/Library/Developer/Xcode/DerivedData/Lumen-alopeafjorucwmhfuymhyhjqofhs/Build/Intermediates.noindex/Lumen.build/Release/Lumen.build/Objects-normal/arm64/Lumen.swiftdoc (in target 'Lumen' from project 'Lumen')
    cd /Users/afraasheriff/Desktop/Projects_List/Lumen
    builtin-copy -exclude .DS_Store -exclude CVS -exclude .svn -exclude .git -exclude .hg -resolve-src-symlinks -rename /Users/afraasheriff/Library/Developer/Xcode/DerivedData/Lumen-alopeafjorucwmhfuymhyhjqofhs/Build/Intermediates.noindex/Lumen.build/Release/Lumen.build/Objects-normal/arm64/Lumen.swiftdoc /Users/afraasheriff/Library/Developer/Xcode/DerivedData/Lumen-alopeafjorucwmhfuymhyhjqofhs/Build/Products/Release/Lumen.swiftmodule/arm64-apple-macos.swiftdoc

Copy /Users/afraasheriff/Library/Developer/Xcode/DerivedData/Lumen-alopeafjorucwmhfuymhyhjqofhs/Build/Products/Release/Lumen.swiftmodule/Project/arm64-apple-macos.swiftsourceinfo /Users/afraasheriff/Library/Developer/Xcode/DerivedData/Lumen-alopeafjorucwmhfuymhyhjqofhs/Build/Intermediates.noindex/Lumen.build/Release/Lumen.build/Objects-normal/arm64/Lumen.swiftsourceinfo (in target 'Lumen' from project 'Lumen')
    cd /Users/afraasheriff/Desktop/Projects_List/Lumen
    builtin-copy -exclude .DS_Store -exclude CVS -exclude .svn -exclude .git -exclude .hg -resolve-src-symlinks -rename /Users/afraasheriff/Library/Developer/Xcode/DerivedData/Lumen-alopeafjorucwmhfuymhyhjqofhs/Build/Intermediates.noindex/Lumen.build/Release/Lumen.build/Objects-normal/arm64/Lumen.swiftsourceinfo /Users/afraasheriff/Library/Developer/Xcode/DerivedData/Lumen-alopeafjorucwmhfuymhyhjqofhs/Build/Products/Release/Lumen.swiftmodule/Project/arm64-apple-macos.swiftsourceinfo

CompileC /Users/afraasheriff/Library/Developer/Xcode/DerivedData/Lumen-alopeafjorucwmhfuymhyhjqofhs/Build/Intermediates.noindex/Lumen.build/Release/Lumen.build/Objects-normal/arm64/ios_bridge.o /Users/afraasheriff/Desktop/Projects_List/Lumen/Lumen/iOSBridge/ios_bridge.mm normal arm64 objective-c++ com.apple.compilers.llvm.clang.1_0.compiler (in target 'Lumen' from project 'Lumen')
    cd /Users/afraasheriff/Desktop/Projects_List/Lumen
    
    Using response file: /Users/afraasheriff/Library/Developer/Xcode/DerivedData/Lumen-alopeafjorucwmhfuymhyhjqofhs/Build/Intermediates.noindex/Lumen.build/Release/Lumen.build/Objects-normal/arm64/af3fcb34312c57c0f52879cdce924b91-common-args.resp
    
    /Applications/Xcode.app/Contents/Developer/Toolchains/XcodeDefault.xctoolchain/usr/bin/clang -x objective-c++ -ivfsstatcache /Users/afraasheriff/Library/Developer/Xcode/DerivedData/SDKStatCaches.noindex/macosx26.1-25B74-3885c01c3e6b6a337905948deab2002e3ae1261907bdadc328169391a47051a6.sdkstatcache -fmessage-length\=0 -fdiagnostics-show-note-include-stack -fmacro-backtrace-limit\=0 -fno-color-diagnostics -fmodules-prune-interval\=86400 -fmodules-prune-after\=345600 -fbuild-session-file\=/Users/afraasheriff/Library/Developer/Xcode/DerivedData/ModuleCache.noindex/Session.modulevalidation -fmodules-validate-once-per-build-session -Wnon-modular-include-in-framework-module -Werror\=non-modular-include-in-framework-module -Wno-trigraphs -Wno-missing-field-initializers -Wno-missing-prototypes -Werror\=return-type -Wdocumentation -Wunreachable-code -Wquoted-include-in-framework-header -Wno-implicit-atomic-properties -Werror\=deprecated-objc-isa-usage -Wno-objc-interface-ivars -Werror\=objc-root-class -Wno-arc-repeated-use-of-weak -Wimplicit-retain-self -Wno-non-virtual-dtor -Wno-overloaded-virtual -Wno-exit-time-destructors -Wduplicate-method-match -Wno-missing-braces -Wparentheses -Wswitch -Wunused-function -Wno-unused-label -Wno-unused-parameter -Wunused-variable -Wunused-value -Wempty-body -Wuninitialized -Wconditional-uninitialized -Wno-unknown-pragmas -Wno-shadow -Wno-four-char-constants -Wno-conversion -Wconstant-conversion -Wint-conversion -Wbool-conversion -Wenum-conversion -Wno-float-conversion -Wnon-literal-null-conversion -Wobjc-literal-conversion -Wshorten-64-to-32 -Wno-newline-eof -Wno-selector -Wno-strict-selector-match -Wundeclared-selector -Wdeprecated-implementations -Wno-c++11-extensions -Wno-implicit-fallthrough -fstrict-aliasing -Wprotocol -Wdeprecated-declarations -Winvalid-offsetof -Wno-sign-conversion -Winfinite-recursion -Wmove -Wcomma -Wblock-capture-autoreleasing -Wstrict-prototypes -Wrange-loop-analysis -Wno-semicolon-before-method-body -Wunguarded-availability @/Users/afraasheriff/Library/Developer/Xcode/DerivedData/Lumen-alopeafjorucwmhfuymhyhjqofhs/Build/Intermediates.noindex/Lumen.build/Release/Lumen.build/Objects-normal/arm64/af3fcb34312c57c0f52879cdce924b91-common-args.resp -MMD -MT dependencies -MF /Users/afraasheriff/Library/Developer/Xcode/DerivedData/Lumen-alopeafjorucwmhfuymhyhjqofhs/Build/Intermediates.noindex/Lumen.build/Release/Lumen.build/Objects-normal/arm64/ios_bridge.d --serialize-diagnostics /Users/afraasheriff/Library/Developer/Xcode/DerivedData/Lumen-alopeafjorucwmhfuymhyhjqofhs/Build/Intermediates.noindex/Lumen.build/Release/Lumen.build/Objects-normal/arm64/ios_bridge.dia -c /Users/afraasheriff/Desktop/Projects_List/Lumen/Lumen/iOSBridge/ios_bridge.mm -o /Users/afraasheriff/Library/Developer/Xcode/DerivedData/Lumen-alopeafjorucwmhfuymhyhjqofhs/Build/Intermediates.noindex/Lumen.build/Release/Lumen.build/Objects-normal/arm64/ios_bridge.o

CompileC /Users/afraasheriff/Library/Developer/Xcode/DerivedData/Lumen-alopeafjorucwmhfuymhyhjqofhs/Build/Intermediates.noindex/Lumen.build/Release/Lumen.build/Objects-normal/arm64/iOSBridge.o /Users/afraasheriff/Desktop/Projects_List/Lumen/Lumen/iOSBridge/src/iOSBridge.cpp normal arm64 c++ com.apple.compilers.llvm.clang.1_0.compiler (in target 'Lumen' from project 'Lumen')
    cd /Users/afraasheriff/Desktop/Projects_List/Lumen
    
    Using response file: /Users/afraasheriff/Library/Developer/Xcode/DerivedData/Lumen-alopeafjorucwmhfuymhyhjqofhs/Build/Intermediates.noindex/Lumen.build/Release/Lumen.build/Objects-normal/arm64/82b82416624d2658e5098eb0a28c15c5-common-args.resp
    
    /Applications/Xcode.app/Contents/Developer/Toolchains/XcodeDefault.xctoolchain/usr/bin/clang -x c++ -ivfsstatcache /Users/afraasheriff/Library/Developer/Xcode/DerivedData/SDKStatCaches.noindex/macosx26.1-25B74-3885c01c3e6b6a337905948deab2002e3ae1261907bdadc328169391a47051a6.sdkstatcache -fmessage-length\=0 -fdiagnostics-show-note-include-stack -fmacro-backtrace-limit\=0 -fno-color-diagnostics -fmodules-prune-interval\=86400 -fmodules-prune-after\=345600 -fbuild-session-file\=/Users/afraasheriff/Library/Developer/Xcode/DerivedData/ModuleCache.noindex/Session.modulevalidation -fmodules-validate-once-per-build-session -Wnon-modular-include-in-framework-module -Werror\=non-modular-include-in-framework-module -Wno-trigraphs -Wno-missing-field-initializers -Wno-missing-prototypes -Werror\=return-type -Wdocumentation -Wunreachable-code -Wquoted-include-in-framework-header -Werror\=deprecated-objc-isa-usage -Werror\=objc-root-class -Wno-non-virtual-dtor -Wno-overloaded-virtual -Wno-exit-time-destructors -Wno-missing-braces -Wparentheses -Wswitch -Wunused-function -Wno-unused-label -Wno-unused-parameter -Wunused-variable -Wunused-value -Wempty-body -Wuninitialized -Wconditional-uninitialized -Wno-unknown-pragmas -Wno-shadow -Wno-four-char-constants -Wno-conversion -Wconstant-conversion -Wint-conversion -Wbool-conversion -Wenum-conversion -Wno-float-conversion -Wnon-literal-null-conversion -Wobjc-literal-conversion -Wshorten-64-to-32 -Wno-newline-eof -Wno-c++11-extensions -Wno-implicit-fallthrough -fstrict-aliasing -Wdeprecated-declarations -Winvalid-offsetof -Wno-sign-conversion -Winfinite-recursion -Wmove -Wcomma -Wblock-capture-autoreleasing -Wstrict-prototypes -Wrange-loop-analysis -Wno-semicolon-before-method-body -Wunguarded-availability @/Users/afraasheriff/Library/Developer/Xcode/DerivedData/Lumen-alopeafjorucwmhfuymhyhjqofhs/Build/Intermediates.noindex/Lumen.build/Release/Lumen.build/Objects-normal/arm64/82b82416624d2658e5098eb0a28c15c5-common-args.resp -MMD -MT dependencies -MF /Users/afraasheriff/Library/Developer/Xcode/DerivedData/Lumen-alopeafjorucwmhfuymhyhjqofhs/Build/Intermediates.noindex/Lumen.build/Release/Lumen.build/Objects-normal/arm64/iOSBridge.d --serialize-diagnostics /Users/afraasheriff/Library/Developer/Xcode/DerivedData/Lumen-alopeafjorucwmhfuymhyhjqofhs/Build/Intermediates.noindex/Lumen.build/Release/Lumen.build/Objects-normal/arm64/iOSBridge.dia -c /Users/afraasheriff/Desktop/Projects_List/Lumen/Lumen/iOSBridge/src/iOSBridge.cpp -o /Users/afraasheriff/Library/Developer/Xcode/DerivedData/Lumen-alopeafjorucwmhfuymhyhjqofhs/Build/Intermediates.noindex/Lumen.build/Release/Lumen.build/Objects-normal/arm64/iOSBridge.o
In file included from /Users/afraasheriff/Desktop/Projects_List/Lumen/Lumen/iOSBridge/src/iOSBridge.cpp:2:
/opt/homebrew/include/libimobiledevice/libimobiledevice.h:151:5: warning: declaration is marked with '@deprecated' command but does not have a deprecation attribute [-Wdocumentation-deprecated-sync]
  151 |  * @deprecated Use idevice_events_subscribe() instead.
      |    ~^~~~~~~~~~~~~~~~~~~~~~~~~~~~~~~~~~~~~~~~~~~~~~~~~~
/opt/homebrew/include/libimobiledevice/libimobiledevice.h:159:22: note: add a deprecation attribute to the declaration to silence this warning
  159 | LIBIMOBILEDEVICE_API idevice_error_t idevice_event_subscribe(idevice_event_cb_t callback, void *user_data);
      |                      ^
      |                      __AVAILABILITY_INTERNAL_DEPRECATED 
/opt/homebrew/include/libimobiledevice/libimobiledevice.h:165:5: warning: declaration is marked with '@deprecated' command but does not have a deprecation attribute [-Wdocumentation-deprecated-sync]
  165 |  * @deprecated Use idevice_events_unsubscribe() instead.
      |    ~^~~~~~~~~~~~~~~~~~~~~~~~~~~~~~~~~~~~~~~~~~~~~~~~~~~~
/opt/homebrew/include/libimobiledevice/libimobiledevice.h:169:22: note: add a deprecation attribute to the declaration to silence this warning
  169 | LIBIMOBILEDEVICE_API idevice_error_t idevice_event_unsubscribe(void);
      |                      ^
      |                      __AVAILABILITY_INTERNAL_DEPRECATED 
/opt/homebrew/include/libimobiledevice/libimobiledevice.h:412:11: warning: parameter 'client' not found in the function declaration [-Wdocumentation]
  412 |  * @param client Initialized device client
      |           ^~~~~~
/opt/homebrew/include/libimobiledevice/libimobiledevice.h:412:11: note: did you mean 'device'?
  412 |  * @param client Initialized device client
      |           ^~~~~~
      |           device
/Users/afraasheriff/Desktop/Projects_List/Lumen/Lumen/iOSBridge/src/iOSBridge.cpp:404:62: warning: implicit conversion loses integer precision: 'size_t' (aka 'unsigned long') to 'uint32_t' (aka 'unsigned int') [-Wshorten-64-to-32]
  404 |         err = afc_file_write(afc_client, afc_handle, buffer, read, &bytes_written);
      |               ~~~~~~~~~~~~~~                                 ^~~~
4 warnings generated.

CompileC /Users/afraasheriff/Library/Developer/Xcode/DerivedData/Lumen-alopeafjorucwmhfuymhyhjqofhs/Build/Intermediates.noindex/Lumen.build/Release/Lumen.build/Objects-normal/arm64/MTPBridge.o /Users/afraasheriff/Desktop/Projects_List/Lumen/Lumen/MTPBridge.cpp normal arm64 c++ com.apple.compilers.llvm.clang.1_0.compiler (in target 'Lumen' from project 'Lumen')
    cd /Users/afraasheriff/Desktop/Projects_List/Lumen
    
    Using response file: /Users/afraasheriff/Library/Developer/Xcode/DerivedData/Lumen-alopeafjorucwmhfuymhyhjqofhs/Build/Intermediates.noindex/Lumen.build/Release/Lumen.build/Objects-normal/arm64/82b82416624d2658e5098eb0a28c15c5-common-args.resp
    
    /Applications/Xcode.app/Contents/Developer/Toolchains/XcodeDefault.xctoolchain/usr/bin/clang -x c++ -ivfsstatcache /Users/afraasheriff/Library/Developer/Xcode/DerivedData/SDKStatCaches.noindex/macosx26.1-25B74-3885c01c3e6b6a337905948deab2002e3ae1261907bdadc328169391a47051a6.sdkstatcache -fmessage-length\=0 -fdiagnostics-show-note-include-stack -fmacro-backtrace-limit\=0 -fno-color-diagnostics -fmodules-prune-interval\=86400 -fmodules-prune-after\=345600 -fbuild-session-file\=/Users/afraasheriff/Library/Developer/Xcode/DerivedData/ModuleCache.noindex/Session.modulevalidation -fmodules-validate-once-per-build-session -Wnon-modular-include-in-framework-module -Werror\=non-modular-include-in-framework-module -Wno-trigraphs -Wno-missing-field-initializers -Wno-missing-prototypes -Werror\=return-type -Wdocumentation -Wunreachable-code -Wquoted-include-in-framework-header -Werror\=deprecated-objc-isa-usage -Werror\=objc-root-class -Wno-non-virtual-dtor -Wno-overloaded-virtual -Wno-exit-time-destructors -Wno-missing-braces -Wparentheses -Wswitch -Wunused-function -Wno-unused-label -Wno-unused-parameter -Wunused-variable -Wunused-value -Wempty-body -Wuninitialized -Wconditional-uninitialized -Wno-unknown-pragmas -Wno-shadow -Wno-four-char-constants -Wno-conversion -Wconstant-conversion -Wint-conversion -Wbool-conversion -Wenum-conversion -Wno-float-conversion -Wnon-literal-null-conversion -Wobjc-literal-conversion -Wshorten-64-to-32 -Wno-newline-eof -Wno-c++11-extensions -Wno-implicit-fallthrough -fstrict-aliasing -Wdeprecated-declarations -Winvalid-offsetof -Wno-sign-conversion -Winfinite-recursion -Wmove -Wcomma -Wblock-capture-autoreleasing -Wstrict-prototypes -Wrange-loop-analysis -Wno-semicolon-before-method-body -Wunguarded-availability @/Users/afraasheriff/Library/Developer/Xcode/DerivedData/Lumen-alopeafjorucwmhfuymhyhjqofhs/Build/Intermediates.noindex/Lumen.build/Release/Lumen.build/Objects-normal/arm64/82b82416624d2658e5098eb0a28c15c5-common-args.resp -MMD -MT dependencies -MF /Users/afraasheriff/Library/Developer/Xcode/DerivedData/Lumen-alopeafjorucwmhfuymhyhjqofhs/Build/Intermediates.noindex/Lumen.build/Release/Lumen.build/Objects-normal/arm64/MTPBridge.d --serialize-diagnostics /Users/afraasheriff/Library/Developer/Xcode/DerivedData/Lumen-alopeafjorucwmhfuymhyhjqofhs/Build/Intermediates.noindex/Lumen.build/Release/Lumen.build/Objects-normal/arm64/MTPBridge.dia -c /Users/afraasheriff/Desktop/Projects_List/Lumen/Lumen/MTPBridge.cpp -o /Users/afraasheriff/Library/Developer/Xcode/DerivedData/Lumen-alopeafjorucwmhfuymhyhjqofhs/Build/Intermediates.noindex/Lumen.build/Release/Lumen.build/Objects-normal/arm64/MTPBridge.o

Ld /Users/afraasheriff/Library/Developer/Xcode/DerivedData/Lumen-alopeafjorucwmhfuymhyhjqofhs/Build/Products/Release/Lumen.app/Contents/MacOS/Lumen normal (in target 'Lumen' from project 'Lumen')
    cd /Users/afraasheriff/Desktop/Projects_List/Lumen
    /Applications/Xcode.app/Contents/Developer/Toolchains/XcodeDefault.xctoolchain/usr/bin/clang++ -Xlinker -reproducible -target arm64-apple-macos26.0 -isysroot /Applications/Xcode.app/Contents/Developer/Platforms/MacOSX.platform/Developer/SDKs/MacOSX26.1.sdk -Os -L/Users/afraasheriff/Library/Developer/Xcode/DerivedData/Lumen-alopeafjorucwmhfuymhyhjqofhs/Build/Intermediates.noindex/EagerLinkingTBDs/Release -L/Users/afraasheriff/Library/Developer/Xcode/DerivedData/Lumen-alopeafjorucwmhfuymhyhjqofhs/Build/Products/Release -L/opt/homebrew/lib -F/Users/afraasheriff/Library/Developer/Xcode/DerivedData/Lumen-alopeafjorucwmhfuymhyhjqofhs/Build/Intermediates.noindex/EagerLinkingTBDs/Release -F/Users/afraasheriff/Library/Developer/Xcode/DerivedData/Lumen-alopeafjorucwmhfuymhyhjqofhs/Build/Products/Release -filelist /Users/afraasheriff/Library/Developer/Xcode/DerivedData/Lumen-alopeafjorucwmhfuymhyhjqofhs/Build/Intermediates.noindex/Lumen.build/Release/Lumen.build/Objects-normal/arm64/Lumen.LinkFileList -Xlinker -rpath -Xlinker @executable_path/../Frameworks -Xlinker -object_path_lto -Xlinker /Users/afraasheriff/Library/Developer/Xcode/DerivedData/Lumen-alopeafjorucwmhfuymhyhjqofhs/Build/Intermediates.noindex/Lumen.build/Release/Lumen.build/Objects-normal/arm64/Lumen_lto.o -Xlinker -debug_variant -Xlinker -dependency_info -Xlinker /Users/afraasheriff/Library/Developer/Xcode/DerivedData/Lumen-alopeafjorucwmhfuymhyhjqofhs/Build/Intermediates.noindex/Lumen.build/Release/Lumen.build/Objects-normal/arm64/Lumen_dependency_info.dat -fobjc-arc -fobjc-link-runtime -fprofile-instr-generate -L/Applications/Xcode.app/Contents/Developer/Toolchains/XcodeDefault.xctoolchain/usr/lib/swift/macosx -L/usr/lib/swift -Xlinker -add_ast_path -Xlinker /Users/afraasheriff/Library/Developer/Xcode/DerivedData/Lumen-alopeafjorucwmhfuymhyhjqofhs/Build/Intermediates.noindex/Lumen.build/Release/Lumen.build/Objects-normal/arm64/Lumen.swiftmodule @/Users/afraasheriff/Library/Developer/Xcode/DerivedData/Lumen-alopeafjorucwmhfuymhyhjqofhs/Build/Intermediates.noindex/Lumen.build/Release/Lumen.build/Objects-normal/arm64/Lumen-linker-args.resp -L/opt/homebrew/lib -lmtp -lusb-1.0 -limobiledevice-1.0 -lplist-2.0 -Xlinker -no_adhoc_codesign -o /Users/afraasheriff/Library/Developer/Xcode/DerivedData/Lumen-alopeafjorucwmhfuymhyhjqofhs/Build/Products/Release/Lumen.app/Contents/MacOS/Lumen

CopySwiftLibs /Users/afraasheriff/Library/Developer/Xcode/DerivedData/Lumen-alopeafjorucwmhfuymhyhjqofhs/Build/Products/Release/Lumen.app (in target 'Lumen' from project 'Lumen')
    cd /Users/afraasheriff/Desktop/Projects_List/Lumen
    builtin-swiftStdLibTool --copy --verbose --sign - --scan-executable /Users/afraasheriff/Library/Developer/Xcode/DerivedData/Lumen-alopeafjorucwmhfuymhyhjqofhs/Build/Products/Release/Lumen.app/Contents/MacOS/Lumen --scan-folder /Users/afraasheriff/Library/Developer/Xcode/DerivedData/Lumen-alopeafjorucwmhfuymhyhjqofhs/Build/Products/Release/Lumen.app/Contents/Frameworks --scan-folder /Users/afraasheriff/Library/Developer/Xcode/DerivedData/Lumen-alopeafjorucwmhfuymhyhjqofhs/Build/Products/Release/Lumen.app/Contents/PlugIns --scan-folder /Users/afraasheriff/Library/Developer/Xcode/DerivedData/Lumen-alopeafjorucwmhfuymhyhjqofhs/Build/Products/Release/Lumen.app/Contents/Library/SystemExtensions --scan-folder /Users/afraasheriff/Library/Developer/Xcode/DerivedData/Lumen-alopeafjorucwmhfuymhyhjqofhs/Build/Products/Release/Lumen.app/Contents/Extensions --platform macosx --toolchain /var/run/com.apple.security.cryptexd/mnt/com.apple.MobileAsset.MetalToolchain-v17.2.54.0.DBuOCF/Metal.xctoolchain --toolchain /Applications/Xcode.app/Contents/Developer/Toolchains/XcodeDefault.xctoolchain --destination /Users/afraasheriff/Library/Developer/Xcode/DerivedData/Lumen-alopeafjorucwmhfuymhyhjqofhs/Build/Products/Release/Lumen.app/Contents/Frameworks --strip-bitcode --strip-bitcode-tool /Applications/Xcode.app/Contents/Developer/Toolchains/XcodeDefault.xctoolchain/usr/bin/bitcode_strip --emit-dependency-info /Users/afraasheriff/Library/Developer/Xcode/DerivedData/Lumen-alopeafjorucwmhfuymhyhjqofhs/Build/Intermediates.noindex/Lumen.build/Release/Lumen.build/SwiftStdLibToolInputDependencies.dep --filter-for-swift-os

ExtractAppIntentsMetadata (in target 'Lumen' from project 'Lumen')
    cd /Users/afraasheriff/Desktop/Projects_List/Lumen
    /Applications/Xcode.app/Contents/Developer/Toolchains/XcodeDefault.xctoolchain/usr/bin/appintentsmetadataprocessor --toolchain-dir /var/run/com.apple.security.cryptexd/mnt/com.apple.MobileAsset.MetalToolchain-v17.2.54.0.DBuOCF/Metal.xctoolchain --module-name Lumen --sdk-root /Applications/Xcode.app/Contents/Developer/Platforms/MacOSX.platform/Developer/SDKs/MacOSX26.1.sdk --xcode-version 17B100 --platform-family macOS --deployment-target 26.0 --bundle-identifier lumen.Lumen --output /Users/afraasheriff/Library/Developer/Xcode/DerivedData/Lumen-alopeafjorucwmhfuymhyhjqofhs/Build/Products/Release/Lumen.app/Contents/Resources --target-triple arm64-apple-macos26.0 --binary-file /Users/afraasheriff/Library/Developer/Xcode/DerivedData/Lumen-alopeafjorucwmhfuymhyhjqofhs/Build/Products/Release/Lumen.app/Contents/MacOS/Lumen --dependency-file /Users/afraasheriff/Library/Developer/Xcode/DerivedData/Lumen-alopeafjorucwmhfuymhyhjqofhs/Build/Intermediates.noindex/Lumen.build/Release/Lumen.build/Objects-normal/arm64/Lumen_dependency_info.dat --stringsdata-file /Users/afraasheriff/Library/Developer/Xcode/DerivedData/Lumen-alopeafjorucwmhfuymhyhjqofhs/Build/Intermediates.noindex/Lumen.build/Release/Lumen.build/Objects-normal/arm64/ExtractedAppShortcutsMetadata.stringsdata --source-file-list /Users/afraasheriff/Library/Developer/Xcode/DerivedData/Lumen-alopeafjorucwmhfuymhyhjqofhs/Build/Intermediates.noindex/Lumen.build/Release/Lumen.build/Objects-normal/arm64/Lumen.SwiftFileList --metadata-file-list /Users/afraasheriff/Library/Developer/Xcode/DerivedData/Lumen-alopeafjorucwmhfuymhyhjqofhs/Build/Intermediates.noindex/Lumen.build/Release/Lumen.build/Lumen.DependencyMetadataFileList --static-metadata-file-list /Users/afraasheriff/Library/Developer/Xcode/DerivedData/Lumen-alopeafjorucwmhfuymhyhjqofhs/Build/Intermediates.noindex/Lumen.build/Release/Lumen.build/Lumen.DependencyStaticMetadataFileList --swift-const-vals-list /Users/afraasheriff/Library/Developer/Xcode/DerivedData/Lumen-alopeafjorucwmhfuymhyhjqofhs/Build/Intermediates.noindex/Lumen.build/Release/Lumen.build/Objects-normal/arm64/Lumen.SwiftConstValuesFileList --compile-time-extraction --deployment-aware-processing --validate-assistant-intents --no-app-shortcuts-localization
2025-11-27 15:26:52.051 appintentsmetadataprocessor[44335:491784] Starting appintentsmetadataprocessor export
2025-11-27 15:26:52.053 appintentsmetadataprocessor[44335:491784] warning: Metadata extraction skipped. No AppIntents.framework dependency found.

GenerateDSYMFile /Users/afraasheriff/Library/Developer/Xcode/DerivedData/Lumen-alopeafjorucwmhfuymhyhjqofhs/Build/Products/Release/Lumen.app.dSYM /Users/afraasheriff/Library/Developer/Xcode/DerivedData/Lumen-alopeafjorucwmhfuymhyhjqofhs/Build/Products/Release/Lumen.app/Contents/MacOS/Lumen (in target 'Lumen' from project 'Lumen')
    cd /Users/afraasheriff/Desktop/Projects_List/Lumen
    /Applications/Xcode.app/Contents/Developer/Toolchains/XcodeDefault.xctoolchain/usr/bin/dsymutil /Users/afraasheriff/Library/Developer/Xcode/DerivedData/Lumen-alopeafjorucwmhfuymhyhjqofhs/Build/Products/Release/Lumen.app/Contents/MacOS/Lumen -o /Users/afraasheriff/Library/Developer/Xcode/DerivedData/Lumen-alopeafjorucwmhfuymhyhjqofhs/Build/Products/Release/Lumen.app.dSYM

CodeSign /Users/afraasheriff/Library/Developer/Xcode/DerivedData/Lumen-alopeafjorucwmhfuymhyhjqofhs/Build/Products/Release/Lumen.app (in target 'Lumen' from project 'Lumen')
    cd /Users/afraasheriff/Desktop/Projects_List/Lumen
    
    Signing Identity:     "Sign to Run Locally"
    
    /usr/bin/codesign --force --sign - --entitlements /Users/afraasheriff/Library/Developer/Xcode/DerivedData/Lumen-alopeafjorucwmhfuymhyhjqofhs/Build/Intermediates.noindex/Lumen.build/Release/Lumen.build/Lumen.app.xcent --timestamp\=none --generate-entitlement-der /Users/afraasheriff/Library/Developer/Xcode/DerivedData/Lumen-alopeafjorucwmhfuymhyhjqofhs/Build/Products/Release/Lumen.app

RegisterExecutionPolicyException /Users/afraasheriff/Library/Developer/Xcode/DerivedData/Lumen-alopeafjorucwmhfuymhyhjqofhs/Build/Products/Release/Lumen.app (in target 'Lumen' from project 'Lumen')
    cd /Users/afraasheriff/Desktop/Projects_List/Lumen
    builtin-RegisterExecutionPolicyException /Users/afraasheriff/Library/Developer/Xcode/DerivedData/Lumen-alopeafjorucwmhfuymhyhjqofhs/Build/Products/Release/Lumen.app

Validate /Users/afraasheriff/Library/Developer/Xcode/DerivedData/Lumen-alopeafjorucwmhfuymhyhjqofhs/Build/Products/Release/Lumen.app (in target 'Lumen' from project 'Lumen')
    cd /Users/afraasheriff/Desktop/Projects_List/Lumen
    builtin-validationUtility /Users/afraasheriff/Library/Developer/Xcode/DerivedData/Lumen-alopeafjorucwmhfuymhyhjqofhs/Build/Products/Release/Lumen.app -no-validate-extension -infoplist-subpath Contents/Info.plist

Touch /Users/afraasheriff/Library/Developer/Xcode/DerivedData/Lumen-alopeafjorucwmhfuymhyhjqofhs/Build/Products/Release/Lumen.app (in target 'Lumen' from project 'Lumen')
    cd /Users/afraasheriff/Desktop/Projects_List/Lumen
    /usr/bin/touch -c /Users/afraasheriff/Library/Developer/Xcode/DerivedData/Lumen-alopeafjorucwmhfuymhyhjqofhs/Build/Products/Release/Lumen.app

RegisterWithLaunchServices /Users/afraasheriff/Library/Developer/Xcode/DerivedData/Lumen-alopeafjorucwmhfuymhyhjqofhs/Build/Products/Release/Lumen.app (in target 'Lumen' from project 'Lumen')
    cd /Users/afraasheriff/Desktop/Projects_List/Lumen
    /System/Library/Frameworks/CoreServices.framework/Versions/Current/Frameworks/LaunchServices.framework/Versions/Current/Support/lsregister -f -R -trusted /Users/afraasheriff/Library/Developer/Xcode/DerivedData/Lumen-alopeafjorucwmhfuymhyhjqofhs/Build/Products/Release/Lumen.app

** BUILD SUCCEEDED **

