Command line invocation:
    /Applications/Xcode.app/Contents/Developer/usr/bin/xcodebuild -project Lumen.xcodeproj -scheme Lumen -configuration Debug clean build

2025-11-27 15:19:33.901 xcodebuild[43243:482315] [MT] IDERunDestination: Supported platforms for the buildables in the current scheme is empty.
--- xcodebuild: WARNING: Using the first of multiple matching destinations:
{ platform:macOS, arch:arm64, id:00006001-001231A626FA401E, name:My Mac }
{ platform:macOS, arch:x86_64, id:00006001-001231A626FA401E, name:My Mac }
{ platform:macOS, name:Any Mac }
CreateBuildRequest

SendProjectDescription

CreateBuildOperation

** CLEAN SUCCEEDED **

--- xcodebuild: WARNING: Using the first of multiple matching destinations:
{ platform:macOS, arch:arm64, id:00006001-001231A626FA401E, name:My Mac }
{ platform:macOS, arch:x86_64, id:00006001-001231A626FA401E, name:My Mac }
{ platform:macOS, name:Any Mac }
ComputePackagePrebuildTargetDependencyGraph

Prepare packages

CreateBuildRequest

SendProjectDescription

CreateBuildOperation

ComputeTargetDependencyGraph
note: Building targets in dependency order
note: Target dependency graph (1 target)
    Target 'Lumen' in project 'Lumen' (no dependencies)

GatherProvisioningInputs

CreateBuildDescription

ExecuteExternalTool /Applications/Xcode.app/Contents/Developer/Toolchains/XcodeDefault.xctoolchain/usr/bin/clang -v -E -dM -isysroot /Applications/Xcode.app/Contents/Developer/Platforms/MacOSX.platform/Developer/SDKs/MacOSX26.1.sdk -x c -c /dev/null

ExecuteExternalTool /Applications/Xcode.app/Contents/Developer/Toolchains/XcodeDefault.xctoolchain/usr/bin/clang -v -E -dM -arch arm64 -isysroot /Applications/Xcode.app/Contents/Developer/Platforms/MacOSX.platform/Developer/SDKs/MacOSX26.1.sdk -x c++ -c /dev/null

ExecuteExternalTool /Applications/Xcode.app/Contents/Developer/Toolchains/XcodeDefault.xctoolchain/usr/bin/clang -v -E -dM -arch arm64 -isysroot /Applications/Xcode.app/Contents/Developer/Platforms/MacOSX.platform/Developer/SDKs/MacOSX26.1.sdk -x c -c /dev/null

ExecuteExternalTool /Applications/Xcode.app/Contents/Developer/Toolchains/XcodeDefault.xctoolchain/usr/bin/clang -v -E -dM -arch arm64 -isysroot /Applications/Xcode.app/Contents/Developer/Platforms/MacOSX.platform/Developer/SDKs/MacOSX26.1.sdk -x objective-c++ -c /dev/null

ExecuteExternalTool /Applications/Xcode.app/Contents/Developer/usr/bin/actool --version --output-format xml1

ExecuteExternalTool /Applications/Xcode.app/Contents/Developer/Toolchains/XcodeDefault.xctoolchain/usr/bin/swiftc --version

ExecuteExternalTool /Applications/Xcode.app/Contents/Developer/Toolchains/XcodeDefault.xctoolchain/usr/bin/ld -version_details

Build description signature: 1a5cd951c78b5d0d09fda24948f1b691
Build description path: /Users/afraasheriff/Library/Developer/Xcode/DerivedData/Lumen-alopeafjorucwmhfuymhyhjqofhs/Build/Intermediates.noindex/XCBuildData/1a5cd951c78b5d0d09fda24948f1b691.xcbuilddata
ClangStatCache /Applications/Xcode.app/Contents/Developer/Toolchains/XcodeDefault.xctoolchain/usr/bin/clang-stat-cache /Applications/Xcode.app/Contents/Developer/Platforms/MacOSX.platform/Developer/SDKs/MacOSX26.1.sdk /Users/afraasheriff/Library/Developer/Xcode/DerivedData/SDKStatCaches.noindex/macosx26.1-25B74-3885c01c3e6b6a337905948deab2002e3ae1261907bdadc328169391a47051a6.sdkstatcache
    cd /Users/afraasheriff/Desktop/Projects_List/Lumen/Lumen.xcodeproj
    /Applications/Xcode.app/Contents/Developer/Toolchains/XcodeDefault.xctoolchain/usr/bin/clang-stat-cache /Applications/Xcode.app/Contents/Developer/Platforms/MacOSX.platform/Developer/SDKs/MacOSX26.1.sdk -o /Users/afraasheriff/Library/Developer/Xcode/DerivedData/SDKStatCaches.noindex/macosx26.1-25B74-3885c01c3e6b6a337905948deab2002e3ae1261907bdadc328169391a47051a6.sdkstatcache

CreateBuildDirectory /Users/afraasheriff/Library/Developer/Xcode/DerivedData/Lumen-alopeafjorucwmhfuymhyhjqofhs/Build/Products
    cd /Users/afraasheriff/Desktop/Projects_List/Lumen/Lumen.xcodeproj
    builtin-create-build-directory /Users/afraasheriff/Library/Developer/Xcode/DerivedData/Lumen-alopeafjorucwmhfuymhyhjqofhs/Build/Products

CreateBuildDirectory /Users/afraasheriff/Library/Developer/Xcode/DerivedData/Lumen-alopeafjorucwmhfuymhyhjqofhs/Build/Intermediates.noindex
    cd /Users/afraasheriff/Desktop/Projects_List/Lumen/Lumen.xcodeproj
    builtin-create-build-directory /Users/afraasheriff/Library/Developer/Xcode/DerivedData/Lumen-alopeafjorucwmhfuymhyhjqofhs/Build/Intermediates.noindex

CreateBuildDirectory /Users/afraasheriff/Library/Developer/Xcode/DerivedData/Lumen-alopeafjorucwmhfuymhyhjqofhs/Build/Intermediates.noindex/ExplicitPrecompiledModules
    cd /Users/afraasheriff/Desktop/Projects_List/Lumen/Lumen.xcodeproj
    builtin-create-build-directory /Users/afraasheriff/Library/Developer/Xcode/DerivedData/Lumen-alopeafjorucwmhfuymhyhjqofhs/Build/Intermediates.noindex/ExplicitPrecompiledModules

CreateBuildDirectory /Users/afraasheriff/Library/Developer/Xcode/DerivedData/Lumen-alopeafjorucwmhfuymhyhjqofhs/Build/Intermediates.noindex/SwiftExplicitPrecompiledModules
    cd /Users/afraasheriff/Desktop/Projects_List/Lumen/Lumen.xcodeproj
    builtin-create-build-directory /Users/afraasheriff/Library/Developer/Xcode/DerivedData/Lumen-alopeafjorucwmhfuymhyhjqofhs/Build/Intermediates.noindex/SwiftExplicitPrecompiledModules

CreateBuildDirectory /Users/afraasheriff/Library/Developer/Xcode/DerivedData/Lumen-alopeafjorucwmhfuymhyhjqofhs/Build/Intermediates.noindex/EagerLinkingTBDs/Debug
    cd /Users/afraasheriff/Desktop/Projects_List/Lumen/Lumen.xcodeproj
    builtin-create-build-directory /Users/afraasheriff/Library/Developer/Xcode/DerivedData/Lumen-alopeafjorucwmhfuymhyhjqofhs/Build/Intermediates.noindex/EagerLinkingTBDs/Debug

CreateBuildDirectory /Users/afraasheriff/Library/Developer/Xcode/DerivedData/Lumen-alopeafjorucwmhfuymhyhjqofhs/Build/Products/Debug
    cd /Users/afraasheriff/Desktop/Projects_List/Lumen/Lumen.xcodeproj
    builtin-create-build-directory /Users/afraasheriff/Library/Developer/Xcode/DerivedData/Lumen-alopeafjorucwmhfuymhyhjqofhs/Build/Products/Debug

WriteAuxiliaryFile /Users/afraasheriff/Library/Developer/Xcode/DerivedData/Lumen-alopeafjorucwmhfuymhyhjqofhs/Build/Intermediates.noindex/Lumen.build/Debug/Lumen-cdd7cc893bda7c3f91f1257061c48c27-VFS/all-product-headers.yaml
    cd /Users/afraasheriff/Desktop/Projects_List/Lumen/Lumen.xcodeproj
    write-file /Users/afraasheriff/Library/Developer/Xcode/DerivedData/Lumen-alopeafjorucwmhfuymhyhjqofhs/Build/Intermediates.noindex/Lumen.build/Debug/Lumen-cdd7cc893bda7c3f91f1257061c48c27-VFS/all-product-headers.yaml

WriteAuxiliaryFile /Users/afraasheriff/Library/Developer/Xcode/DerivedData/Lumen-alopeafjorucwmhfuymhyhjqofhs/Build/Intermediates.noindex/Lumen.build/Debug/Lumen.build/empty-Lumen.plist (in target 'Lumen' from project 'Lumen')
    cd /Users/afraasheriff/Desktop/Projects_List/Lumen
    write-file /Users/afraasheriff/Library/Developer/Xcode/DerivedData/Lumen-alopeafjorucwmhfuymhyhjqofhs/Build/Intermediates.noindex/Lumen.build/Debug/Lumen.build/empty-Lumen.plist

WriteAuxiliaryFile /Users/afraasheriff/Library/Developer/Xcode/DerivedData/Lumen-alopeafjorucwmhfuymhyhjqofhs/Build/Intermediates.noindex/Lumen.build/Debug/Lumen.build/Objects-normal/arm64/Lumen.SwiftConstValuesFileList (in target 'Lumen' from project 'Lumen')
    cd /Users/afraasheriff/Desktop/Projects_List/Lumen
    write-file /Users/afraasheriff/Library/Developer/Xcode/DerivedData/Lumen-alopeafjorucwmhfuymhyhjqofhs/Build/Intermediates.noindex/Lumen.build/Debug/Lumen.build/Objects-normal/arm64/Lumen.SwiftConstValuesFileList

WriteAuxiliaryFile /Users/afraasheriff/Library/Developer/Xcode/DerivedData/Lumen-alopeafjorucwmhfuymhyhjqofhs/Build/Intermediates.noindex/Lumen.build/Debug/Lumen.build/Objects-normal/arm64/Lumen.LinkFileList (in target 'Lumen' from project 'Lumen')
    cd /Users/afraasheriff/Desktop/Projects_List/Lumen
    write-file /Users/afraasheriff/Library/Developer/Xcode/DerivedData/Lumen-alopeafjorucwmhfuymhyhjqofhs/Build/Intermediates.noindex/Lumen.build/Debug/Lumen.build/Objects-normal/arm64/Lumen.LinkFileList

WriteAuxiliaryFile /Users/afraasheriff/Library/Developer/Xcode/DerivedData/Lumen-alopeafjorucwmhfuymhyhjqofhs/Build/Intermediates.noindex/Lumen.build/Debug/Lumen.build/Objects-normal/arm64/Lumen_const_extract_protocols.json (in target 'Lumen' from project 'Lumen')
    cd /Users/afraasheriff/Desktop/Projects_List/Lumen
    write-file /Users/afraasheriff/Library/Developer/Xcode/DerivedData/Lumen-alopeafjorucwmhfuymhyhjqofhs/Build/Intermediates.noindex/Lumen.build/Debug/Lumen.build/Objects-normal/arm64/Lumen_const_extract_protocols.json

WriteAuxiliaryFile /Users/afraasheriff/Library/Developer/Xcode/DerivedData/Lumen-alopeafjorucwmhfuymhyhjqofhs/Build/Intermediates.noindex/Lumen.build/Debug/Lumen.build/Objects-normal/arm64/Lumen-OutputFileMap.json (in target 'Lumen' from project 'Lumen')
    cd /Users/afraasheriff/Desktop/Projects_List/Lumen
    write-file /Users/afraasheriff/Library/Developer/Xcode/DerivedData/Lumen-alopeafjorucwmhfuymhyhjqofhs/Build/Intermediates.noindex/Lumen.build/Debug/Lumen.build/Objects-normal/arm64/Lumen-OutputFileMap.json

WriteAuxiliaryFile /Users/afraasheriff/Library/Developer/Xcode/DerivedData/Lumen-alopeafjorucwmhfuymhyhjqofhs/Build/Intermediates.noindex/Lumen.build/Debug/Lumen.build/Objects-normal/arm64/Lumen.SwiftFileList (in target 'Lumen' from project 'Lumen')
    cd /Users/afraasheriff/Desktop/Projects_List/Lumen
    write-file /Users/afraasheriff/Library/Developer/Xcode/DerivedData/Lumen-alopeafjorucwmhfuymhyhjqofhs/Build/Intermediates.noindex/Lumen.build/Debug/Lumen.build/Objects-normal/arm64/Lumen.SwiftFileList

WriteAuxiliaryFile /Users/afraasheriff/Library/Developer/Xcode/DerivedData/Lumen-alopeafjorucwmhfuymhyhjqofhs/Build/Intermediates.noindex/Lumen.build/Debug/Lumen.build/Objects-normal/arm64/af3fcb34312c57c0f52879cdce924b91-common-args.resp (in target 'Lumen' from project 'Lumen')
    cd /Users/afraasheriff/Desktop/Projects_List/Lumen
    write-file /Users/afraasheriff/Library/Developer/Xcode/DerivedData/Lumen-alopeafjorucwmhfuymhyhjqofhs/Build/Intermediates.noindex/Lumen.build/Debug/Lumen.build/Objects-normal/arm64/af3fcb34312c57c0f52879cdce924b91-common-args.resp
-target arm64-apple-macos26.0 '-std=gnu++20' -fobjc-arc -fobjc-weak -fmodules -fno-cxx-modules -gmodules '-fmodules-cache-path=/Users/afraasheriff/Library/Developer/Xcode/DerivedData/ModuleCache.noindex' '-D_LIBCPP_HARDENING_MODE=_LIBCPP_HARDENING_MODE_DEBUG' -fpascal-strings -O0 -fno-common '-DDEBUG=1' '-DOBJC_OLD_DISPATCH_PROTOTYPES=0' -isysroot /Applications/Xcode.app/Contents/Developer/Platforms/MacOSX.platform/Developer/SDKs/MacOSX26.1.sdk -g -fvisibility-inlines-hidden -fprofile-instr-generate -fcoverage-mapping -iquote /Users/afraasheriff/Library/Developer/Xcode/DerivedData/Lumen-alopeafjorucwmhfuymhyhjqofhs/Build/Intermediates.noindex/Lumen.build/Debug/Lumen.build/Lumen-generated-files.hmap -I/Users/afraasheriff/Library/Developer/Xcode/DerivedData/Lumen-alopeafjorucwmhfuymhyhjqofhs/Build/Intermediates.noindex/Lumen.build/Debug/Lumen.build/Lumen-own-target-headers.hmap -I/Users/afraasheriff/Library/Developer/Xcode/DerivedData/Lumen-alopeafjorucwmhfuymhyhjqofhs/Build/Intermediates.noindex/Lumen.build/Debug/Lumen.build/Lumen-all-target-headers.hmap -iquote /Users/afraasheriff/Library/Developer/Xcode/DerivedData/Lumen-alopeafjorucwmhfuymhyhjqofhs/Build/Intermediates.noindex/Lumen.build/Debug/Lumen.build/Lumen-project-headers.hmap -I/Users/afraasheriff/Library/Developer/Xcode/DerivedData/Lumen-alopeafjorucwmhfuymhyhjqofhs/Build/Products/Debug/include -I/opt/homebrew/include -I/Users/afraasheriff/Library/Developer/Xcode/DerivedData/Lumen-alopeafjorucwmhfuymhyhjqofhs/Build/Intermediates.noindex/Lumen.build/Debug/Lumen.build/DerivedSources-normal/arm64 -I/Users/afraasheriff/Library/Developer/Xcode/DerivedData/Lumen-alopeafjorucwmhfuymhyhjqofhs/Build/Intermediates.noindex/Lumen.build/Debug/Lumen.build/DerivedSources/arm64 -I/Users/afraasheriff/Library/Developer/Xcode/DerivedData/Lumen-alopeafjorucwmhfuymhyhjqofhs/Build/Intermediates.noindex/Lumen.build/Debug/Lumen.build/DerivedSources -F/Users/afraasheriff/Library/Developer/Xcode/DerivedData/Lumen-alopeafjorucwmhfuymhyhjqofhs/Build/Products/Debug

WriteAuxiliaryFile /Users/afraasheriff/Library/Developer/Xcode/DerivedData/Lumen-alopeafjorucwmhfuymhyhjqofhs/Build/Intermediates.noindex/Lumen.build/Debug/Lumen.build/Lumen.hmap (in target 'Lumen' from project 'Lumen')
    cd /Users/afraasheriff/Desktop/Projects_List/Lumen
    write-file /Users/afraasheriff/Library/Developer/Xcode/DerivedData/Lumen-alopeafjorucwmhfuymhyhjqofhs/Build/Intermediates.noindex/Lumen.build/Debug/Lumen.build/Lumen.hmap

WriteAuxiliaryFile /Users/afraasheriff/Library/Developer/Xcode/DerivedData/Lumen-alopeafjorucwmhfuymhyhjqofhs/Build/Intermediates.noindex/Lumen.build/Debug/Lumen.build/Objects-normal/arm64/82b82416624d2658e5098eb0a28c15c5-common-args.resp (in target 'Lumen' from project 'Lumen')
    cd /Users/afraasheriff/Desktop/Projects_List/Lumen
    write-file /Users/afraasheriff/Library/Developer/Xcode/DerivedData/Lumen-alopeafjorucwmhfuymhyhjqofhs/Build/Intermediates.noindex/Lumen.build/Debug/Lumen.build/Objects-normal/arm64/82b82416624d2658e5098eb0a28c15c5-common-args.resp
-target arm64-apple-macos26.0 '-std=gnu++20' -fmodules -fno-cxx-modules -gmodules '-fmodules-cache-path=/Users/afraasheriff/Library/Developer/Xcode/DerivedData/ModuleCache.noindex' '-D_LIBCPP_HARDENING_MODE=_LIBCPP_HARDENING_MODE_DEBUG' -fpascal-strings -O0 -fno-common '-DDEBUG=1' -isysroot /Applications/Xcode.app/Contents/Developer/Platforms/MacOSX.platform/Developer/SDKs/MacOSX26.1.sdk -g -fvisibility-inlines-hidden -fprofile-instr-generate -fcoverage-mapping -iquote /Users/afraasheriff/Library/Developer/Xcode/DerivedData/Lumen-alopeafjorucwmhfuymhyhjqofhs/Build/Intermediates.noindex/Lumen.build/Debug/Lumen.build/Lumen-generated-files.hmap -I/Users/afraasheriff/Library/Developer/Xcode/DerivedData/Lumen-alopeafjorucwmhfuymhyhjqofhs/Build/Intermediates.noindex/Lumen.build/Debug/Lumen.build/Lumen-own-target-headers.hmap -I/Users/afraasheriff/Library/Developer/Xcode/DerivedData/Lumen-alopeafjorucwmhfuymhyhjqofhs/Build/Intermediates.noindex/Lumen.build/Debug/Lumen.build/Lumen-all-target-headers.hmap -iquote /Users/afraasheriff/Library/Developer/Xcode/DerivedData/Lumen-alopeafjorucwmhfuymhyhjqofhs/Build/Intermediates.noindex/Lumen.build/Debug/Lumen.build/Lumen-project-headers.hmap -I/Users/afraasheriff/Library/Developer/Xcode/DerivedData/Lumen-alopeafjorucwmhfuymhyhjqofhs/Build/Products/Debug/include -I/opt/homebrew/include -I/Users/afraasheriff/Library/Developer/Xcode/DerivedData/Lumen-alopeafjorucwmhfuymhyhjqofhs/Build/Intermediates.noindex/Lumen.build/Debug/Lumen.build/DerivedSources-normal/arm64 -I/Users/afraasheriff/Library/Developer/Xcode/DerivedData/Lumen-alopeafjorucwmhfuymhyhjqofhs/Build/Intermediates.noindex/Lumen.build/Debug/Lumen.build/DerivedSources/arm64 -I/Users/afraasheriff/Library/Developer/Xcode/DerivedData/Lumen-alopeafjorucwmhfuymhyhjqofhs/Build/Intermediates.noindex/Lumen.build/Debug/Lumen.build/DerivedSources -F/Users/afraasheriff/Library/Developer/Xcode/DerivedData/Lumen-alopeafjorucwmhfuymhyhjqofhs/Build/Products/Debug

WriteAuxiliaryFile /Users/afraasheriff/Library/Developer/Xcode/DerivedData/Lumen-alopeafjorucwmhfuymhyhjqofhs/Build/Intermediates.noindex/Lumen.build/Debug/Lumen.build/Lumen.DependencyStaticMetadataFileList (in target 'Lumen' from project 'Lumen')
    cd /Users/afraasheriff/Desktop/Projects_List/Lumen
    write-file /Users/afraasheriff/Library/Developer/Xcode/DerivedData/Lumen-alopeafjorucwmhfuymhyhjqofhs/Build/Intermediates.noindex/Lumen.build/Debug/Lumen.build/Lumen.DependencyStaticMetadataFileList

WriteAuxiliaryFile /Users/afraasheriff/Library/Developer/Xcode/DerivedData/Lumen-alopeafjorucwmhfuymhyhjqofhs/Build/Intermediates.noindex/Lumen.build/Debug/Lumen.build/Lumen.DependencyMetadataFileList (in target 'Lumen' from project 'Lumen')
    cd /Users/afraasheriff/Desktop/Projects_List/Lumen
    write-file /Users/afraasheriff/Library/Developer/Xcode/DerivedData/Lumen-alopeafjorucwmhfuymhyhjqofhs/Build/Intermediates.noindex/Lumen.build/Debug/Lumen.build/Lumen.DependencyMetadataFileList

WriteAuxiliaryFile /Users/afraasheriff/Library/Developer/Xcode/DerivedData/Lumen-alopeafjorucwmhfuymhyhjqofhs/Build/Intermediates.noindex/Lumen.build/Debug/Lumen.build/Lumen-project-headers.hmap (in target 'Lumen' from project 'Lumen')
    cd /Users/afraasheriff/Desktop/Projects_List/Lumen
    write-file /Users/afraasheriff/Library/Developer/Xcode/DerivedData/Lumen-alopeafjorucwmhfuymhyhjqofhs/Build/Intermediates.noindex/Lumen.build/Debug/Lumen.build/Lumen-project-headers.hmap

WriteAuxiliaryFile /Users/afraasheriff/Library/Developer/Xcode/DerivedData/Lumen-alopeafjorucwmhfuymhyhjqofhs/Build/Intermediates.noindex/Lumen.build/Debug/Lumen.build/Lumen-own-target-headers.hmap (in target 'Lumen' from project 'Lumen')
    cd /Users/afraasheriff/Desktop/Projects_List/Lumen
    write-file /Users/afraasheriff/Library/Developer/Xcode/DerivedData/Lumen-alopeafjorucwmhfuymhyhjqofhs/Build/Intermediates.noindex/Lumen.build/Debug/Lumen.build/Lumen-own-target-headers.hmap

WriteAuxiliaryFile /Users/afraasheriff/Library/Developer/Xcode/DerivedData/Lumen-alopeafjorucwmhfuymhyhjqofhs/Build/Intermediates.noindex/Lumen.build/Debug/Lumen.build/Lumen-generated-files.hmap (in target 'Lumen' from project 'Lumen')
    cd /Users/afraasheriff/Desktop/Projects_List/Lumen
    write-file /Users/afraasheriff/Library/Developer/Xcode/DerivedData/Lumen-alopeafjorucwmhfuymhyhjqofhs/Build/Intermediates.noindex/Lumen.build/Debug/Lumen.build/Lumen-generated-files.hmap

WriteAuxiliaryFile /Users/afraasheriff/Library/Developer/Xcode/DerivedData/Lumen-alopeafjorucwmhfuymhyhjqofhs/Build/Intermediates.noindex/Lumen.build/Debug/Lumen.build/Lumen-all-target-headers.hmap (in target 'Lumen' from project 'Lumen')
    cd /Users/afraasheriff/Desktop/Projects_List/Lumen
    write-file /Users/afraasheriff/Library/Developer/Xcode/DerivedData/Lumen-alopeafjorucwmhfuymhyhjqofhs/Build/Intermediates.noindex/Lumen.build/Debug/Lumen.build/Lumen-all-target-headers.hmap

WriteAuxiliaryFile /Users/afraasheriff/Library/Developer/Xcode/DerivedData/Lumen-alopeafjorucwmhfuymhyhjqofhs/Build/Intermediates.noindex/Lumen.build/Debug/Lumen.build/Lumen-all-non-framework-target-headers.hmap (in target 'Lumen' from project 'Lumen')
    cd /Users/afraasheriff/Desktop/Projects_List/Lumen
    write-file /Users/afraasheriff/Library/Developer/Xcode/DerivedData/Lumen-alopeafjorucwmhfuymhyhjqofhs/Build/Intermediates.noindex/Lumen.build/Debug/Lumen.build/Lumen-all-non-framework-target-headers.hmap

WriteAuxiliaryFile /Users/afraasheriff/Library/Developer/Xcode/DerivedData/Lumen-alopeafjorucwmhfuymhyhjqofhs/Build/Intermediates.noindex/Lumen.build/Debug/Lumen.build/Lumen-DebugDylibInstallName-normal-arm64.txt (in target 'Lumen' from project 'Lumen')
    cd /Users/afraasheriff/Desktop/Projects_List/Lumen
    write-file /Users/afraasheriff/Library/Developer/Xcode/DerivedData/Lumen-alopeafjorucwmhfuymhyhjqofhs/Build/Intermediates.noindex/Lumen.build/Debug/Lumen.build/Lumen-DebugDylibInstallName-normal-arm64.txt

WriteAuxiliaryFile /Users/afraasheriff/Library/Developer/Xcode/DerivedData/Lumen-alopeafjorucwmhfuymhyhjqofhs/Build/Intermediates.noindex/Lumen.build/Debug/Lumen.build/Lumen-DebugDylibPath-normal-arm64.txt (in target 'Lumen' from project 'Lumen')
    cd /Users/afraasheriff/Desktop/Projects_List/Lumen
    write-file /Users/afraasheriff/Library/Developer/Xcode/DerivedData/Lumen-alopeafjorucwmhfuymhyhjqofhs/Build/Intermediates.noindex/Lumen.build/Debug/Lumen.build/Lumen-DebugDylibPath-normal-arm64.txt

WriteAuxiliaryFile /Users/afraasheriff/Library/Developer/Xcode/DerivedData/Lumen-alopeafjorucwmhfuymhyhjqofhs/Build/Intermediates.noindex/Lumen.build/Debug/Lumen.build/DerivedSources/Entitlements.plist (in target 'Lumen' from project 'Lumen')
    cd /Users/afraasheriff/Desktop/Projects_List/Lumen
    write-file /Users/afraasheriff/Library/Developer/Xcode/DerivedData/Lumen-alopeafjorucwmhfuymhyhjqofhs/Build/Intermediates.noindex/Lumen.build/Debug/Lumen.build/DerivedSources/Entitlements.plist

MkDir /Users/afraasheriff/Library/Developer/Xcode/DerivedData/Lumen-alopeafjorucwmhfuymhyhjqofhs/Build/Products/Debug/Lumen.app/Contents/Resources (in target 'Lumen' from project 'Lumen')
    cd /Users/afraasheriff/Desktop/Projects_List/Lumen
    /bin/mkdir -p /Users/afraasheriff/Library/Developer/Xcode/DerivedData/Lumen-alopeafjorucwmhfuymhyhjqofhs/Build/Products/Debug/Lumen.app/Contents/Resources

MkDir /Users/afraasheriff/Library/Developer/Xcode/DerivedData/Lumen-alopeafjorucwmhfuymhyhjqofhs/Build/Products/Debug/Lumen.app/Contents/MacOS (in target 'Lumen' from project 'Lumen')
    cd /Users/afraasheriff/Desktop/Projects_List/Lumen
    /bin/mkdir -p /Users/afraasheriff/Library/Developer/Xcode/DerivedData/Lumen-alopeafjorucwmhfuymhyhjqofhs/Build/Products/Debug/Lumen.app/Contents/MacOS

MkDir /Users/afraasheriff/Library/Developer/Xcode/DerivedData/Lumen-alopeafjorucwmhfuymhyhjqofhs/Build/Products/Debug/Lumen.app/Contents (in target 'Lumen' from project 'Lumen')
    cd /Users/afraasheriff/Desktop/Projects_List/Lumen
    /bin/mkdir -p /Users/afraasheriff/Library/Developer/Xcode/DerivedData/Lumen-alopeafjorucwmhfuymhyhjqofhs/Build/Products/Debug/Lumen.app/Contents

MkDir /Users/afraasheriff/Library/Developer/Xcode/DerivedData/Lumen-alopeafjorucwmhfuymhyhjqofhs/Build/Products/Debug/Lumen.app (in target 'Lumen' from project 'Lumen')
    cd /Users/afraasheriff/Desktop/Projects_List/Lumen
    /bin/mkdir -p /Users/afraasheriff/Library/Developer/Xcode/DerivedData/Lumen-alopeafjorucwmhfuymhyhjqofhs/Build/Products/Debug/Lumen.app

ProcessProductPackaging "" /Users/afraasheriff/Library/Developer/Xcode/DerivedData/Lumen-alopeafjorucwmhfuymhyhjqofhs/Build/Intermediates.noindex/Lumen.build/Debug/Lumen.build/Lumen.app.xcent (in target 'Lumen' from project 'Lumen')
    cd /Users/afraasheriff/Desktop/Projects_List/Lumen
    
    Entitlements:
    
    {
    "com.apple.security.get-task-allow" = 1;
}
    
    builtin-productPackagingUtility -entitlements -format xml -o /Users/afraasheriff/Library/Developer/Xcode/DerivedData/Lumen-alopeafjorucwmhfuymhyhjqofhs/Build/Intermediates.noindex/Lumen.build/Debug/Lumen.build/Lumen.app.xcent

ProcessProductPackagingDER /Users/afraasheriff/Library/Developer/Xcode/DerivedData/Lumen-alopeafjorucwmhfuymhyhjqofhs/Build/Intermediates.noindex/Lumen.build/Debug/Lumen.build/Lumen.app.xcent /Users/afraasheriff/Library/Developer/Xcode/DerivedData/Lumen-alopeafjorucwmhfuymhyhjqofhs/Build/Intermediates.noindex/Lumen.build/Debug/Lumen.build/Lumen.app.xcent.der (in target 'Lumen' from project 'Lumen')
    cd /Users/afraasheriff/Desktop/Projects_List/Lumen
    /usr/bin/derq query -f xml -i /Users/afraasheriff/Library/Developer/Xcode/DerivedData/Lumen-alopeafjorucwmhfuymhyhjqofhs/Build/Intermediates.noindex/Lumen.build/Debug/Lumen.build/Lumen.app.xcent -o /Users/afraasheriff/Library/Developer/Xcode/DerivedData/Lumen-alopeafjorucwmhfuymhyhjqofhs/Build/Intermediates.noindex/Lumen.build/Debug/Lumen.build/Lumen.app.xcent.der --raw

GenerateAssetSymbols /Users/afraasheriff/Desktop/Projects_List/Lumen/Lumen/Assets.xcassets (in target 'Lumen' from project 'Lumen')
    cd /Users/afraasheriff/Desktop/Projects_List/Lumen
    /Applications/Xcode.app/Contents/Developer/usr/bin/actool /Users/afraasheriff/Desktop/Projects_List/Lumen/Lumen/Assets.xcassets --compile /Users/afraasheriff/Library/Developer/Xcode/DerivedData/Lumen-alopeafjorucwmhfuymhyhjqofhs/Build/Products/Debug/Lumen.app/Contents/Resources --output-format human-readable-text --notices --warnings --export-dependency-info /Users/afraasheriff/Library/Developer/Xcode/DerivedData/Lumen-alopeafjorucwmhfuymhyhjqofhs/Build/Intermediates.noindex/Lumen.build/Debug/Lumen.build/assetcatalog_dependencies --output-partial-info-plist /Users/afraasheriff/Library/Developer/Xcode/DerivedData/Lumen-alopeafjorucwmhfuymhyhjqofhs/Build/Intermediates.noindex/Lumen.build/Debug/Lumen.build/assetcatalog_generated_info.plist --app-icon AppIcon --accent-color AccentColor --enable-on-demand-resources NO --development-region en --target-device mac --minimum-deployment-target 26.0 --platform macosx --bundle-identifier lumen.Lumen --generate-swift-asset-symbols /Users/afraasheriff/Library/Developer/Xcode/DerivedData/Lumen-alopeafjorucwmhfuymhyhjqofhs/Build/Intermediates.noindex/Lumen.build/Debug/Lumen.build/DerivedSources/GeneratedAssetSymbols.swift --generate-objc-asset-symbols /Users/afraasheriff/Library/Developer/Xcode/DerivedData/Lumen-alopeafjorucwmhfuymhyhjqofhs/Build/Intermediates.noindex/Lumen.build/Debug/Lumen.build/DerivedSources/GeneratedAssetSymbols.h --generate-asset-symbol-index /Users/afraasheriff/Library/Developer/Xcode/DerivedData/Lumen-alopeafjorucwmhfuymhyhjqofhs/Build/Intermediates.noindex/Lumen.build/Debug/Lumen.build/DerivedSources/GeneratedAssetSymbols-Index.plist
/* com.apple.actool.compilation-results */
/Users/afraasheriff/Library/Developer/Xcode/DerivedData/Lumen-alopeafjorucwmhfuymhyhjqofhs/Build/Intermediates.noindex/Lumen.build/Debug/Lumen.build/DerivedSources/GeneratedAssetSymbols-Index.plist
/Users/afraasheriff/Library/Developer/Xcode/DerivedData/Lumen-alopeafjorucwmhfuymhyhjqofhs/Build/Intermediates.noindex/Lumen.build/Debug/Lumen.build/DerivedSources/GeneratedAssetSymbols.h
/Users/afraasheriff/Library/Developer/Xcode/DerivedData/Lumen-alopeafjorucwmhfuymhyhjqofhs/Build/Intermediates.noindex/Lumen.build/Debug/Lumen.build/DerivedSources/GeneratedAssetSymbols.swift


Ld /Users/afraasheriff/Library/Developer/Xcode/DerivedData/Lumen-alopeafjorucwmhfuymhyhjqofhs/Build/Products/Debug/Lumen.app/Contents/MacOS/__preview.dylib normal (in target 'Lumen' from project 'Lumen')
    cd /Users/afraasheriff/Desktop/Projects_List/Lumen
    /Applications/Xcode.app/Contents/Developer/Toolchains/XcodeDefault.xctoolchain/usr/bin/clang -Xlinker -reproducible -target arm64-apple-macos26.0 -dynamiclib -isysroot /Applications/Xcode.app/Contents/Developer/Platforms/MacOSX.platform/Developer/SDKs/MacOSX26.1.sdk -O0 -L/Users/afraasheriff/Library/Developer/Xcode/DerivedData/Lumen-alopeafjorucwmhfuymhyhjqofhs/Build/Products/Debug -L/opt/homebrew/lib -F/Users/afraasheriff/Library/Developer/Xcode/DerivedData/Lumen-alopeafjorucwmhfuymhyhjqofhs/Build/Products/Debug -install_name @rpath/Lumen.debug.dylib -rdynamic -Xlinker -no_deduplicate -Xlinker -debug_variant -Xlinker -dependency_info -Xlinker /Users/afraasheriff/Library/Developer/Xcode/DerivedData/Lumen-alopeafjorucwmhfuymhyhjqofhs/Build/Intermediates.noindex/Lumen.build/Debug/Lumen.build/Objects-normal/arm64/Lumen_dependency_info.dat -Xlinker -no_adhoc_codesign -o /Users/afraasheriff/Library/Developer/Xcode/DerivedData/Lumen-alopeafjorucwmhfuymhyhjqofhs/Build/Products/Debug/Lumen.app/Contents/MacOS/__preview.dylib

MkDir /Users/afraasheriff/Library/Developer/Xcode/DerivedData/Lumen-alopeafjorucwmhfuymhyhjqofhs/Build/Intermediates.noindex/Lumen.build/Debug/Lumen.build/assetcatalog_output/thinned (in target 'Lumen' from project 'Lumen')
    cd /Users/afraasheriff/Desktop/Projects_List/Lumen
    /bin/mkdir -p /Users/afraasheriff/Library/Developer/Xcode/DerivedData/Lumen-alopeafjorucwmhfuymhyhjqofhs/Build/Intermediates.noindex/Lumen.build/Debug/Lumen.build/assetcatalog_output/thinned

CpResource /Users/afraasheriff/Library/Developer/Xcode/DerivedData/Lumen-alopeafjorucwmhfuymhyhjqofhs/Build/Products/Debug/Lumen.app/Contents/Resources/iOS_Integration_Plan.md /Users/afraasheriff/Desktop/Projects_List/Lumen/Lumen/iOS_Integration_Plan.md (in target 'Lumen' from project 'Lumen')
    cd /Users/afraasheriff/Desktop/Projects_List/Lumen
    builtin-copy -exclude .DS_Store -exclude CVS -exclude .svn -exclude .git -exclude .hg -resolve-src-symlinks /Users/afraasheriff/Desktop/Projects_List/Lumen/Lumen/iOS_Integration_Plan.md /Users/afraasheriff/Library/Developer/Xcode/DerivedData/Lumen-alopeafjorucwmhfuymhyhjqofhs/Build/Products/Debug/Lumen.app/Contents/Resources

CpResource /Users/afraasheriff/Library/Developer/Xcode/DerivedData/Lumen-alopeafjorucwmhfuymhyhjqofhs/Build/Products/Debug/Lumen.app/Contents/Resources/build_optimization.log /Users/afraasheriff/Desktop/Projects_List/Lumen/Lumen/build_optimization.log (in target 'Lumen' from project 'Lumen')
    cd /Users/afraasheriff/Desktop/Projects_List/Lumen
    builtin-copy -exclude .DS_Store -exclude CVS -exclude .svn -exclude .git -exclude .hg -resolve-src-symlinks /Users/afraasheriff/Desktop/Projects_List/Lumen/Lumen/build_optimization.log /Users/afraasheriff/Library/Developer/Xcode/DerivedData/Lumen-alopeafjorucwmhfuymhyhjqofhs/Build/Products/Debug/Lumen.app/Contents/Resources

MkDir /Users/afraasheriff/Library/Developer/Xcode/DerivedData/Lumen-alopeafjorucwmhfuymhyhjqofhs/Build/Intermediates.noindex/Lumen.build/Debug/Lumen.build/assetcatalog_output/unthinned (in target 'Lumen' from project 'Lumen')
    cd /Users/afraasheriff/Desktop/Projects_List/Lumen
    /bin/mkdir -p /Users/afraasheriff/Library/Developer/Xcode/DerivedData/Lumen-alopeafjorucwmhfuymhyhjqofhs/Build/Intermediates.noindex/Lumen.build/Debug/Lumen.build/assetcatalog_output/unthinned

CpResource /Users/afraasheriff/Library/Developer/Xcode/DerivedData/Lumen-alopeafjorucwmhfuymhyhjqofhs/Build/Products/Debug/Lumen.app/Contents/Resources/build_log.txt /Users/afraasheriff/Desktop/Projects_List/Lumen/Lumen/build_log.txt (in target 'Lumen' from project 'Lumen')
    cd /Users/afraasheriff/Desktop/Projects_List/Lumen
    builtin-copy -exclude .DS_Store -exclude CVS -exclude .svn -exclude .git -exclude .hg -resolve-src-symlinks /Users/afraasheriff/Desktop/Projects_List/Lumen/Lumen/build_log.txt /Users/afraasheriff/Library/Developer/Xcode/DerivedData/Lumen-alopeafjorucwmhfuymhyhjqofhs/Build/Products/Debug/Lumen.app/Contents/Resources

CpResource /Users/afraasheriff/Library/Developer/Xcode/DerivedData/Lumen-alopeafjorucwmhfuymhyhjqofhs/Build/Products/Debug/Lumen.app/Contents/Resources/build_dmg.sh /Users/afraasheriff/Desktop/Projects_List/Lumen/Lumen/build_dmg.sh (in target 'Lumen' from project 'Lumen')
    cd /Users/afraasheriff/Desktop/Projects_List/Lumen
    builtin-copy -exclude .DS_Store -exclude CVS -exclude .svn -exclude .git -exclude .hg -resolve-src-symlinks /Users/afraasheriff/Desktop/Projects_List/Lumen/Lumen/build_dmg.sh /Users/afraasheriff/Library/Developer/Xcode/DerivedData/Lumen-alopeafjorucwmhfuymhyhjqofhs/Build/Products/Debug/Lumen.app/Contents/Resources

CpResource /Users/afraasheriff/Library/Developer/Xcode/DerivedData/Lumen-alopeafjorucwmhfuymhyhjqofhs/Build/Products/Debug/Lumen.app/Contents/Resources/build_debug_final.log /Users/afraasheriff/Desktop/Projects_List/Lumen/Lumen/build_debug_final.log (in target 'Lumen' from project 'Lumen')
    cd /Users/afraasheriff/Desktop/Projects_List/Lumen
    builtin-copy -exclude .DS_Store -exclude CVS -exclude .svn -exclude .git -exclude .hg -resolve-src-symlinks /Users/afraasheriff/Desktop/Projects_List/Lumen/Lumen/build_debug_final.log /Users/afraasheriff/Library/Developer/Xcode/DerivedData/Lumen-alopeafjorucwmhfuymhyhjqofhs/Build/Products/Debug/Lumen.app/Contents/Resources

CopyPlistFile /Users/afraasheriff/Library/Developer/Xcode/DerivedData/Lumen-alopeafjorucwmhfuymhyhjqofhs/Build/Products/Debug/Lumen.app/Contents/Resources/ExportOptions.plist /Users/afraasheriff/Desktop/Projects_List/Lumen/Lumen/ExportOptions.plist (in target 'Lumen' from project 'Lumen')
    cd /Users/afraasheriff/Desktop/Projects_List/Lumen
    builtin-copyPlist --outdir /Users/afraasheriff/Library/Developer/Xcode/DerivedData/Lumen-alopeafjorucwmhfuymhyhjqofhs/Build/Products/Debug/Lumen.app/Contents/Resources -- /Users/afraasheriff/Desktop/Projects_List/Lumen/Lumen/ExportOptions.plist

CompileAssetCatalogVariant thinned /Users/afraasheriff/Library/Developer/Xcode/DerivedData/Lumen-alopeafjorucwmhfuymhyhjqofhs/Build/Products/Debug/Lumen.app/Contents/Resources /Users/afraasheriff/Desktop/Projects_List/Lumen/Lumen/Assets.xcassets (in target 'Lumen' from project 'Lumen')
    cd /Users/afraasheriff/Desktop/Projects_List/Lumen
    /Applications/Xcode.app/Contents/Developer/usr/bin/actool /Users/afraasheriff/Desktop/Projects_List/Lumen/Lumen/Assets.xcassets --compile /Users/afraasheriff/Library/Developer/Xcode/DerivedData/Lumen-alopeafjorucwmhfuymhyhjqofhs/Build/Intermediates.noindex/Lumen.build/Debug/Lumen.build/assetcatalog_output/thinned --output-format human-readable-text --notices --warnings --export-dependency-info /Users/afraasheriff/Library/Developer/Xcode/DerivedData/Lumen-alopeafjorucwmhfuymhyhjqofhs/Build/Intermediates.noindex/Lumen.build/Debug/Lumen.build/assetcatalog_dependencies_thinned --output-partial-info-plist /Users/afraasheriff/Library/Developer/Xcode/DerivedData/Lumen-alopeafjorucwmhfuymhyhjqofhs/Build/Intermediates.noindex/Lumen.build/Debug/Lumen.build/assetcatalog_generated_info.plist_thinned --app-icon AppIcon --accent-color AccentColor --enable-on-demand-resources NO --development-region en --target-device mac --minimum-deployment-target 26.0 --platform macosx
/* com.apple.actool.compilation-results */
/Users/afraasheriff/Library/Developer/Xcode/DerivedData/Lumen-alopeafjorucwmhfuymhyhjqofhs/Build/Intermediates.noindex/Lumen.build/Debug/Lumen.build/assetcatalog_generated_info.plist_thinned
/Users/afraasheriff/Library/Developer/Xcode/DerivedData/Lumen-alopeafjorucwmhfuymhyhjqofhs/Build/Intermediates.noindex/Lumen.build/Debug/Lumen.build/assetcatalog_output/thinned/AppIcon.icns
/Users/afraasheriff/Library/Developer/Xcode/DerivedData/Lumen-alopeafjorucwmhfuymhyhjqofhs/Build/Intermediates.noindex/Lumen.build/Debug/Lumen.build/assetcatalog_output/thinned/Assets.car


SwiftDriver Lumen normal arm64 com.apple.xcode.tools.swift.compiler (in target 'Lumen' from project 'Lumen')
    cd /Users/afraasheriff/Desktop/Projects_List/Lumen
    builtin-SwiftDriver -- /Applications/Xcode.app/Contents/Developer/Toolchains/XcodeDefault.xctoolchain/usr/bin/swiftc -module-name Lumen -Onone -enforce-exclusivity\=checked @/Users/afraasheriff/Library/Developer/Xcode/DerivedData/Lumen-alopeafjorucwmhfuymhyhjqofhs/Build/Intermediates.noindex/Lumen.build/Debug/Lumen.build/Objects-normal/arm64/Lumen.SwiftFileList -DDEBUG -default-isolation\=MainActor -enable-bare-slash-regex -enable-upcoming-feature DisableOutwardActorInference -enable-upcoming-feature InferSendableFromCaptures -enable-upcoming-feature GlobalActorIsolatedTypesUsability -enable-upcoming-feature MemberImportVisibility -enable-upcoming-feature InferIsolatedConformances -enable-upcoming-feature NonisolatedNonsendingByDefault -enable-experimental-feature DebugDescriptionMacro -sdk /Applications/Xcode.app/Contents/Developer/Platforms/MacOSX.platform/Developer/SDKs/MacOSX26.1.sdk -target arm64-apple-macos26.0 -g -module-cache-path /Users/afraasheriff/Library/Developer/Xcode/DerivedData/ModuleCache.noindex -Xfrontend -serialize-debugging-options -profile-coverage-mapping -profile-generate -enable-testing -index-store-path /Users/afraasheriff/Library/Developer/Xcode/DerivedData/Lumen-alopeafjorucwmhfuymhyhjqofhs/Index.noindex/DataStore -Xcc -D_LIBCPP_HARDENING_MODE\=_LIBCPP_HARDENING_MODE_DEBUG -swift-version 5 -I /Users/afraasheriff/Library/Developer/Xcode/DerivedData/Lumen-alopeafjorucwmhfuymhyhjqofhs/Build/Products/Debug -F /Users/afraasheriff/Library/Developer/Xcode/DerivedData/Lumen-alopeafjorucwmhfuymhyhjqofhs/Build/Products/Debug -emit-localized-strings -emit-localized-strings-path /Users/afraasheriff/Library/Developer/Xcode/DerivedData/Lumen-alopeafjorucwmhfuymhyhjqofhs/Build/Intermediates.noindex/Lumen.build/Debug/Lumen.build/Objects-normal/arm64 -c -j10 -enable-batch-mode -incremental -Xcc -ivfsstatcache -Xcc /Users/afraasheriff/Library/Developer/Xcode/DerivedData/SDKStatCaches.noindex/macosx26.1-25B74-3885c01c3e6b6a337905948deab2002e3ae1261907bdadc328169391a47051a6.sdkstatcache -output-file-map /Users/afraasheriff/Library/Developer/Xcode/DerivedData/Lumen-alopeafjorucwmhfuymhyhjqofhs/Build/Intermediates.noindex/Lumen.build/Debug/Lumen.build/Objects-normal/arm64/Lumen-OutputFileMap.json -use-frontend-parseable-output -save-temps -no-color-diagnostics -explicit-module-build -module-cache-path /Users/afraasheriff/Library/Developer/Xcode/DerivedData/Lumen-alopeafjorucwmhfuymhyhjqofhs/Build/Intermediates.noindex/SwiftExplicitPrecompiledModules -clang-scanner-module-cache-path /Users/afraasheriff/Library/Developer/Xcode/DerivedData/ModuleCache.noindex -sdk-module-cache-path /Users/afraasheriff/Library/Developer/Xcode/DerivedData/ModuleCache.noindex -serialize-diagnostics -emit-dependencies -emit-module -emit-module-path /Users/afraasheriff/Library/Developer/Xcode/DerivedData/Lumen-alopeafjorucwmhfuymhyhjqofhs/Build/Intermediates.noindex/Lumen.build/Debug/Lumen.build/Objects-normal/arm64/Lumen.swiftmodule -validate-clang-modules-once -clang-build-session-file /Users/afraasheriff/Library/Developer/Xcode/DerivedData/ModuleCache.noindex/Session.modulevalidation -Xcc -I/Users/afraasheriff/Library/Developer/Xcode/DerivedData/Lumen-alopeafjorucwmhfuymhyhjqofhs/Build/Intermediates.noindex/Lumen.build/Debug/Lumen.build/swift-overrides.hmap -emit-const-values -Xfrontend -const-gather-protocols-file -Xfrontend /Users/afraasheriff/Library/Developer/Xcode/DerivedData/Lumen-alopeafjorucwmhfuymhyhjqofhs/Build/Intermediates.noindex/Lumen.build/Debug/Lumen.build/Objects-normal/arm64/Lumen_const_extract_protocols.json -Xcc -iquote -Xcc /Users/afraasheriff/Library/Developer/Xcode/DerivedData/Lumen-alopeafjorucwmhfuymhyhjqofhs/Build/Intermediates.noindex/Lumen.build/Debug/Lumen.build/Lumen-generated-files.hmap -Xcc -I/Users/afraasheriff/Library/Developer/Xcode/DerivedData/Lumen-alopeafjorucwmhfuymhyhjqofhs/Build/Intermediates.noindex/Lumen.build/Debug/Lumen.build/Lumen-own-target-headers.hmap -Xcc -I/Users/afraasheriff/Library/Developer/Xcode/DerivedData/Lumen-alopeafjorucwmhfuymhyhjqofhs/Build/Intermediates.noindex/Lumen.build/Debug/Lumen.build/Lumen-all-target-headers.hmap -Xcc -iquote -Xcc /Users/afraasheriff/Library/Developer/Xcode/DerivedData/Lumen-alopeafjorucwmhfuymhyhjqofhs/Build/Intermediates.noindex/Lumen.build/Debug/Lumen.build/Lumen-project-headers.hmap -Xcc -I/Users/afraasheriff/Library/Developer/Xcode/DerivedData/Lumen-alopeafjorucwmhfuymhyhjqofhs/Build/Products/Debug/include -Xcc -I/opt/homebrew/include -Xcc -I/Users/afraasheriff/Library/Developer/Xcode/DerivedData/Lumen-alopeafjorucwmhfuymhyhjqofhs/Build/Intermediates.noindex/Lumen.build/Debug/Lumen.build/DerivedSources-normal/arm64 -Xcc -I/Users/afraasheriff/Library/Developer/Xcode/DerivedData/Lumen-alopeafjorucwmhfuymhyhjqofhs/Build/Intermediates.noindex/Lumen.build/Debug/Lumen.build/DerivedSources/arm64 -Xcc -I/Users/afraasheriff/Library/Developer/Xcode/DerivedData/Lumen-alopeafjorucwmhfuymhyhjqofhs/Build/Intermediates.noindex/Lumen.build/Debug/Lumen.build/DerivedSources -Xcc -DDEBUG\=1 -emit-objc-header -emit-objc-header-path /Users/afraasheriff/Library/Developer/Xcode/DerivedData/Lumen-alopeafjorucwmhfuymhyhjqofhs/Build/Intermediates.noindex/Lumen.build/Debug/Lumen.build/Objects-normal/arm64/Lumen-Swift.h -import-objc-header /Users/afraasheriff/Desktop/Projects_List/Lumen/Lumen/Lumen-Bridging-Header.h -working-directory /Users/afraasheriff/Desktop/Projects_List/Lumen -experimental-emit-module-separately -disable-cmo

SwiftGeneratePch normal arm64 Compiling\ bridging\ header (in target 'Lumen' from project 'Lumen')

SwiftDriverJobDiscovery normal arm64 Compiling bridging header (in target 'Lumen' from project 'Lumen')

SwiftCompile normal arm64 Compiling\ SidebarView.swift,\ SortingView.swift /Users/afraasheriff/Desktop/Projects_List/Lumen/Lumen/SidebarView.swift /Users/afraasheriff/Desktop/Projects_List/Lumen/Lumen/SortingView.swift (in target 'Lumen' from project 'Lumen')

SwiftCompile normal arm64 /Users/afraasheriff/Desktop/Projects_List/Lumen/Lumen/SidebarView.swift (in target 'Lumen' from project 'Lumen')
    cd /Users/afraasheriff/Desktop/Projects_List/Lumen
    

SwiftCompile normal arm64 /Users/afraasheriff/Desktop/Projects_List/Lumen/Lumen/SortingView.swift (in target 'Lumen' from project 'Lumen')
    cd /Users/afraasheriff/Desktop/Projects_List/Lumen
    

SwiftCompile normal arm64 Compiling\ TransferManager.swift,\ TransferProgressView.swift /Users/afraasheriff/Desktop/Projects_List/Lumen/Lumen/TransferManager.swift /Users/afraasheriff/Desktop/Projects_List/Lumen/Lumen/TransferProgressView.swift (in target 'Lumen' from project 'Lumen')

SwiftCompile normal arm64 /Users/afraasheriff/Desktop/Projects_List/Lumen/Lumen/TransferManager.swift (in target 'Lumen' from project 'Lumen')
    cd /Users/afraasheriff/Desktop/Projects_List/Lumen
    

SwiftCompile normal arm64 /Users/afraasheriff/Desktop/Projects_List/Lumen/Lumen/TransferProgressView.swift (in target 'Lumen' from project 'Lumen')
    cd /Users/afraasheriff/Desktop/Projects_List/Lumen
    

SwiftEmitModule normal arm64 Emitting\ module\ for\ Lumen (in target 'Lumen' from project 'Lumen')

EmitSwiftModule normal arm64 (in target 'Lumen' from project 'Lumen')
    cd /Users/afraasheriff/Desktop/Projects_List/Lumen
    

SwiftCompile normal arm64 Compiling\ TransferProgressWindow.swift,\ GeneratedAssetSymbols.swift /Users/afraasheriff/Desktop/Projects_List/Lumen/Lumen/TransferProgressWindow.swift /Users/afraasheriff/Library/Developer/Xcode/DerivedData/Lumen-alopeafjorucwmhfuymhyhjqofhs/Build/Intermediates.noindex/Lumen.build/Debug/Lumen.build/DerivedSources/GeneratedAssetSymbols.swift (in target 'Lumen' from project 'Lumen')

SwiftCompile normal arm64 /Users/afraasheriff/Desktop/Projects_List/Lumen/Lumen/TransferProgressWindow.swift (in target 'Lumen' from project 'Lumen')
    cd /Users/afraasheriff/Desktop/Projects_List/Lumen
    
/Users/afraasheriff/Desktop/Projects_List/Lumen/Lumen/TransferProgressWindow.swift:31:10: warning: 'onChange(of:perform:)' was deprecated in macOS 14.0: Use `onChange` with a two or zero parameter action closure instead.
        .onChange(of: transferManager.isTransferring) { isTransferring in
         ^

SwiftCompile normal arm64 /Users/afraasheriff/Library/Developer/Xcode/DerivedData/Lumen-alopeafjorucwmhfuymhyhjqofhs/Build/Intermediates.noindex/Lumen.build/Debug/Lumen.build/DerivedSources/GeneratedAssetSymbols.swift (in target 'Lumen' from project 'Lumen')
    cd /Users/afraasheriff/Desktop/Projects_List/Lumen
    

SwiftCompile normal arm64 Compiling\ iOSDeviceService.swift,\ LocalFileService.swift,\ LumenApp.swift /Users/afraasheriff/Desktop/Projects_List/Lumen/Lumen/iOSDeviceService.swift /Users/afraasheriff/Desktop/Projects_List/Lumen/Lumen/LocalFileService.swift /Users/afraasheriff/Desktop/Projects_List/Lumen/Lumen/LumenApp.swift (in target 'Lumen' from project 'Lumen')

SwiftCompile normal arm64 /Users/afraasheriff/Desktop/Projects_List/Lumen/Lumen/iOSDeviceService.swift (in target 'Lumen' from project 'Lumen')
    cd /Users/afraasheriff/Desktop/Projects_List/Lumen
    

SwiftCompile normal arm64 /Users/afraasheriff/Desktop/Projects_List/Lumen/Lumen/LocalFileService.swift (in target 'Lumen' from project 'Lumen')
    cd /Users/afraasheriff/Desktop/Projects_List/Lumen
    

SwiftCompile normal arm64 /Users/afraasheriff/Desktop/Projects_List/Lumen/Lumen/LumenApp.swift (in target 'Lumen' from project 'Lumen')
    cd /Users/afraasheriff/Desktop/Projects_List/Lumen
    
/Users/afraasheriff/Desktop/Projects_List/Lumen/Lumen/LumenApp.swift:50:14: warning: 'onChange(of:perform:)' was deprecated in macOS 14.0: Use `onChange` with a two or zero parameter action closure instead.
            .onChange(of: transferManager.isTransferring) { isTransferring in
             ^

SwiftCompile normal arm64 Compiling\ GeminiService.swift,\ HoverEffect.swift,\ IconHelper.swift /Users/afraasheriff/Desktop/Projects_List/Lumen/Lumen/GeminiService.swift /Users/afraasheriff/Desktop/Projects_List/Lumen/Lumen/HoverEffect.swift /Users/afraasheriff/Desktop/Projects_List/Lumen/Lumen/IconHelper.swift (in target 'Lumen' from project 'Lumen')

SwiftCompile normal arm64 /Users/afraasheriff/Desktop/Projects_List/Lumen/Lumen/GeminiService.swift (in target 'Lumen' from project 'Lumen')
    cd /Users/afraasheriff/Desktop/Projects_List/Lumen
    

SwiftCompile normal arm64 /Users/afraasheriff/Desktop/Projects_List/Lumen/Lumen/HoverEffect.swift (in target 'Lumen' from project 'Lumen')
    cd /Users/afraasheriff/Desktop/Projects_List/Lumen
    

SwiftCompile normal arm64 /Users/afraasheriff/Desktop/Projects_List/Lumen/Lumen/IconHelper.swift (in target 'Lumen' from project 'Lumen')
    cd /Users/afraasheriff/Desktop/Projects_List/Lumen
    

SwiftCompile normal arm64 Compiling\ FileScanner.swift,\ FileService.swift,\ FileSystemItem.swift /Users/afraasheriff/Desktop/Projects_List/Lumen/Lumen/FileScanner.swift /Users/afraasheriff/Desktop/Projects_List/Lumen/Lumen/FileService.swift /Users/afraasheriff/Desktop/Projects_List/Lumen/Lumen/FileSystemItem.swift (in target 'Lumen' from project 'Lumen')

SwiftCompile normal arm64 /Users/afraasheriff/Desktop/Projects_List/Lumen/Lumen/FileScanner.swift (in target 'Lumen' from project 'Lumen')
    cd /Users/afraasheriff/Desktop/Projects_List/Lumen
    

SwiftCompile normal arm64 /Users/afraasheriff/Desktop/Projects_List/Lumen/Lumen/FileService.swift (in target 'Lumen' from project 'Lumen')
    cd /Users/afraasheriff/Desktop/Projects_List/Lumen
    

SwiftCompile normal arm64 /Users/afraasheriff/Desktop/Projects_List/Lumen/Lumen/FileSystemItem.swift (in target 'Lumen' from project 'Lumen')
    cd /Users/afraasheriff/Desktop/Projects_List/Lumen
    

SwiftCompile normal arm64 Compiling\ FileBrowserView.swift,\ FileInfoView.swift,\ FilePromiseHelper.swift /Users/afraasheriff/Desktop/Projects_List/Lumen/Lumen/FileBrowserView.swift /Users/afraasheriff/Desktop/Projects_List/Lumen/Lumen/FileInfoView.swift /Users/afraasheriff/Desktop/Projects_List/Lumen/Lumen/FilePromiseHelper.swift (in target 'Lumen' from project 'Lumen')

SwiftCompile normal arm64 /Users/afraasheriff/Desktop/Projects_List/Lumen/Lumen/FileBrowserView.swift (in target 'Lumen' from project 'Lumen')
    cd /Users/afraasheriff/Desktop/Projects_List/Lumen
    

SwiftCompile normal arm64 /Users/afraasheriff/Desktop/Projects_List/Lumen/Lumen/FileInfoView.swift (in target 'Lumen' from project 'Lumen')
    cd /Users/afraasheriff/Desktop/Projects_List/Lumen
    

SwiftCompile normal arm64 /Users/afraasheriff/Desktop/Projects_List/Lumen/Lumen/FilePromiseHelper.swift (in target 'Lumen' from project 'Lumen')
    cd /Users/afraasheriff/Desktop/Projects_List/Lumen
    

SwiftCompile normal arm64 Compiling\ ClipboardItem.swift,\ ContentView.swift,\ DeviceManager.swift /Users/afraasheriff/Desktop/Projects_List/Lumen/Lumen/ClipboardItem.swift /Users/afraasheriff/Desktop/Projects_List/Lumen/Lumen/ContentView.swift /Users/afraasheriff/Desktop/Projects_List/Lumen/Lumen/DeviceManager.swift (in target 'Lumen' from project 'Lumen')

SwiftCompile normal arm64 /Users/afraasheriff/Desktop/Projects_List/Lumen/Lumen/ClipboardItem.swift (in target 'Lumen' from project 'Lumen')
    cd /Users/afraasheriff/Desktop/Projects_List/Lumen
    

SwiftCompile normal arm64 /Users/afraasheriff/Desktop/Projects_List/Lumen/Lumen/ContentView.swift (in target 'Lumen' from project 'Lumen')
    cd /Users/afraasheriff/Desktop/Projects_List/Lumen
    

SwiftCompile normal arm64 /Users/afraasheriff/Desktop/Projects_List/Lumen/Lumen/DeviceManager.swift (in target 'Lumen' from project 'Lumen')
    cd /Users/afraasheriff/Desktop/Projects_List/Lumen
    

SwiftCompile normal arm64 Compiling\ ADBService.swift,\ AISearchView.swift,\ BuyMeACoffeeButton.swift /Users/afraasheriff/Desktop/Projects_List/Lumen/Lumen/ADBService.swift /Users/afraasheriff/Desktop/Projects_List/Lumen/Lumen/AISearchView.swift /Users/afraasheriff/Desktop/Projects_List/Lumen/Lumen/BuyMeACoffeeButton.swift (in target 'Lumen' from project 'Lumen')

SwiftCompile normal arm64 /Users/afraasheriff/Desktop/Projects_List/Lumen/Lumen/ADBService.swift (in target 'Lumen' from project 'Lumen')
    cd /Users/afraasheriff/Desktop/Projects_List/Lumen
    
/Users/afraasheriff/Desktop/Projects_List/Lumen/Lumen/ADBService.swift:68:22: warning: result of call to 'runADBCommand(_:progressHandler:)' is unused
            try self.runADBCommand(["pull", "-p", path, localURL.path]) { line in
                     ^            ~~~~~~~~~~~~~~~~~~~~~~~~~~~~~~~~~~~~~~~~~~~~~~~
/Users/afraasheriff/Desktop/Projects_List/Lumen/Lumen/ADBService.swift:100:22: warning: result of call to 'runADBCommand(_:progressHandler:)' is unused
            try self.runADBCommand(["push", "-p", localURL.path, path]) { line in
                     ^            ~~~~~~~~~~~~~~~~~~~~~~~~~~~~~~~~~~~~~~~~~~~~~~~
/Users/afraasheriff/Desktop/Projects_List/Lumen/Lumen/ADBService.swift:144:25: warning: mutation of captured var 'fullOutput' in concurrently-executing code; this is an error in the Swift 6 language mode
                        fullOutput += str
                        ^

SwiftCompile normal arm64 /Users/afraasheriff/Desktop/Projects_List/Lumen/Lumen/AISearchView.swift (in target 'Lumen' from project 'Lumen')
    cd /Users/afraasheriff/Desktop/Projects_List/Lumen
    

SwiftCompile normal arm64 /Users/afraasheriff/Desktop/Projects_List/Lumen/Lumen/BuyMeACoffeeButton.swift (in target 'Lumen' from project 'Lumen')
    cd /Users/afraasheriff/Desktop/Projects_List/Lumen
    

SwiftDriverJobDiscovery normal arm64 Compiling TransferProgressWindow.swift, GeneratedAssetSymbols.swift (in target 'Lumen' from project 'Lumen')

SwiftCompile normal arm64 Compiling\ MainView.swift,\ MTPService.swift /Users/afraasheriff/Desktop/Projects_List/Lumen/Lumen/MainView.swift /Users/afraasheriff/Desktop/Projects_List/Lumen/Lumen/MTPService.swift (in target 'Lumen' from project 'Lumen')
SwiftCompile normal arm64 /Users/afraasheriff/Desktop/Projects_List/Lumen/Lumen/MainView.swift (in target 'Lumen' from project 'Lumen')
    cd /Users/afraasheriff/Desktop/Projects_List/Lumen
    

SwiftCompile normal arm64 /Users/afraasheriff/Desktop/Projects_List/Lumen/Lumen/MTPService.swift (in target 'Lumen' from project 'Lumen')
    cd /Users/afraasheriff/Desktop/Projects_List/Lumen
    

SwiftDriverJobDiscovery normal arm64 Compiling ClipboardItem.swift, ContentView.swift, DeviceManager.swift (in target 'Lumen' from project 'Lumen')

SwiftDriverJobDiscovery normal arm64 Emitting module for Lumen (in target 'Lumen' from project 'Lumen')

SwiftDriver\ Compilation\ Requirements Lumen normal arm64 com.apple.xcode.tools.swift.compiler (in target 'Lumen' from project 'Lumen')
    cd /Users/afraasheriff/Desktop/Projects_List/Lumen
    builtin-Swift-Compilation-Requirements -- /Applications/Xcode.app/Contents/Developer/Toolchains/XcodeDefault.xctoolchain/usr/bin/swiftc -module-name Lumen -Onone -enforce-exclusivity\=checked @/Users/afraasheriff/Library/Developer/Xcode/DerivedData/Lumen-alopeafjorucwmhfuymhyhjqofhs/Build/Intermediates.noindex/Lumen.build/Debug/Lumen.build/Objects-normal/arm64/Lumen.SwiftFileList -DDEBUG -default-isolation\=MainActor -enable-bare-slash-regex -enable-upcoming-feature DisableOutwardActorInference -enable-upcoming-feature InferSendableFromCaptures -enable-upcoming-feature GlobalActorIsolatedTypesUsability -enable-upcoming-feature MemberImportVisibility -enable-upcoming-feature InferIsolatedConformances -enable-upcoming-feature NonisolatedNonsendingByDefault -enable-experimental-feature DebugDescriptionMacro -sdk /Applications/Xcode.app/Contents/Developer/Platforms/MacOSX.platform/Developer/SDKs/MacOSX26.1.sdk -target arm64-apple-macos26.0 -g -module-cache-path /Users/afraasheriff/Library/Developer/Xcode/DerivedData/ModuleCache.noindex -Xfrontend -serialize-debugging-options -profile-coverage-mapping -profile-generate -enable-testing -index-store-path /Users/afraasheriff/Library/Developer/Xcode/DerivedData/Lumen-alopeafjorucwmhfuymhyhjqofhs/Index.noindex/DataStore -Xcc -D_LIBCPP_HARDENING_MODE\=_LIBCPP_HARDENING_MODE_DEBUG -swift-version 5 -I /Users/afraasheriff/Library/Developer/Xcode/DerivedData/Lumen-alopeafjorucwmhfuymhyhjqofhs/Build/Products/Debug -F /Users/afraasheriff/Library/Developer/Xcode/DerivedData/Lumen-alopeafjorucwmhfuymhyhjqofhs/Build/Products/Debug -emit-localized-strings -emit-localized-strings-path /Users/afraasheriff/Library/Developer/Xcode/DerivedData/Lumen-alopeafjorucwmhfuymhyhjqofhs/Build/Intermediates.noindex/Lumen.build/Debug/Lumen.build/Objects-normal/arm64 -c -j10 -enable-batch-mode -incremental -Xcc -ivfsstatcache -Xcc /Users/afraasheriff/Library/Developer/Xcode/DerivedData/SDKStatCaches.noindex/macosx26.1-25B74-3885c01c3e6b6a337905948deab2002e3ae1261907bdadc328169391a47051a6.sdkstatcache -output-file-map /Users/afraasheriff/Library/Developer/Xcode/DerivedData/Lumen-alopeafjorucwmhfuymhyhjqofhs/Build/Intermediates.noindex/Lumen.build/Debug/Lumen.build/Objects-normal/arm64/Lumen-OutputFileMap.json -use-frontend-parseable-output -save-temps -no-color-diagnostics -explicit-module-build -module-cache-path /Users/afraasheriff/Library/Developer/Xcode/DerivedData/Lumen-alopeafjorucwmhfuymhyhjqofhs/Build/Intermediates.noindex/SwiftExplicitPrecompiledModules -clang-scanner-module-cache-path /Users/afraasheriff/Library/Developer/Xcode/DerivedData/ModuleCache.noindex -sdk-module-cache-path /Users/afraasheriff/Library/Developer/Xcode/DerivedData/ModuleCache.noindex -serialize-diagnostics -emit-dependencies -emit-module -emit-module-path /Users/afraasheriff/Library/Developer/Xcode/DerivedData/Lumen-alopeafjorucwmhfuymhyhjqofhs/Build/Intermediates.noindex/Lumen.build/Debug/Lumen.build/Objects-normal/arm64/Lumen.swiftmodule -validate-clang-modules-once -clang-build-session-file /Users/afraasheriff/Library/Developer/Xcode/DerivedData/ModuleCache.noindex/Session.modulevalidation -Xcc -I/Users/afraasheriff/Library/Developer/Xcode/DerivedData/Lumen-alopeafjorucwmhfuymhyhjqofhs/Build/Intermediates.noindex/Lumen.build/Debug/Lumen.build/swift-overrides.hmap -emit-const-values -Xfrontend -const-gather-protocols-file -Xfrontend /Users/afraasheriff/Library/Developer/Xcode/DerivedData/Lumen-alopeafjorucwmhfuymhyhjqofhs/Build/Intermediates.noindex/Lumen.build/Debug/Lumen.build/Objects-normal/arm64/Lumen_const_extract_protocols.json -Xcc -iquote -Xcc /Users/afraasheriff/Library/Developer/Xcode/DerivedData/Lumen-alopeafjorucwmhfuymhyhjqofhs/Build/Intermediates.noindex/Lumen.build/Debug/Lumen.build/Lumen-generated-files.hmap -Xcc -I/Users/afraasheriff/Library/Developer/Xcode/DerivedData/Lumen-alopeafjorucwmhfuymhyhjqofhs/Build/Intermediates.noindex/Lumen.build/Debug/Lumen.build/Lumen-own-target-headers.hmap -Xcc -I/Users/afraasheriff/Library/Developer/Xcode/DerivedData/Lumen-alopeafjorucwmhfuymhyhjqofhs/Build/Intermediates.noindex/Lumen.build/Debug/Lumen.build/Lumen-all-target-headers.hmap -Xcc -iquote -Xcc /Users/afraasheriff/Library/Developer/Xcode/DerivedData/Lumen-alopeafjorucwmhfuymhyhjqofhs/Build/Intermediates.noindex/Lumen.build/Debug/Lumen.build/Lumen-project-headers.hmap -Xcc -I/Users/afraasheriff/Library/Developer/Xcode/DerivedData/Lumen-alopeafjorucwmhfuymhyhjqofhs/Build/Products/Debug/include -Xcc -I/opt/homebrew/include -Xcc -I/Users/afraasheriff/Library/Developer/Xcode/DerivedData/Lumen-alopeafjorucwmhfuymhyhjqofhs/Build/Intermediates.noindex/Lumen.build/Debug/Lumen.build/DerivedSources-normal/arm64 -Xcc -I/Users/afraasheriff/Library/Developer/Xcode/DerivedData/Lumen-alopeafjorucwmhfuymhyhjqofhs/Build/Intermediates.noindex/Lumen.build/Debug/Lumen.build/DerivedSources/arm64 -Xcc -I/Users/afraasheriff/Library/Developer/Xcode/DerivedData/Lumen-alopeafjorucwmhfuymhyhjqofhs/Build/Intermediates.noindex/Lumen.build/Debug/Lumen.build/DerivedSources -Xcc -DDEBUG\=1 -emit-objc-header -emit-objc-header-path /Users/afraasheriff/Library/Developer/Xcode/DerivedData/Lumen-alopeafjorucwmhfuymhyhjqofhs/Build/Intermediates.noindex/Lumen.build/Debug/Lumen.build/Objects-normal/arm64/Lumen-Swift.h -import-objc-header /Users/afraasheriff/Desktop/Projects_List/Lumen/Lumen/Lumen-Bridging-Header.h -working-directory /Users/afraasheriff/Desktop/Projects_List/Lumen -experimental-emit-module-separately -disable-cmo

SwiftMergeGeneratedHeaders /Users/afraasheriff/Library/Developer/Xcode/DerivedData/Lumen-alopeafjorucwmhfuymhyhjqofhs/Build/Intermediates.noindex/Lumen.build/Debug/Lumen.build/DerivedSources/Lumen-Swift.h /Users/afraasheriff/Library/Developer/Xcode/DerivedData/Lumen-alopeafjorucwmhfuymhyhjqofhs/Build/Intermediates.noindex/Lumen.build/Debug/Lumen.build/Objects-normal/arm64/Lumen-Swift.h (in target 'Lumen' from project 'Lumen')
    cd /Users/afraasheriff/Desktop/Projects_List/Lumen
    builtin-swiftHeaderTool -arch arm64 /Users/afraasheriff/Library/Developer/Xcode/DerivedData/Lumen-alopeafjorucwmhfuymhyhjqofhs/Build/Intermediates.noindex/Lumen.build/Debug/Lumen.build/Objects-normal/arm64/Lumen-Swift.h -o /Users/afraasheriff/Library/Developer/Xcode/DerivedData/Lumen-alopeafjorucwmhfuymhyhjqofhs/Build/Intermediates.noindex/Lumen.build/Debug/Lumen.build/DerivedSources/Lumen-Swift.h

Copy /Users/afraasheriff/Library/Developer/Xcode/DerivedData/Lumen-alopeafjorucwmhfuymhyhjqofhs/Build/Products/Debug/Lumen.swiftmodule/arm64-apple-macos.swiftmodule /Users/afraasheriff/Library/Developer/Xcode/DerivedData/Lumen-alopeafjorucwmhfuymhyhjqofhs/Build/Intermediates.noindex/Lumen.build/Debug/Lumen.build/Objects-normal/arm64/Lumen.swiftmodule (in target 'Lumen' from project 'Lumen')
    cd /Users/afraasheriff/Desktop/Projects_List/Lumen
    builtin-copy -exclude .DS_Store -exclude CVS -exclude .svn -exclude .git -exclude .hg -resolve-src-symlinks -rename /Users/afraasheriff/Library/Developer/Xcode/DerivedData/Lumen-alopeafjorucwmhfuymhyhjqofhs/Build/Intermediates.noindex/Lumen.build/Debug/Lumen.build/Objects-normal/arm64/Lumen.swiftmodule /Users/afraasheriff/Library/Developer/Xcode/DerivedData/Lumen-alopeafjorucwmhfuymhyhjqofhs/Build/Products/Debug/Lumen.swiftmodule/arm64-apple-macos.swiftmodule

Copy /Users/afraasheriff/Library/Developer/Xcode/DerivedData/Lumen-alopeafjorucwmhfuymhyhjqofhs/Build/Products/Debug/Lumen.swiftmodule/arm64-apple-macos.swiftdoc /Users/afraasheriff/Library/Developer/Xcode/DerivedData/Lumen-alopeafjorucwmhfuymhyhjqofhs/Build/Intermediates.noindex/Lumen.build/Debug/Lumen.build/Objects-normal/arm64/Lumen.swiftdoc (in target 'Lumen' from project 'Lumen')
    cd /Users/afraasheriff/Desktop/Projects_List/Lumen
    builtin-copy -exclude .DS_Store -exclude CVS -exclude .svn -exclude .git -exclude .hg -resolve-src-symlinks -rename /Users/afraasheriff/Library/Developer/Xcode/DerivedData/Lumen-alopeafjorucwmhfuymhyhjqofhs/Build/Intermediates.noindex/Lumen.build/Debug/Lumen.build/Objects-normal/arm64/Lumen.swiftdoc /Users/afraasheriff/Library/Developer/Xcode/DerivedData/Lumen-alopeafjorucwmhfuymhyhjqofhs/Build/Products/Debug/Lumen.swiftmodule/arm64-apple-macos.swiftdoc

Copy /Users/afraasheriff/Library/Developer/Xcode/DerivedData/Lumen-alopeafjorucwmhfuymhyhjqofhs/Build/Products/Debug/Lumen.swiftmodule/arm64-apple-macos.abi.json /Users/afraasheriff/Library/Developer/Xcode/DerivedData/Lumen-alopeafjorucwmhfuymhyhjqofhs/Build/Intermediates.noindex/Lumen.build/Debug/Lumen.build/Objects-normal/arm64/Lumen.abi.json (in target 'Lumen' from project 'Lumen')
    cd /Users/afraasheriff/Desktop/Projects_List/Lumen
    builtin-copy -exclude .DS_Store -exclude CVS -exclude .svn -exclude .git -exclude .hg -resolve-src-symlinks -rename /Users/afraasheriff/Library/Developer/Xcode/DerivedData/Lumen-alopeafjorucwmhfuymhyhjqofhs/Build/Intermediates.noindex/Lumen.build/Debug/Lumen.build/Objects-normal/arm64/Lumen.abi.json /Users/afraasheriff/Library/Developer/Xcode/DerivedData/Lumen-alopeafjorucwmhfuymhyhjqofhs/Build/Products/Debug/Lumen.swiftmodule/arm64-apple-macos.abi.json

Copy /Users/afraasheriff/Library/Developer/Xcode/DerivedData/Lumen-alopeafjorucwmhfuymhyhjqofhs/Build/Products/Debug/Lumen.swiftmodule/Project/arm64-apple-macos.swiftsourceinfo /Users/afraasheriff/Library/Developer/Xcode/DerivedData/Lumen-alopeafjorucwmhfuymhyhjqofhs/Build/Intermediates.noindex/Lumen.build/Debug/Lumen.build/Objects-normal/arm64/Lumen.swiftsourceinfo (in target 'Lumen' from project 'Lumen')
    cd /Users/afraasheriff/Desktop/Projects_List/Lumen
    builtin-copy -exclude .DS_Store -exclude CVS -exclude .svn -exclude .git -exclude .hg -resolve-src-symlinks -rename /Users/afraasheriff/Library/Developer/Xcode/DerivedData/Lumen-alopeafjorucwmhfuymhyhjqofhs/Build/Intermediates.noindex/Lumen.build/Debug/Lumen.build/Objects-normal/arm64/Lumen.swiftsourceinfo /Users/afraasheriff/Library/Developer/Xcode/DerivedData/Lumen-alopeafjorucwmhfuymhyhjqofhs/Build/Products/Debug/Lumen.swiftmodule/Project/arm64-apple-macos.swiftsourceinfo

CompileC /Users/afraasheriff/Library/Developer/Xcode/DerivedData/Lumen-alopeafjorucwmhfuymhyhjqofhs/Build/Intermediates.noindex/Lumen.build/Debug/Lumen.build/Objects-normal/arm64/ios_bridge.o /Users/afraasheriff/Desktop/Projects_List/Lumen/Lumen/iOSBridge/ios_bridge.mm normal arm64 objective-c++ com.apple.compilers.llvm.clang.1_0.compiler (in target 'Lumen' from project 'Lumen')
    cd /Users/afraasheriff/Desktop/Projects_List/Lumen
    
    Using response file: /Users/afraasheriff/Library/Developer/Xcode/DerivedData/Lumen-alopeafjorucwmhfuymhyhjqofhs/Build/Intermediates.noindex/Lumen.build/Debug/Lumen.build/Objects-normal/arm64/af3fcb34312c57c0f52879cdce924b91-common-args.resp
    
    /Applications/Xcode.app/Contents/Developer/Toolchains/XcodeDefault.xctoolchain/usr/bin/clang -x objective-c++ -ivfsstatcache /Users/afraasheriff/Library/Developer/Xcode/DerivedData/SDKStatCaches.noindex/macosx26.1-25B74-3885c01c3e6b6a337905948deab2002e3ae1261907bdadc328169391a47051a6.sdkstatcache -fmessage-length\=0 -fdiagnostics-show-note-include-stack -fmacro-backtrace-limit\=0 -fno-color-diagnostics -fmodules-prune-interval\=86400 -fmodules-prune-after\=345600 -fbuild-session-file\=/Users/afraasheriff/Library/Developer/Xcode/DerivedData/ModuleCache.noindex/Session.modulevalidation -fmodules-validate-once-per-build-session -Wnon-modular-include-in-framework-module -Werror\=non-modular-include-in-framework-module -Wno-trigraphs -Wno-missing-field-initializers -Wno-missing-prototypes -Werror\=return-type -Wdocumentation -Wunreachable-code -Wquoted-include-in-framework-header -Wno-implicit-atomic-properties -Werror\=deprecated-objc-isa-usage -Wno-objc-interface-ivars -Werror\=objc-root-class -Wno-arc-repeated-use-of-weak -Wimplicit-retain-self -Wno-non-virtual-dtor -Wno-overloaded-virtual -Wno-exit-time-destructors -Wduplicate-method-match -Wno-missing-braces -Wparentheses -Wswitch -Wunused-function -Wno-unused-label -Wno-unused-parameter -Wunused-variable -Wunused-value -Wempty-body -Wuninitialized -Wconditional-uninitialized -Wno-unknown-pragmas -Wno-shadow -Wno-four-char-constants -Wno-conversion -Wconstant-conversion -Wint-conversion -Wbool-conversion -Wenum-conversion -Wno-float-conversion -Wnon-literal-null-conversion -Wobjc-literal-conversion -Wshorten-64-to-32 -Wno-newline-eof -Wno-selector -Wno-strict-selector-match -Wundeclared-selector -Wdeprecated-implementations -Wno-c++11-extensions -Wno-implicit-fallthrough -fstrict-aliasing -Wprotocol -Wdeprecated-declarations -Winvalid-offsetof -Wno-sign-conversion -Winfinite-recursion -Wmove -Wcomma -Wblock-capture-autoreleasing -Wstrict-prototypes -Wrange-loop-analysis -Wno-semicolon-before-method-body -Wunguarded-availability -index-store-path /Users/afraasheriff/Library/Developer/Xcode/DerivedData/Lumen-alopeafjorucwmhfuymhyhjqofhs/Index.noindex/DataStore @/Users/afraasheriff/Library/Developer/Xcode/DerivedData/Lumen-alopeafjorucwmhfuymhyhjqofhs/Build/Intermediates.noindex/Lumen.build/Debug/Lumen.build/Objects-normal/arm64/af3fcb34312c57c0f52879cdce924b91-common-args.resp -MMD -MT dependencies -MF /Users/afraasheriff/Library/Developer/Xcode/DerivedData/Lumen-alopeafjorucwmhfuymhyhjqofhs/Build/Intermediates.noindex/Lumen.build/Debug/Lumen.build/Objects-normal/arm64/ios_bridge.d --serialize-diagnostics /Users/afraasheriff/Library/Developer/Xcode/DerivedData/Lumen-alopeafjorucwmhfuymhyhjqofhs/Build/Intermediates.noindex/Lumen.build/Debug/Lumen.build/Objects-normal/arm64/ios_bridge.dia -c /Users/afraasheriff/Desktop/Projects_List/Lumen/Lumen/iOSBridge/ios_bridge.mm -o /Users/afraasheriff/Library/Developer/Xcode/DerivedData/Lumen-alopeafjorucwmhfuymhyhjqofhs/Build/Intermediates.noindex/Lumen.build/Debug/Lumen.build/Objects-normal/arm64/ios_bridge.o -index-unit-output-path /Lumen.build/Debug/Lumen.build/Objects-normal/arm64/ios_bridge.o

CompileC /Users/afraasheriff/Library/Developer/Xcode/DerivedData/Lumen-alopeafjorucwmhfuymhyhjqofhs/Build/Intermediates.noindex/Lumen.build/Debug/Lumen.build/Objects-normal/arm64/iOSBridge.o /Users/afraasheriff/Desktop/Projects_List/Lumen/Lumen/iOSBridge/src/iOSBridge.cpp normal arm64 c++ com.apple.compilers.llvm.clang.1_0.compiler (in target 'Lumen' from project 'Lumen')
    cd /Users/afraasheriff/Desktop/Projects_List/Lumen
    
    Using response file: /Users/afraasheriff/Library/Developer/Xcode/DerivedData/Lumen-alopeafjorucwmhfuymhyhjqofhs/Build/Intermediates.noindex/Lumen.build/Debug/Lumen.build/Objects-normal/arm64/82b82416624d2658e5098eb0a28c15c5-common-args.resp
    
    /Applications/Xcode.app/Contents/Developer/Toolchains/XcodeDefault.xctoolchain/usr/bin/clang -x c++ -ivfsstatcache /Users/afraasheriff/Library/Developer/Xcode/DerivedData/SDKStatCaches.noindex/macosx26.1-25B74-3885c01c3e6b6a337905948deab2002e3ae1261907bdadc328169391a47051a6.sdkstatcache -fmessage-length\=0 -fdiagnostics-show-note-include-stack -fmacro-backtrace-limit\=0 -fno-color-diagnostics -fmodules-prune-interval\=86400 -fmodules-prune-after\=345600 -fbuild-session-file\=/Users/afraasheriff/Library/Developer/Xcode/DerivedData/ModuleCache.noindex/Session.modulevalidation -fmodules-validate-once-per-build-session -Wnon-modular-include-in-framework-module -Werror\=non-modular-include-in-framework-module -Wno-trigraphs -Wno-missing-field-initializers -Wno-missing-prototypes -Werror\=return-type -Wdocumentation -Wunreachable-code -Wquoted-include-in-framework-header -Werror\=deprecated-objc-isa-usage -Werror\=objc-root-class -Wno-non-virtual-dtor -Wno-overloaded-virtual -Wno-exit-time-destructors -Wno-missing-braces -Wparentheses -Wswitch -Wunused-function -Wno-unused-label -Wno-unused-parameter -Wunused-variable -Wunused-value -Wempty-body -Wuninitialized -Wconditional-uninitialized -Wno-unknown-pragmas -Wno-shadow -Wno-four-char-constants -Wno-conversion -Wconstant-conversion -Wint-conversion -Wbool-conversion -Wenum-conversion -Wno-float-conversion -Wnon-literal-null-conversion -Wobjc-literal-conversion -Wshorten-64-to-32 -Wno-newline-eof -Wno-c++11-extensions -Wno-implicit-fallthrough -fstrict-aliasing -Wdeprecated-declarations -Winvalid-offsetof -Wno-sign-conversion -Winfinite-recursion -Wmove -Wcomma -Wblock-capture-autoreleasing -Wstrict-prototypes -Wrange-loop-analysis -Wno-semicolon-before-method-body -Wunguarded-availability -index-store-path /Users/afraasheriff/Library/Developer/Xcode/DerivedData/Lumen-alopeafjorucwmhfuymhyhjqofhs/Index.noindex/DataStore @/Users/afraasheriff/Library/Developer/Xcode/DerivedData/Lumen-alopeafjorucwmhfuymhyhjqofhs/Build/Intermediates.noindex/Lumen.build/Debug/Lumen.build/Objects-normal/arm64/82b82416624d2658e5098eb0a28c15c5-common-args.resp -MMD -MT dependencies -MF /Users/afraasheriff/Library/Developer/Xcode/DerivedData/Lumen-alopeafjorucwmhfuymhyhjqofhs/Build/Intermediates.noindex/Lumen.build/Debug/Lumen.build/Objects-normal/arm64/iOSBridge.d --serialize-diagnostics /Users/afraasheriff/Library/Developer/Xcode/DerivedData/Lumen-alopeafjorucwmhfuymhyhjqofhs/Build/Intermediates.noindex/Lumen.build/Debug/Lumen.build/Objects-normal/arm64/iOSBridge.dia -c /Users/afraasheriff/Desktop/Projects_List/Lumen/Lumen/iOSBridge/src/iOSBridge.cpp -o /Users/afraasheriff/Library/Developer/Xcode/DerivedData/Lumen-alopeafjorucwmhfuymhyhjqofhs/Build/Intermediates.noindex/Lumen.build/Debug/Lumen.build/Objects-normal/arm64/iOSBridge.o -index-unit-output-path /Lumen.build/Debug/Lumen.build/Objects-normal/arm64/iOSBridge.o
In file included from /Users/afraasheriff/Desktop/Projects_List/Lumen/Lumen/iOSBridge/src/iOSBridge.cpp:2:
/opt/homebrew/include/libimobiledevice/libimobiledevice.h:151:5: warning: declaration is marked with '@deprecated' command but does not have a deprecation attribute [-Wdocumentation-deprecated-sync]
  151 |  * @deprecated Use idevice_events_subscribe() instead.
      |    ~^~~~~~~~~~~~~~~~~~~~~~~~~~~~~~~~~~~~~~~~~~~~~~~~~~
/opt/homebrew/include/libimobiledevice/libimobiledevice.h:159:22: note: add a deprecation attribute to the declaration to silence this warning
  159 | LIBIMOBILEDEVICE_API idevice_error_t idevice_event_subscribe(idevice_event_cb_t callback, void *user_data);
      |                      ^
      |                      __AVAILABILITY_INTERNAL_DEPRECATED 
/opt/homebrew/include/libimobiledevice/libimobiledevice.h:165:5: warning: declaration is marked with '@deprecated' command but does not have a deprecation attribute [-Wdocumentation-deprecated-sync]
  165 |  * @deprecated Use idevice_events_unsubscribe() instead.
      |    ~^~~~~~~~~~~~~~~~~~~~~~~~~~~~~~~~~~~~~~~~~~~~~~~~~~~~
/opt/homebrew/include/libimobiledevice/libimobiledevice.h:169:22: note: add a deprecation attribute to the declaration to silence this warning
  169 | LIBIMOBILEDEVICE_API idevice_error_t idevice_event_unsubscribe(void);
      |                      ^
      |                      __AVAILABILITY_INTERNAL_DEPRECATED 
/opt/homebrew/include/libimobiledevice/libimobiledevice.h:412:11: warning: parameter 'client' not found in the function declaration [-Wdocumentation]
  412 |  * @param client Initialized device client
      |           ^~~~~~
/opt/homebrew/include/libimobiledevice/libimobiledevice.h:412:11: note: did you mean 'device'?
  412 |  * @param client Initialized device client
      |           ^~~~~~
      |           device
/Users/afraasheriff/Desktop/Projects_List/Lumen/Lumen/iOSBridge/src/iOSBridge.cpp:404:62: warning: implicit conversion loses integer precision: 'size_t' (aka 'unsigned long') to 'uint32_t' (aka 'unsigned int') [-Wshorten-64-to-32]
  404 |         err = afc_file_write(afc_client, afc_handle, buffer, read, &bytes_written);
      |               ~~~~~~~~~~~~~~                                 ^~~~
4 warnings generated.

CompileC /Users/afraasheriff/Library/Developer/Xcode/DerivedData/Lumen-alopeafjorucwmhfuymhyhjqofhs/Build/Intermediates.noindex/Lumen.build/Debug/Lumen.build/Objects-normal/arm64/MTPBridge.o /Users/afraasheriff/Desktop/Projects_List/Lumen/Lumen/MTPBridge.cpp normal arm64 c++ com.apple.compilers.llvm.clang.1_0.compiler (in target 'Lumen' from project 'Lumen')
    cd /Users/afraasheriff/Desktop/Projects_List/Lumen
    
    Using response file: /Users/afraasheriff/Library/Developer/Xcode/DerivedData/Lumen-alopeafjorucwmhfuymhyhjqofhs/Build/Intermediates.noindex/Lumen.build/Debug/Lumen.build/Objects-normal/arm64/82b82416624d2658e5098eb0a28c15c5-common-args.resp
    
    /Applications/Xcode.app/Contents/Developer/Toolchains/XcodeDefault.xctoolchain/usr/bin/clang -x c++ -ivfsstatcache /Users/afraasheriff/Library/Developer/Xcode/DerivedData/SDKStatCaches.noindex/macosx26.1-25B74-3885c01c3e6b6a337905948deab2002e3ae1261907bdadc328169391a47051a6.sdkstatcache -fmessage-length\=0 -fdiagnostics-show-note-include-stack -fmacro-backtrace-limit\=0 -fno-color-diagnostics -fmodules-prune-interval\=86400 -fmodules-prune-after\=345600 -fbuild-session-file\=/Users/afraasheriff/Library/Developer/Xcode/DerivedData/ModuleCache.noindex/Session.modulevalidation -fmodules-validate-once-per-build-session -Wnon-modular-include-in-framework-module -Werror\=non-modular-include-in-framework-module -Wno-trigraphs -Wno-missing-field-initializers -Wno-missing-prototypes -Werror\=return-type -Wdocumentation -Wunreachable-code -Wquoted-include-in-framework-header -Werror\=deprecated-objc-isa-usage -Werror\=objc-root-class -Wno-non-virtual-dtor -Wno-overloaded-virtual -Wno-exit-time-destructors -Wno-missing-braces -Wparentheses -Wswitch -Wunused-function -Wno-unused-label -Wno-unused-parameter -Wunused-variable -Wunused-value -Wempty-body -Wuninitialized -Wconditional-uninitialized -Wno-unknown-pragmas -Wno-shadow -Wno-four-char-constants -Wno-conversion -Wconstant-conversion -Wint-conversion -Wbool-conversion -Wenum-conversion -Wno-float-conversion -Wnon-literal-null-conversion -Wobjc-literal-conversion -Wshorten-64-to-32 -Wno-newline-eof -Wno-c++11-extensions -Wno-implicit-fallthrough -fstrict-aliasing -Wdeprecated-declarations -Winvalid-offsetof -Wno-sign-conversion -Winfinite-recursion -Wmove -Wcomma -Wblock-capture-autoreleasing -Wstrict-prototypes -Wrange-loop-analysis -Wno-semicolon-before-method-body -Wunguarded-availability -index-store-path /Users/afraasheriff/Library/Developer/Xcode/DerivedData/Lumen-alopeafjorucwmhfuymhyhjqofhs/Index.noindex/DataStore @/Users/afraasheriff/Library/Developer/Xcode/DerivedData/Lumen-alopeafjorucwmhfuymhyhjqofhs/Build/Intermediates.noindex/Lumen.build/Debug/Lumen.build/Objects-normal/arm64/82b82416624d2658e5098eb0a28c15c5-common-args.resp -MMD -MT dependencies -MF /Users/afraasheriff/Library/Developer/Xcode/DerivedData/Lumen-alopeafjorucwmhfuymhyhjqofhs/Build/Intermediates.noindex/Lumen.build/Debug/Lumen.build/Objects-normal/arm64/MTPBridge.d --serialize-diagnostics /Users/afraasheriff/Library/Developer/Xcode/DerivedData/Lumen-alopeafjorucwmhfuymhyhjqofhs/Build/Intermediates.noindex/Lumen.build/Debug/Lumen.build/Objects-normal/arm64/MTPBridge.dia -c /Users/afraasheriff/Desktop/Projects_List/Lumen/Lumen/MTPBridge.cpp -o /Users/afraasheriff/Library/Developer/Xcode/DerivedData/Lumen-alopeafjorucwmhfuymhyhjqofhs/Build/Intermediates.noindex/Lumen.build/Debug/Lumen.build/Objects-normal/arm64/MTPBridge.o -index-unit-output-path /Lumen.build/Debug/Lumen.build/Objects-normal/arm64/MTPBridge.o

SwiftDriverJobDiscovery normal arm64 Compiling GeminiService.swift, HoverEffect.swift, IconHelper.swift (in target 'Lumen' from project 'Lumen')

SwiftDriverJobDiscovery normal arm64 Compiling FileScanner.swift, FileService.swift, FileSystemItem.swift (in target 'Lumen' from project 'Lumen')

SwiftDriverJobDiscovery normal arm64 Compiling SidebarView.swift, SortingView.swift (in target 'Lumen' from project 'Lumen')

SwiftDriverJobDiscovery normal arm64 Compiling TransferManager.swift, TransferProgressView.swift (in target 'Lumen' from project 'Lumen')

SwiftDriverJobDiscovery normal arm64 Compiling iOSDeviceService.swift, LocalFileService.swift, LumenApp.swift (in target 'Lumen' from project 'Lumen')

SwiftDriverJobDiscovery normal arm64 Compiling ADBService.swift, AISearchView.swift, BuyMeACoffeeButton.swift (in target 'Lumen' from project 'Lumen')

SwiftDriverJobDiscovery normal arm64 Compiling FileBrowserView.swift, FileInfoView.swift, FilePromiseHelper.swift (in target 'Lumen' from project 'Lumen')

LinkAssetCatalog /Users/afraasheriff/Desktop/Projects_List/Lumen/Lumen/Assets.xcassets (in target 'Lumen' from project 'Lumen')
    cd /Users/afraasheriff/Desktop/Projects_List/Lumen
    builtin-linkAssetCatalog --thinned /Users/afraasheriff/Library/Developer/Xcode/DerivedData/Lumen-alopeafjorucwmhfuymhyhjqofhs/Build/Intermediates.noindex/Lumen.build/Debug/Lumen.build/assetcatalog_output/thinned --thinned-dependencies /Users/afraasheriff/Library/Developer/Xcode/DerivedData/Lumen-alopeafjorucwmhfuymhyhjqofhs/Build/Intermediates.noindex/Lumen.build/Debug/Lumen.build/assetcatalog_dependencies_thinned --thinned-info-plist-content /Users/afraasheriff/Library/Developer/Xcode/DerivedData/Lumen-alopeafjorucwmhfuymhyhjqofhs/Build/Intermediates.noindex/Lumen.build/Debug/Lumen.build/assetcatalog_generated_info.plist_thinned --unthinned /Users/afraasheriff/Library/Developer/Xcode/DerivedData/Lumen-alopeafjorucwmhfuymhyhjqofhs/Build/Intermediates.noindex/Lumen.build/Debug/Lumen.build/assetcatalog_output/unthinned --unthinned-dependencies /Users/afraasheriff/Library/Developer/Xcode/DerivedData/Lumen-alopeafjorucwmhfuymhyhjqofhs/Build/Intermediates.noindex/Lumen.build/Debug/Lumen.build/assetcatalog_dependencies_unthinned --unthinned-info-plist-content /Users/afraasheriff/Library/Developer/Xcode/DerivedData/Lumen-alopeafjorucwmhfuymhyhjqofhs/Build/Intermediates.noindex/Lumen.build/Debug/Lumen.build/assetcatalog_generated_info.plist_unthinned --output /Users/afraasheriff/Library/Developer/Xcode/DerivedData/Lumen-alopeafjorucwmhfuymhyhjqofhs/Build/Products/Debug/Lumen.app/Contents/Resources --plist-output /Users/afraasheriff/Library/Developer/Xcode/DerivedData/Lumen-alopeafjorucwmhfuymhyhjqofhs/Build/Intermediates.noindex/Lumen.build/Debug/Lumen.build/assetcatalog_generated_info.plist
note: Emplaced /Users/afraasheriff/Library/Developer/Xcode/DerivedData/Lumen-alopeafjorucwmhfuymhyhjqofhs/Build/Products/Debug/Lumen.app/Contents/Resources/Assets.car (in target 'Lumen' from project 'Lumen')
note: Emplaced /Users/afraasheriff/Library/Developer/Xcode/DerivedData/Lumen-alopeafjorucwmhfuymhyhjqofhs/Build/Products/Debug/Lumen.app/Contents/Resources/AppIcon.icns (in target 'Lumen' from project 'Lumen')

ProcessInfoPlistFile /Users/afraasheriff/Library/Developer/Xcode/DerivedData/Lumen-alopeafjorucwmhfuymhyhjqofhs/Build/Products/Debug/Lumen.app/Contents/Info.plist /Users/afraasheriff/Library/Developer/Xcode/DerivedData/Lumen-alopeafjorucwmhfuymhyhjqofhs/Build/Intermediates.noindex/Lumen.build/Debug/Lumen.build/empty-Lumen.plist (in target 'Lumen' from project 'Lumen')
    cd /Users/afraasheriff/Desktop/Projects_List/Lumen
    builtin-infoPlistUtility /Users/afraasheriff/Library/Developer/Xcode/DerivedData/Lumen-alopeafjorucwmhfuymhyhjqofhs/Build/Intermediates.noindex/Lumen.build/Debug/Lumen.build/empty-Lumen.plist -producttype com.apple.product-type.application -genpkginfo /Users/afraasheriff/Library/Developer/Xcode/DerivedData/Lumen-alopeafjorucwmhfuymhyhjqofhs/Build/Products/Debug/Lumen.app/Contents/PkgInfo -expandbuildsettings -platform macosx -additionalcontentfile /Users/afraasheriff/Library/Developer/Xcode/DerivedData/Lumen-alopeafjorucwmhfuymhyhjqofhs/Build/Intermediates.noindex/Lumen.build/Debug/Lumen.build/assetcatalog_generated_info.plist -o /Users/afraasheriff/Library/Developer/Xcode/DerivedData/Lumen-alopeafjorucwmhfuymhyhjqofhs/Build/Products/Debug/Lumen.app/Contents/Info.plist

SwiftDriverJobDiscovery normal arm64 Compiling MainView.swift, MTPService.swift (in target 'Lumen' from project 'Lumen')

SwiftDriver\ Compilation Lumen normal arm64 com.apple.xcode.tools.swift.compiler (in target 'Lumen' from project 'Lumen')
    cd /Users/afraasheriff/Desktop/Projects_List/Lumen
    builtin-Swift-Compilation -- /Applications/Xcode.app/Contents/Developer/Toolchains/XcodeDefault.xctoolchain/usr/bin/swiftc -module-name Lumen -Onone -enforce-exclusivity\=checked @/Users/afraasheriff/Library/Developer/Xcode/DerivedData/Lumen-alopeafjorucwmhfuymhyhjqofhs/Build/Intermediates.noindex/Lumen.build/Debug/Lumen.build/Objects-normal/arm64/Lumen.SwiftFileList -DDEBUG -default-isolation\=MainActor -enable-bare-slash-regex -enable-upcoming-feature DisableOutwardActorInference -enable-upcoming-feature InferSendableFromCaptures -enable-upcoming-feature GlobalActorIsolatedTypesUsability -enable-upcoming-feature MemberImportVisibility -enable-upcoming-feature InferIsolatedConformances -enable-upcoming-feature NonisolatedNonsendingByDefault -enable-experimental-feature DebugDescriptionMacro -sdk /Applications/Xcode.app/Contents/Developer/Platforms/MacOSX.platform/Developer/SDKs/MacOSX26.1.sdk -target arm64-apple-macos26.0 -g -module-cache-path /Users/afraasheriff/Library/Developer/Xcode/DerivedData/ModuleCache.noindex -Xfrontend -serialize-debugging-options -profile-coverage-mapping -profile-generate -enable-testing -index-store-path /Users/afraasheriff/Library/Developer/Xcode/DerivedData/Lumen-alopeafjorucwmhfuymhyhjqofhs/Index.noindex/DataStore -Xcc -D_LIBCPP_HARDENING_MODE\=_LIBCPP_HARDENING_MODE_DEBUG -swift-version 5 -I /Users/afraasheriff/Library/Developer/Xcode/DerivedData/Lumen-alopeafjorucwmhfuymhyhjqofhs/Build/Products/Debug -F /Users/afraasheriff/Library/Developer/Xcode/DerivedData/Lumen-alopeafjorucwmhfuymhyhjqofhs/Build/Products/Debug -emit-localized-strings -emit-localized-strings-path /Users/afraasheriff/Library/Developer/Xcode/DerivedData/Lumen-alopeafjorucwmhfuymhyhjqofhs/Build/Intermediates.noindex/Lumen.build/Debug/Lumen.build/Objects-normal/arm64 -c -j10 -enable-batch-mode -incremental -Xcc -ivfsstatcache -Xcc /Users/afraasheriff/Library/Developer/Xcode/DerivedData/SDKStatCaches.noindex/macosx26.1-25B74-3885c01c3e6b6a337905948deab2002e3ae1261907bdadc328169391a47051a6.sdkstatcache -output-file-map /Users/afraasheriff/Library/Developer/Xcode/DerivedData/Lumen-alopeafjorucwmhfuymhyhjqofhs/Build/Intermediates.noindex/Lumen.build/Debug/Lumen.build/Objects-normal/arm64/Lumen-OutputFileMap.json -use-frontend-parseable-output -save-temps -no-color-diagnostics -explicit-module-build -module-cache-path /Users/afraasheriff/Library/Developer/Xcode/DerivedData/Lumen-alopeafjorucwmhfuymhyhjqofhs/Build/Intermediates.noindex/SwiftExplicitPrecompiledModules -clang-scanner-module-cache-path /Users/afraasheriff/Library/Developer/Xcode/DerivedData/ModuleCache.noindex -sdk-module-cache-path /Users/afraasheriff/Library/Developer/Xcode/DerivedData/ModuleCache.noindex -serialize-diagnostics -emit-dependencies -emit-module -emit-module-path /Users/afraasheriff/Library/Developer/Xcode/DerivedData/Lumen-alopeafjorucwmhfuymhyhjqofhs/Build/Intermediates.noindex/Lumen.build/Debug/Lumen.build/Objects-normal/arm64/Lumen.swiftmodule -validate-clang-modules-once -clang-build-session-file /Users/afraasheriff/Library/Developer/Xcode/DerivedData/ModuleCache.noindex/Session.modulevalidation -Xcc -I/Users/afraasheriff/Library/Developer/Xcode/DerivedData/Lumen-alopeafjorucwmhfuymhyhjqofhs/Build/Intermediates.noindex/Lumen.build/Debug/Lumen.build/swift-overrides.hmap -emit-const-values -Xfrontend -const-gather-protocols-file -Xfrontend /Users/afraasheriff/Library/Developer/Xcode/DerivedData/Lumen-alopeafjorucwmhfuymhyhjqofhs/Build/Intermediates.noindex/Lumen.build/Debug/Lumen.build/Objects-normal/arm64/Lumen_const_extract_protocols.json -Xcc -iquote -Xcc /Users/afraasheriff/Library/Developer/Xcode/DerivedData/Lumen-alopeafjorucwmhfuymhyhjqofhs/Build/Intermediates.noindex/Lumen.build/Debug/Lumen.build/Lumen-generated-files.hmap -Xcc -I/Users/afraasheriff/Library/Developer/Xcode/DerivedData/Lumen-alopeafjorucwmhfuymhyhjqofhs/Build/Intermediates.noindex/Lumen.build/Debug/Lumen.build/Lumen-own-target-headers.hmap -Xcc -I/Users/afraasheriff/Library/Developer/Xcode/DerivedData/Lumen-alopeafjorucwmhfuymhyhjqofhs/Build/Intermediates.noindex/Lumen.build/Debug/Lumen.build/Lumen-all-target-headers.hmap -Xcc -iquote -Xcc /Users/afraasheriff/Library/Developer/Xcode/DerivedData/Lumen-alopeafjorucwmhfuymhyhjqofhs/Build/Intermediates.noindex/Lumen.build/Debug/Lumen.build/Lumen-project-headers.hmap -Xcc -I/Users/afraasheriff/Library/Developer/Xcode/DerivedData/Lumen-alopeafjorucwmhfuymhyhjqofhs/Build/Products/Debug/include -Xcc -I/opt/homebrew/include -Xcc -I/Users/afraasheriff/Library/Developer/Xcode/DerivedData/Lumen-alopeafjorucwmhfuymhyhjqofhs/Build/Intermediates.noindex/Lumen.build/Debug/Lumen.build/DerivedSources-normal/arm64 -Xcc -I/Users/afraasheriff/Library/Developer/Xcode/DerivedData/Lumen-alopeafjorucwmhfuymhyhjqofhs/Build/Intermediates.noindex/Lumen.build/Debug/Lumen.build/DerivedSources/arm64 -Xcc -I/Users/afraasheriff/Library/Developer/Xcode/DerivedData/Lumen-alopeafjorucwmhfuymhyhjqofhs/Build/Intermediates.noindex/Lumen.build/Debug/Lumen.build/DerivedSources -Xcc -DDEBUG\=1 -emit-objc-header -emit-objc-header-path /Users/afraasheriff/Library/Developer/Xcode/DerivedData/Lumen-alopeafjorucwmhfuymhyhjqofhs/Build/Intermediates.noindex/Lumen.build/Debug/Lumen.build/Objects-normal/arm64/Lumen-Swift.h -import-objc-header /Users/afraasheriff/Desktop/Projects_List/Lumen/Lumen/Lumen-Bridging-Header.h -working-directory /Users/afraasheriff/Desktop/Projects_List/Lumen -experimental-emit-module-separately -disable-cmo

Ld /Users/afraasheriff/Library/Developer/Xcode/DerivedData/Lumen-alopeafjorucwmhfuymhyhjqofhs/Build/Products/Debug/Lumen.app/Contents/MacOS/Lumen.debug.dylib normal (in target 'Lumen' from project 'Lumen')
    cd /Users/afraasheriff/Desktop/Projects_List/Lumen
    /Applications/Xcode.app/Contents/Developer/Toolchains/XcodeDefault.xctoolchain/usr/bin/clang++ -Xlinker -reproducible -target arm64-apple-macos26.0 -dynamiclib -isysroot /Applications/Xcode.app/Contents/Developer/Platforms/MacOSX.platform/Developer/SDKs/MacOSX26.1.sdk -O0 -L/Users/afraasheriff/Library/Developer/Xcode/DerivedData/Lumen-alopeafjorucwmhfuymhyhjqofhs/Build/Intermediates.noindex/EagerLinkingTBDs/Debug -L/Users/afraasheriff/Library/Developer/Xcode/DerivedData/Lumen-alopeafjorucwmhfuymhyhjqofhs/Build/Products/Debug -L/opt/homebrew/lib -F/Users/afraasheriff/Library/Developer/Xcode/DerivedData/Lumen-alopeafjorucwmhfuymhyhjqofhs/Build/Intermediates.noindex/EagerLinkingTBDs/Debug -F/Users/afraasheriff/Library/Developer/Xcode/DerivedData/Lumen-alopeafjorucwmhfuymhyhjqofhs/Build/Products/Debug -filelist /Users/afraasheriff/Library/Developer/Xcode/DerivedData/Lumen-alopeafjorucwmhfuymhyhjqofhs/Build/Intermediates.noindex/Lumen.build/Debug/Lumen.build/Objects-normal/arm64/Lumen.LinkFileList -install_name @rpath/Lumen.debug.dylib -Xlinker -rpath -Xlinker @executable_path/../Frameworks -Xlinker -object_path_lto -Xlinker /Users/afraasheriff/Library/Developer/Xcode/DerivedData/Lumen-alopeafjorucwmhfuymhyhjqofhs/Build/Intermediates.noindex/Lumen.build/Debug/Lumen.build/Objects-normal/arm64/Lumen_lto.o -rdynamic -Xlinker -no_deduplicate -Xlinker -debug_variant -Xlinker -dependency_info -Xlinker /Users/afraasheriff/Library/Developer/Xcode/DerivedData/Lumen-alopeafjorucwmhfuymhyhjqofhs/Build/Intermediates.noindex/Lumen.build/Debug/Lumen.build/Objects-normal/arm64/Lumen_dependency_info.dat -fobjc-arc -fobjc-link-runtime -fprofile-instr-generate -L/Applications/Xcode.app/Contents/Developer/Toolchains/XcodeDefault.xctoolchain/usr/lib/swift/macosx -L/usr/lib/swift -Xlinker -add_ast_path -Xlinker /Users/afraasheriff/Library/Developer/Xcode/DerivedData/Lumen-alopeafjorucwmhfuymhyhjqofhs/Build/Intermediates.noindex/Lumen.build/Debug/Lumen.build/Objects-normal/arm64/Lumen.swiftmodule @/Users/afraasheriff/Library/Developer/Xcode/DerivedData/Lumen-alopeafjorucwmhfuymhyhjqofhs/Build/Intermediates.noindex/Lumen.build/Debug/Lumen.build/Objects-normal/arm64/Lumen-linker-args.resp -L/opt/homebrew/lib -lmtp -lusb-1.0 -Xlinker -alias -Xlinker _main -Xlinker ___debug_main_executable_dylib_entry_point -Xlinker -no_adhoc_codesign -o /Users/afraasheriff/Library/Developer/Xcode/DerivedData/Lumen-alopeafjorucwmhfuymhyhjqofhs/Build/Products/Debug/Lumen.app/Contents/MacOS/Lumen.debug.dylib
ld: warning: Could not parse or use implicit file '/Applications/Xcode.app/Contents/Developer/Platforms/MacOSX.platform/Developer/SDKs/MacOSX.sdk/System/Library/Frameworks/SwiftUICore.framework/Versions/A/SwiftUICore.tbd': cannot link directly with 'SwiftUICore' because product being built is not an allowed client of it
Undefined symbols for architecture arm64:
  "_afc_client_free", referenced from:
      _ios_disconnect in iOSBridge.o
      _ios_house_arrest_start in iOSBridge.o
      _ios_house_arrest_stop in iOSBridge.o
  "_afc_client_new_from_house_arrest_client", referenced from:
      _ios_house_arrest_start in iOSBridge.o
  "_afc_client_start_service", referenced from:
      check_device_state() in iOSBridge.o
  "_afc_dictionary_free", referenced from:
      _ios_list_files in iOSBridge.o
      _ios_list_files in iOSBridge.o
      _ios_list_files in iOSBridge.o
      _ios_download_file in iOSBridge.o
  "_afc_file_close", referenced from:
      _ios_download_file in iOSBridge.o
      _ios_download_file in iOSBridge.o
      _ios_download_file in iOSBridge.o
      _ios_upload_file in iOSBridge.o
      _ios_upload_file in iOSBridge.o
  "_afc_file_open", referenced from:
      _ios_download_file in iOSBridge.o
      _ios_upload_file in iOSBridge.o
  "_afc_file_read", referenced from:
      _ios_download_file in iOSBridge.o
  "_afc_file_write", referenced from:
      _ios_upload_file in iOSBridge.o
  "_afc_get_file_info", referenced from:
      _ios_list_files in iOSBridge.o
      _ios_download_file in iOSBridge.o
  "_afc_make_directory", referenced from:
      _ios_create_directory in iOSBridge.o
  "_afc_read_directory", referenced from:
      _ios_list_files in iOSBridge.o
  "_afc_remove_path", referenced from:
      _ios_delete_file in iOSBridge.o
  "_afc_remove_path_and_contents", referenced from:
      _ios_delete_file in iOSBridge.o
  "_house_arrest_client_free", referenced from:
      _ios_disconnect in iOSBridge.o
      _ios_house_arrest_start in iOSBridge.o
      _ios_house_arrest_start in iOSBridge.o
      _ios_house_arrest_stop in iOSBridge.o
  "_house_arrest_client_start_service", referenced from:
      _ios_house_arrest_start in iOSBridge.o
  "_house_arrest_send_command", referenced from:
      _ios_house_arrest_start in iOSBridge.o
  "_idevice_free", referenced from:
      _ios_disconnect in iOSBridge.o
  "_idevice_get_udid", referenced from:
      _ios_get_device_info in iOSBridge.o
  "_idevice_new", referenced from:
      _ios_connect in iOSBridge.o
  "_lockdownd_client_free", referenced from:
      _ios_disconnect in iOSBridge.o
  "_lockdownd_client_new_with_handshake", referenced from:
      check_device_state() in iOSBridge.o
  "_lockdownd_get_device_name", referenced from:
      _ios_get_device_info in iOSBridge.o
      _ios_get_device_name in iOSBridge.o
  "_lockdownd_get_value", referenced from:
      _ios_get_device_info in iOSBridge.o
  "_plist_free", referenced from:
      _ios_get_device_info in iOSBridge.o
  "_plist_get_node_type", referenced from:
      _ios_get_device_info in iOSBridge.o
  "_plist_get_string_val", referenced from:
      _ios_get_device_info in iOSBridge.o
ld: symbol(s) not found for architecture arm64
clang++: error: linker command failed with exit code 1 (use -v to see invocation)

** BUILD FAILED **


The following build commands failed:
	Ld /Users/afraasheriff/Library/Developer/Xcode/DerivedData/Lumen-alopeafjorucwmhfuymhyhjqofhs/Build/Products/Debug/Lumen.app/Contents/MacOS/Lumen.debug.dylib normal (in target 'Lumen' from project 'Lumen')
	Building project Lumen with scheme Lumen and configuration Debug
(2 failures)
