Found project in parent directory
Building Archive...
Command line invocation:
    /Applications/Xcode.app/Contents/Developer/usr/bin/xcodebuild -project Lumen.xcodeproj -scheme Lumen -configuration Release -archivePath ./build/Lumen.xcarchive archive ARCHS=arm64 HEADER_SEARCH_PATHS=/opt/homebrew/include LIBRARY_SEARCH_PATHS=/opt/homebrew/lib SWIFT_OBJC_BRIDGING_HEADER=Lumen/Lumen-Bridging-Header.h "OTHER_LDFLAGS=-L/opt/homebrew/lib -lmtp -lusb-1.0" CODE_SIGN_IDENTITY=- CODE_SIGNING_REQUIRED=NO CODE_SIGNING_ALLOWED=NO

Build settings from command line:
    ARCHS = arm64
    CODE_SIGN_IDENTITY = -
    CODE_SIGNING_ALLOWED = NO
    CODE_SIGNING_REQUIRED = NO
    HEADER_SEARCH_PATHS = /opt/homebrew/include
    LIBRARY_SEARCH_PATHS = /opt/homebrew/lib
    OTHER_LDFLAGS = -L/opt/homebrew/lib -lmtp -lusb-1.0
    SWIFT_OBJC_BRIDGING_HEADER = Lumen/Lumen-Bridging-Header.h

2025-11-25 17:47:52.726 xcodebuild[68440:841556] [MT] IDERunDestination: Supported platforms for the buildables in the current scheme is empty.
--- xcodebuild: WARNING: Using the first of multiple matching destinations:
{ platform:macOS, name:Any Mac }
{ platform:macOS, arch:arm64, id:00006001-001231A626FA401E, name:My Mac }
{ platform:macOS, arch:x86_64, id:00006001-001231A626FA401E, name:My Mac }
note: Using codesigning identity override: -
ComputePackagePrebuildTargetDependencyGraph

Prepare packages

CreateBuildRequest

SendProjectDescription

CreateBuildOperation

ComputeTargetDependencyGraph
note: Building targets in dependency order
note: Target dependency graph (1 target)
    Target 'Lumen' in project 'Lumen' (no dependencies)

GatherProvisioningInputs

CreateBuildDescription

ExecuteExternalTool /Applications/Xcode.app/Contents/Developer/Toolchains/XcodeDefault.xctoolchain/usr/bin/clang -v -E -dM -isysroot /Applications/Xcode.app/Contents/Developer/Platforms/MacOSX.platform/Developer/SDKs/MacOSX26.1.sdk -x c -c /dev/null

ExecuteExternalTool /Applications/Xcode.app/Contents/Developer/Toolchains/XcodeDefault.xctoolchain/usr/bin/clang -v -E -dM -arch arm64 -isysroot /Applications/Xcode.app/Contents/Developer/Platforms/MacOSX.platform/Developer/SDKs/MacOSX26.1.sdk -x c++ -c /dev/null

ExecuteExternalTool /Applications/Xcode.app/Contents/Developer/Toolchains/XcodeDefault.xctoolchain/usr/bin/clang -v -E -dM -arch arm64 -isysroot /Applications/Xcode.app/Contents/Developer/Platforms/MacOSX.platform/Developer/SDKs/MacOSX26.1.sdk -x c -c /dev/null

ExecuteExternalTool /Applications/Xcode.app/Contents/Developer/usr/bin/actool --version --output-format xml1

ExecuteExternalTool /Applications/Xcode.app/Contents/Developer/Toolchains/XcodeDefault.xctoolchain/usr/bin/swiftc --version

ExecuteExternalTool /Applications/Xcode.app/Contents/Developer/Toolchains/XcodeDefault.xctoolchain/usr/bin/ld -version_details

Build description signature: ef9dd882e8d10ef6b35fa32e91a56ca5
Build description path: /Users/afraasheriff/Library/Developer/Xcode/DerivedData/Lumen-alopeafjorucwmhfuymhyhjqofhs/Build/Intermediates.noindex/ArchiveIntermediates/Lumen/IntermediateBuildFilesPath/XCBuildData/ef9dd882e8d10ef6b35fa32e91a56ca5.xcbuilddata
CreateBuildDirectory /Users/afraasheriff/Library/Developer/Xcode/DerivedData/Lumen-alopeafjorucwmhfuymhyhjqofhs/Build/Intermediates.noindex/ArchiveIntermediates/Lumen/InstallationBuildProductsLocation
    cd /Users/afraasheriff/Desktop/Projects_List/Lumen/Lumen.xcodeproj
    builtin-create-build-directory /Users/afraasheriff/Library/Developer/Xcode/DerivedData/Lumen-alopeafjorucwmhfuymhyhjqofhs/Build/Intermediates.noindex/ArchiveIntermediates/Lumen/InstallationBuildProductsLocation

ClangStatCache /Applications/Xcode.app/Contents/Developer/Toolchains/XcodeDefault.xctoolchain/usr/bin/clang-stat-cache /Applications/Xcode.app/Contents/Developer/Platforms/MacOSX.platform/Developer/SDKs/MacOSX26.1.sdk /Users/afraasheriff/Library/Developer/Xcode/DerivedData/SDKStatCaches.noindex/macosx26.1-25B74-3ae1261907bdadc328169391a47051a6.sdkstatcache
    cd /Users/afraasheriff/Desktop/Projects_List/Lumen/Lumen.xcodeproj
    /Applications/Xcode.app/Contents/Developer/Toolchains/XcodeDefault.xctoolchain/usr/bin/clang-stat-cache /Applications/Xcode.app/Contents/Developer/Platforms/MacOSX.platform/Developer/SDKs/MacOSX26.1.sdk -o /Users/afraasheriff/Library/Developer/Xcode/DerivedData/SDKStatCaches.noindex/macosx26.1-25B74-3ae1261907bdadc328169391a47051a6.sdkstatcache

CreateBuildDirectory /Users/afraasheriff/Library/Developer/Xcode/DerivedData/Lumen-alopeafjorucwmhfuymhyhjqofhs/Build/Intermediates.noindex/ArchiveIntermediates/Lumen/BuildProductsPath
    cd /Users/afraasheriff/Desktop/Projects_List/Lumen/Lumen.xcodeproj
    builtin-create-build-directory /Users/afraasheriff/Library/Developer/Xcode/DerivedData/Lumen-alopeafjorucwmhfuymhyhjqofhs/Build/Intermediates.noindex/ArchiveIntermediates/Lumen/BuildProductsPath

CreateBuildDirectory /Users/afraasheriff/Library/Developer/Xcode/DerivedData/Lumen-alopeafjorucwmhfuymhyhjqofhs/Build/Intermediates.noindex/ArchiveIntermediates/Lumen/IntermediateBuildFilesPath
    cd /Users/afraasheriff/Desktop/Projects_List/Lumen/Lumen.xcodeproj
    builtin-create-build-directory /Users/afraasheriff/Library/Developer/Xcode/DerivedData/Lumen-alopeafjorucwmhfuymhyhjqofhs/Build/Intermediates.noindex/ArchiveIntermediates/Lumen/IntermediateBuildFilesPath

CreateBuildDirectory /Users/afraasheriff/Library/Developer/Xcode/DerivedData/Lumen-alopeafjorucwmhfuymhyhjqofhs/Build/Intermediates.noindex/ArchiveIntermediates/Lumen/IntermediateBuildFilesPath/SwiftExplicitPrecompiledModules
    cd /Users/afraasheriff/Desktop/Projects_List/Lumen/Lumen.xcodeproj
    builtin-create-build-directory /Users/afraasheriff/Library/Developer/Xcode/DerivedData/Lumen-alopeafjorucwmhfuymhyhjqofhs/Build/Intermediates.noindex/ArchiveIntermediates/Lumen/IntermediateBuildFilesPath/SwiftExplicitPrecompiledModules

CreateBuildDirectory /Users/afraasheriff/Library/Developer/Xcode/DerivedData/Lumen-alopeafjorucwmhfuymhyhjqofhs/Build/Intermediates.noindex/ArchiveIntermediates/Lumen/IntermediateBuildFilesPath/ExplicitPrecompiledModules
    cd /Users/afraasheriff/Desktop/Projects_List/Lumen/Lumen.xcodeproj
    builtin-create-build-directory /Users/afraasheriff/Library/Developer/Xcode/DerivedData/Lumen-alopeafjorucwmhfuymhyhjqofhs/Build/Intermediates.noindex/ArchiveIntermediates/Lumen/IntermediateBuildFilesPath/ExplicitPrecompiledModules

CreateBuildDirectory /Users/afraasheriff/Library/Developer/Xcode/DerivedData/Lumen-alopeafjorucwmhfuymhyhjqofhs/Build/Intermediates.noindex/ArchiveIntermediates/Lumen/BuildProductsPath/Release
    cd /Users/afraasheriff/Desktop/Projects_List/Lumen/Lumen.xcodeproj
    builtin-create-build-directory /Users/afraasheriff/Library/Developer/Xcode/DerivedData/Lumen-alopeafjorucwmhfuymhyhjqofhs/Build/Intermediates.noindex/ArchiveIntermediates/Lumen/BuildProductsPath/Release

CreateBuildDirectory /Users/afraasheriff/Library/Developer/Xcode/DerivedData/Lumen-alopeafjorucwmhfuymhyhjqofhs/Build/Intermediates.noindex/ArchiveIntermediates/Lumen/IntermediateBuildFilesPath/EagerLinkingTBDs/Release
    cd /Users/afraasheriff/Desktop/Projects_List/Lumen/Lumen.xcodeproj
    builtin-create-build-directory /Users/afraasheriff/Library/Developer/Xcode/DerivedData/Lumen-alopeafjorucwmhfuymhyhjqofhs/Build/Intermediates.noindex/ArchiveIntermediates/Lumen/IntermediateBuildFilesPath/EagerLinkingTBDs/Release

WriteAuxiliaryFile /Users/afraasheriff/Library/Developer/Xcode/DerivedData/Lumen-alopeafjorucwmhfuymhyhjqofhs/Build/Intermediates.noindex/ArchiveIntermediates/Lumen/IntermediateBuildFilesPath/Lumen.build/Release/Lumen-cdd7cc893bda7c3f91f1257061c48c27-VFS/all-product-headers.yaml
    cd /Users/afraasheriff/Desktop/Projects_List/Lumen/Lumen.xcodeproj
    write-file /Users/afraasheriff/Library/Developer/Xcode/DerivedData/Lumen-alopeafjorucwmhfuymhyhjqofhs/Build/Intermediates.noindex/ArchiveIntermediates/Lumen/IntermediateBuildFilesPath/Lumen.build/Release/Lumen-cdd7cc893bda7c3f91f1257061c48c27-VFS/all-product-headers.yaml

WriteAuxiliaryFile /Users/afraasheriff/Library/Developer/Xcode/DerivedData/Lumen-alopeafjorucwmhfuymhyhjqofhs/Build/Intermediates.noindex/ArchiveIntermediates/Lumen/IntermediateBuildFilesPath/Lumen.build/Release/Lumen.build/empty-Lumen.plist (in target 'Lumen' from project 'Lumen')
    cd /Users/afraasheriff/Desktop/Projects_List/Lumen
    write-file /Users/afraasheriff/Library/Developer/Xcode/DerivedData/Lumen-alopeafjorucwmhfuymhyhjqofhs/Build/Intermediates.noindex/ArchiveIntermediates/Lumen/IntermediateBuildFilesPath/Lumen.build/Release/Lumen.build/empty-Lumen.plist

WriteAuxiliaryFile /Users/afraasheriff/Library/Developer/Xcode/DerivedData/Lumen-alopeafjorucwmhfuymhyhjqofhs/Build/Intermediates.noindex/ArchiveIntermediates/Lumen/IntermediateBuildFilesPath/Lumen.build/Release/Lumen.build/Lumen.hmap (in target 'Lumen' from project 'Lumen')
    cd /Users/afraasheriff/Desktop/Projects_List/Lumen
    write-file /Users/afraasheriff/Library/Developer/Xcode/DerivedData/Lumen-alopeafjorucwmhfuymhyhjqofhs/Build/Intermediates.noindex/ArchiveIntermediates/Lumen/IntermediateBuildFilesPath/Lumen.build/Release/Lumen.build/Lumen.hmap

WriteAuxiliaryFile /Users/afraasheriff/Library/Developer/Xcode/DerivedData/Lumen-alopeafjorucwmhfuymhyhjqofhs/Build/Intermediates.noindex/ArchiveIntermediates/Lumen/IntermediateBuildFilesPath/Lumen.build/Release/Lumen.build/Lumen-project-headers.hmap (in target 'Lumen' from project 'Lumen')
    cd /Users/afraasheriff/Desktop/Projects_List/Lumen
    write-file /Users/afraasheriff/Library/Developer/Xcode/DerivedData/Lumen-alopeafjorucwmhfuymhyhjqofhs/Build/Intermediates.noindex/ArchiveIntermediates/Lumen/IntermediateBuildFilesPath/Lumen.build/Release/Lumen.build/Lumen-project-headers.hmap

WriteAuxiliaryFile /Users/afraasheriff/Library/Developer/Xcode/DerivedData/Lumen-alopeafjorucwmhfuymhyhjqofhs/Build/Intermediates.noindex/ArchiveIntermediates/Lumen/IntermediateBuildFilesPath/Lumen.build/Release/Lumen.build/Objects-normal/arm64/Lumen_const_extract_protocols.json (in target 'Lumen' from project 'Lumen')
    cd /Users/afraasheriff/Desktop/Projects_List/Lumen
    write-file /Users/afraasheriff/Library/Developer/Xcode/DerivedData/Lumen-alopeafjorucwmhfuymhyhjqofhs/Build/Intermediates.noindex/ArchiveIntermediates/Lumen/IntermediateBuildFilesPath/Lumen.build/Release/Lumen.build/Objects-normal/arm64/Lumen_const_extract_protocols.json

WriteAuxiliaryFile /Users/afraasheriff/Library/Developer/Xcode/DerivedData/Lumen-alopeafjorucwmhfuymhyhjqofhs/Build/Intermediates.noindex/ArchiveIntermediates/Lumen/IntermediateBuildFilesPath/Lumen.build/Release/Lumen.build/Objects-normal/arm64/Lumen-OutputFileMap.json (in target 'Lumen' from project 'Lumen')
    cd /Users/afraasheriff/Desktop/Projects_List/Lumen
    write-file /Users/afraasheriff/Library/Developer/Xcode/DerivedData/Lumen-alopeafjorucwmhfuymhyhjqofhs/Build/Intermediates.noindex/ArchiveIntermediates/Lumen/IntermediateBuildFilesPath/Lumen.build/Release/Lumen.build/Objects-normal/arm64/Lumen-OutputFileMap.json

WriteAuxiliaryFile /Users/afraasheriff/Library/Developer/Xcode/DerivedData/Lumen-alopeafjorucwmhfuymhyhjqofhs/Build/Intermediates.noindex/ArchiveIntermediates/Lumen/IntermediateBuildFilesPath/Lumen.build/Release/Lumen.build/Objects-normal/arm64/Lumen.SwiftFileList (in target 'Lumen' from project 'Lumen')
    cd /Users/afraasheriff/Desktop/Projects_List/Lumen
    write-file /Users/afraasheriff/Library/Developer/Xcode/DerivedData/Lumen-alopeafjorucwmhfuymhyhjqofhs/Build/Intermediates.noindex/ArchiveIntermediates/Lumen/IntermediateBuildFilesPath/Lumen.build/Release/Lumen.build/Objects-normal/arm64/Lumen.SwiftFileList

WriteAuxiliaryFile /Users/afraasheriff/Library/Developer/Xcode/DerivedData/Lumen-alopeafjorucwmhfuymhyhjqofhs/Build/Intermediates.noindex/ArchiveIntermediates/Lumen/IntermediateBuildFilesPath/Lumen.build/Release/Lumen.build/Objects-normal/arm64/Lumen.SwiftConstValuesFileList (in target 'Lumen' from project 'Lumen')
    cd /Users/afraasheriff/Desktop/Projects_List/Lumen
    write-file /Users/afraasheriff/Library/Developer/Xcode/DerivedData/Lumen-alopeafjorucwmhfuymhyhjqofhs/Build/Intermediates.noindex/ArchiveIntermediates/Lumen/IntermediateBuildFilesPath/Lumen.build/Release/Lumen.build/Objects-normal/arm64/Lumen.SwiftConstValuesFileList

WriteAuxiliaryFile /Users/afraasheriff/Library/Developer/Xcode/DerivedData/Lumen-alopeafjorucwmhfuymhyhjqofhs/Build/Intermediates.noindex/ArchiveIntermediates/Lumen/IntermediateBuildFilesPath/Lumen.build/Release/Lumen.build/Objects-normal/arm64/82b82416624d2658e5098eb0a28c15c5-common-args.resp (in target 'Lumen' from project 'Lumen')
    cd /Users/afraasheriff/Desktop/Projects_List/Lumen
    write-file /Users/afraasheriff/Library/Developer/Xcode/DerivedData/Lumen-alopeafjorucwmhfuymhyhjqofhs/Build/Intermediates.noindex/ArchiveIntermediates/Lumen/IntermediateBuildFilesPath/Lumen.build/Release/Lumen.build/Objects-normal/arm64/82b82416624d2658e5098eb0a28c15c5-common-args.resp
-target arm64-apple-macos26.0 '-std=gnu++20' -fmodules -fno-cxx-modules -gmodules '-fmodules-cache-path=/Users/afraasheriff/Library/Developer/Xcode/DerivedData/ModuleCache.noindex' -fpascal-strings -Os -fno-common -isysroot /Applications/Xcode.app/Contents/Developer/Platforms/MacOSX.platform/Developer/SDKs/MacOSX26.1.sdk -g '-fvisibility=hidden' -fvisibility-inlines-hidden -iquote /Users/afraasheriff/Library/Developer/Xcode/DerivedData/Lumen-alopeafjorucwmhfuymhyhjqofhs/Build/Intermediates.noindex/ArchiveIntermediates/Lumen/IntermediateBuildFilesPath/Lumen.build/Release/Lumen.build/Lumen-generated-files.hmap -I/Users/afraasheriff/Library/Developer/Xcode/DerivedData/Lumen-alopeafjorucwmhfuymhyhjqofhs/Build/Intermediates.noindex/ArchiveIntermediates/Lumen/IntermediateBuildFilesPath/Lumen.build/Release/Lumen.build/Lumen-own-target-headers.hmap -I/Users/afraasheriff/Library/Developer/Xcode/DerivedData/Lumen-alopeafjorucwmhfuymhyhjqofhs/Build/Intermediates.noindex/ArchiveIntermediates/Lumen/IntermediateBuildFilesPath/Lumen.build/Release/Lumen.build/Lumen-all-target-headers.hmap -iquote /Users/afraasheriff/Library/Developer/Xcode/DerivedData/Lumen-alopeafjorucwmhfuymhyhjqofhs/Build/Intermediates.noindex/ArchiveIntermediates/Lumen/IntermediateBuildFilesPath/Lumen.build/Release/Lumen.build/Lumen-project-headers.hmap -I/Users/afraasheriff/Library/Developer/Xcode/DerivedData/Lumen-alopeafjorucwmhfuymhyhjqofhs/Build/Intermediates.noindex/ArchiveIntermediates/Lumen/BuildProductsPath/Release/include -I/opt/homebrew/include -I/Users/afraasheriff/Library/Developer/Xcode/DerivedData/Lumen-alopeafjorucwmhfuymhyhjqofhs/Build/Intermediates.noindex/ArchiveIntermediates/Lumen/IntermediateBuildFilesPath/Lumen.build/Release/Lumen.build/DerivedSources-normal/arm64 -I/Users/afraasheriff/Library/Developer/Xcode/DerivedData/Lumen-alopeafjorucwmhfuymhyhjqofhs/Build/Intermediates.noindex/ArchiveIntermediates/Lumen/IntermediateBuildFilesPath/Lumen.build/Release/Lumen.build/DerivedSources/arm64 -I/Users/afraasheriff/Library/Developer/Xcode/DerivedData/Lumen-alopeafjorucwmhfuymhyhjqofhs/Build/Intermediates.noindex/ArchiveIntermediates/Lumen/IntermediateBuildFilesPath/Lumen.build/Release/Lumen.build/DerivedSources -F/Users/afraasheriff/Library/Developer/Xcode/DerivedData/Lumen-alopeafjorucwmhfuymhyhjqofhs/Build/Intermediates.noindex/ArchiveIntermediates/Lumen/BuildProductsPath/Release

WriteAuxiliaryFile /Users/afraasheriff/Library/Developer/Xcode/DerivedData/Lumen-alopeafjorucwmhfuymhyhjqofhs/Build/Intermediates.noindex/ArchiveIntermediates/Lumen/IntermediateBuildFilesPath/Lumen.build/Release/Lumen.build/Objects-normal/arm64/Lumen.LinkFileList (in target 'Lumen' from project 'Lumen')
    cd /Users/afraasheriff/Desktop/Projects_List/Lumen
    write-file /Users/afraasheriff/Library/Developer/Xcode/DerivedData/Lumen-alopeafjorucwmhfuymhyhjqofhs/Build/Intermediates.noindex/ArchiveIntermediates/Lumen/IntermediateBuildFilesPath/Lumen.build/Release/Lumen.build/Objects-normal/arm64/Lumen.LinkFileList

WriteAuxiliaryFile /Users/afraasheriff/Library/Developer/Xcode/DerivedData/Lumen-alopeafjorucwmhfuymhyhjqofhs/Build/Intermediates.noindex/ArchiveIntermediates/Lumen/IntermediateBuildFilesPath/Lumen.build/Release/Lumen.build/Lumen.DependencyStaticMetadataFileList (in target 'Lumen' from project 'Lumen')
    cd /Users/afraasheriff/Desktop/Projects_List/Lumen
    write-file /Users/afraasheriff/Library/Developer/Xcode/DerivedData/Lumen-alopeafjorucwmhfuymhyhjqofhs/Build/Intermediates.noindex/ArchiveIntermediates/Lumen/IntermediateBuildFilesPath/Lumen.build/Release/Lumen.build/Lumen.DependencyStaticMetadataFileList

WriteAuxiliaryFile /Users/afraasheriff/Library/Developer/Xcode/DerivedData/Lumen-alopeafjorucwmhfuymhyhjqofhs/Build/Intermediates.noindex/ArchiveIntermediates/Lumen/IntermediateBuildFilesPath/Lumen.build/Release/Lumen.build/Lumen.DependencyMetadataFileList (in target 'Lumen' from project 'Lumen')
    cd /Users/afraasheriff/Desktop/Projects_List/Lumen
    write-file /Users/afraasheriff/Library/Developer/Xcode/DerivedData/Lumen-alopeafjorucwmhfuymhyhjqofhs/Build/Intermediates.noindex/ArchiveIntermediates/Lumen/IntermediateBuildFilesPath/Lumen.build/Release/Lumen.build/Lumen.DependencyMetadataFileList

WriteAuxiliaryFile /Users/afraasheriff/Library/Developer/Xcode/DerivedData/Lumen-alopeafjorucwmhfuymhyhjqofhs/Build/Intermediates.noindex/ArchiveIntermediates/Lumen/IntermediateBuildFilesPath/Lumen.build/Release/Lumen.build/Lumen-own-target-headers.hmap (in target 'Lumen' from project 'Lumen')
    cd /Users/afraasheriff/Desktop/Projects_List/Lumen
    write-file /Users/afraasheriff/Library/Developer/Xcode/DerivedData/Lumen-alopeafjorucwmhfuymhyhjqofhs/Build/Intermediates.noindex/ArchiveIntermediates/Lumen/IntermediateBuildFilesPath/Lumen.build/Release/Lumen.build/Lumen-own-target-headers.hmap

WriteAuxiliaryFile /Users/afraasheriff/Library/Developer/Xcode/DerivedData/Lumen-alopeafjorucwmhfuymhyhjqofhs/Build/Intermediates.noindex/ArchiveIntermediates/Lumen/IntermediateBuildFilesPath/Lumen.build/Release/Lumen.build/Lumen-generated-files.hmap (in target 'Lumen' from project 'Lumen')
    cd /Users/afraasheriff/Desktop/Projects_List/Lumen
    write-file /Users/afraasheriff/Library/Developer/Xcode/DerivedData/Lumen-alopeafjorucwmhfuymhyhjqofhs/Build/Intermediates.noindex/ArchiveIntermediates/Lumen/IntermediateBuildFilesPath/Lumen.build/Release/Lumen.build/Lumen-generated-files.hmap

WriteAuxiliaryFile /Users/afraasheriff/Library/Developer/Xcode/DerivedData/Lumen-alopeafjorucwmhfuymhyhjqofhs/Build/Intermediates.noindex/ArchiveIntermediates/Lumen/IntermediateBuildFilesPath/Lumen.build/Release/Lumen.build/Lumen-all-target-headers.hmap (in target 'Lumen' from project 'Lumen')
    cd /Users/afraasheriff/Desktop/Projects_List/Lumen
    write-file /Users/afraasheriff/Library/Developer/Xcode/DerivedData/Lumen-alopeafjorucwmhfuymhyhjqofhs/Build/Intermediates.noindex/ArchiveIntermediates/Lumen/IntermediateBuildFilesPath/Lumen.build/Release/Lumen.build/Lumen-all-target-headers.hmap

WriteAuxiliaryFile /Users/afraasheriff/Library/Developer/Xcode/DerivedData/Lumen-alopeafjorucwmhfuymhyhjqofhs/Build/Intermediates.noindex/ArchiveIntermediates/Lumen/IntermediateBuildFilesPath/Lumen.build/Release/Lumen.build/Lumen-all-non-framework-target-headers.hmap (in target 'Lumen' from project 'Lumen')
    cd /Users/afraasheriff/Desktop/Projects_List/Lumen
    write-file /Users/afraasheriff/Library/Developer/Xcode/DerivedData/Lumen-alopeafjorucwmhfuymhyhjqofhs/Build/Intermediates.noindex/ArchiveIntermediates/Lumen/IntermediateBuildFilesPath/Lumen.build/Release/Lumen.build/Lumen-all-non-framework-target-headers.hmap

SymLink /Users/afraasheriff/Library/Developer/Xcode/DerivedData/Lumen-alopeafjorucwmhfuymhyhjqofhs/Build/Intermediates.noindex/ArchiveIntermediates/Lumen/BuildProductsPath/Release/Lumen.app ../../InstallationBuildProductsLocation/Applications/Lumen.app (in target 'Lumen' from project 'Lumen')
    cd /Users/afraasheriff/Desktop/Projects_List/Lumen
    /bin/ln -sfh ../../InstallationBuildProductsLocation/Applications/Lumen.app /Users/afraasheriff/Library/Developer/Xcode/DerivedData/Lumen-alopeafjorucwmhfuymhyhjqofhs/Build/Intermediates.noindex/ArchiveIntermediates/Lumen/BuildProductsPath/Release/Lumen.app

MkDir /Users/afraasheriff/Library/Developer/Xcode/DerivedData/Lumen-alopeafjorucwmhfuymhyhjqofhs/Build/Intermediates.noindex/ArchiveIntermediates/Lumen/InstallationBuildProductsLocation/Applications/Lumen.app/Contents/Resources (in target 'Lumen' from project 'Lumen')
    cd /Users/afraasheriff/Desktop/Projects_List/Lumen
    /bin/mkdir -p /Users/afraasheriff/Library/Developer/Xcode/DerivedData/Lumen-alopeafjorucwmhfuymhyhjqofhs/Build/Intermediates.noindex/ArchiveIntermediates/Lumen/InstallationBuildProductsLocation/Applications/Lumen.app/Contents/Resources

MkDir /Users/afraasheriff/Library/Developer/Xcode/DerivedData/Lumen-alopeafjorucwmhfuymhyhjqofhs/Build/Intermediates.noindex/ArchiveIntermediates/Lumen/InstallationBuildProductsLocation/Applications/Lumen.app/Contents/MacOS (in target 'Lumen' from project 'Lumen')
    cd /Users/afraasheriff/Desktop/Projects_List/Lumen
    /bin/mkdir -p /Users/afraasheriff/Library/Developer/Xcode/DerivedData/Lumen-alopeafjorucwmhfuymhyhjqofhs/Build/Intermediates.noindex/ArchiveIntermediates/Lumen/InstallationBuildProductsLocation/Applications/Lumen.app/Contents/MacOS

MkDir /Users/afraasheriff/Library/Developer/Xcode/DerivedData/Lumen-alopeafjorucwmhfuymhyhjqofhs/Build/Intermediates.noindex/ArchiveIntermediates/Lumen/InstallationBuildProductsLocation/Applications/Lumen.app/Contents (in target 'Lumen' from project 'Lumen')
    cd /Users/afraasheriff/Desktop/Projects_List/Lumen
    /bin/mkdir -p /Users/afraasheriff/Library/Developer/Xcode/DerivedData/Lumen-alopeafjorucwmhfuymhyhjqofhs/Build/Intermediates.noindex/ArchiveIntermediates/Lumen/InstallationBuildProductsLocation/Applications/Lumen.app/Contents

MkDir /Users/afraasheriff/Library/Developer/Xcode/DerivedData/Lumen-alopeafjorucwmhfuymhyhjqofhs/Build/Intermediates.noindex/ArchiveIntermediates/Lumen/InstallationBuildProductsLocation/Applications/Lumen.app (in target 'Lumen' from project 'Lumen')
    cd /Users/afraasheriff/Desktop/Projects_List/Lumen
    /bin/mkdir -p /Users/afraasheriff/Library/Developer/Xcode/DerivedData/Lumen-alopeafjorucwmhfuymhyhjqofhs/Build/Intermediates.noindex/ArchiveIntermediates/Lumen/InstallationBuildProductsLocation/Applications/Lumen.app

CpResource /Users/afraasheriff/Library/Developer/Xcode/DerivedData/Lumen-alopeafjorucwmhfuymhyhjqofhs/Build/Intermediates.noindex/ArchiveIntermediates/Lumen/InstallationBuildProductsLocation/Applications/Lumen.app/Contents/Resources/build_optimization.log /Users/afraasheriff/Desktop/Projects_List/Lumen/Lumen/build_optimization.log (in target 'Lumen' from project 'Lumen')
    cd /Users/afraasheriff/Desktop/Projects_List/Lumen
    builtin-copy -exclude .DS_Store -exclude CVS -exclude .svn -exclude .git -exclude .hg -resolve-src-symlinks /Users/afraasheriff/Desktop/Projects_List/Lumen/Lumen/build_optimization.log /Users/afraasheriff/Library/Developer/Xcode/DerivedData/Lumen-alopeafjorucwmhfuymhyhjqofhs/Build/Intermediates.noindex/ArchiveIntermediates/Lumen/InstallationBuildProductsLocation/Applications/Lumen.app/Contents/Resources

CpResource /Users/afraasheriff/Library/Developer/Xcode/DerivedData/Lumen-alopeafjorucwmhfuymhyhjqofhs/Build/Intermediates.noindex/ArchiveIntermediates/Lumen/InstallationBuildProductsLocation/Applications/Lumen.app/Contents/Resources/build_log.txt /Users/afraasheriff/Desktop/Projects_List/Lumen/Lumen/build_log.txt (in target 'Lumen' from project 'Lumen')
    cd /Users/afraasheriff/Desktop/Projects_List/Lumen
    builtin-copy -exclude .DS_Store -exclude CVS -exclude .svn -exclude .git -exclude .hg -resolve-src-symlinks /Users/afraasheriff/Desktop/Projects_List/Lumen/Lumen/build_log.txt /Users/afraasheriff/Library/Developer/Xcode/DerivedData/Lumen-alopeafjorucwmhfuymhyhjqofhs/Build/Intermediates.noindex/ArchiveIntermediates/Lumen/InstallationBuildProductsLocation/Applications/Lumen.app/Contents/Resources

CpResource /Users/afraasheriff/Library/Developer/Xcode/DerivedData/Lumen-alopeafjorucwmhfuymhyhjqofhs/Build/Intermediates.noindex/ArchiveIntermediates/Lumen/InstallationBuildProductsLocation/Applications/Lumen.app/Contents/Resources/build_error_8.log /Users/afraasheriff/Desktop/Projects_List/Lumen/Lumen/build_error_8.log (in target 'Lumen' from project 'Lumen')
    cd /Users/afraasheriff/Desktop/Projects_List/Lumen
    builtin-copy -exclude .DS_Store -exclude CVS -exclude .svn -exclude .git -exclude .hg -resolve-src-symlinks /Users/afraasheriff/Desktop/Projects_List/Lumen/Lumen/build_error_8.log /Users/afraasheriff/Library/Developer/Xcode/DerivedData/Lumen-alopeafjorucwmhfuymhyhjqofhs/Build/Intermediates.noindex/ArchiveIntermediates/Lumen/InstallationBuildProductsLocation/Applications/Lumen.app/Contents/Resources

CpResource /Users/afraasheriff/Library/Developer/Xcode/DerivedData/Lumen-alopeafjorucwmhfuymhyhjqofhs/Build/Intermediates.noindex/ArchiveIntermediates/Lumen/InstallationBuildProductsLocation/Applications/Lumen.app/Contents/Resources/build_dmg.sh /Users/afraasheriff/Desktop/Projects_List/Lumen/Lumen/build_dmg.sh (in target 'Lumen' from project 'Lumen')
    cd /Users/afraasheriff/Desktop/Projects_List/Lumen
    builtin-copy -exclude .DS_Store -exclude CVS -exclude .svn -exclude .git -exclude .hg -resolve-src-symlinks /Users/afraasheriff/Desktop/Projects_List/Lumen/Lumen/build_dmg.sh /Users/afraasheriff/Library/Developer/Xcode/DerivedData/Lumen-alopeafjorucwmhfuymhyhjqofhs/Build/Intermediates.noindex/ArchiveIntermediates/Lumen/InstallationBuildProductsLocation/Applications/Lumen.app/Contents/Resources

MkDir /Users/afraasheriff/Library/Developer/Xcode/DerivedData/Lumen-alopeafjorucwmhfuymhyhjqofhs/Build/Intermediates.noindex/ArchiveIntermediates/Lumen/IntermediateBuildFilesPath/Lumen.build/Release/Lumen.build/assetcatalog_output/thinned (in target 'Lumen' from project 'Lumen')
    cd /Users/afraasheriff/Desktop/Projects_List/Lumen
    /bin/mkdir -p /Users/afraasheriff/Library/Developer/Xcode/DerivedData/Lumen-alopeafjorucwmhfuymhyhjqofhs/Build/Intermediates.noindex/ArchiveIntermediates/Lumen/IntermediateBuildFilesPath/Lumen.build/Release/Lumen.build/assetcatalog_output/thinned

CpResource /Users/afraasheriff/Library/Developer/Xcode/DerivedData/Lumen-alopeafjorucwmhfuymhyhjqofhs/Build/Intermediates.noindex/ArchiveIntermediates/Lumen/InstallationBuildProductsLocation/Applications/Lumen.app/Contents/Resources/build_debug_final.log /Users/afraasheriff/Desktop/Projects_List/Lumen/Lumen/build_debug_final.log (in target 'Lumen' from project 'Lumen')
    cd /Users/afraasheriff/Desktop/Projects_List/Lumen
    builtin-copy -exclude .DS_Store -exclude CVS -exclude .svn -exclude .git -exclude .hg -resolve-src-symlinks /Users/afraasheriff/Desktop/Projects_List/Lumen/Lumen/build_debug_final.log /Users/afraasheriff/Library/Developer/Xcode/DerivedData/Lumen-alopeafjorucwmhfuymhyhjqofhs/Build/Intermediates.noindex/ArchiveIntermediates/Lumen/InstallationBuildProductsLocation/Applications/Lumen.app/Contents/Resources

MkDir /Users/afraasheriff/Library/Developer/Xcode/DerivedData/Lumen-alopeafjorucwmhfuymhyhjqofhs/Build/Intermediates.noindex/ArchiveIntermediates/Lumen/IntermediateBuildFilesPath/Lumen.build/Release/Lumen.build/assetcatalog_output/unthinned (in target 'Lumen' from project 'Lumen')
    cd /Users/afraasheriff/Desktop/Projects_List/Lumen
    /bin/mkdir -p /Users/afraasheriff/Library/Developer/Xcode/DerivedData/Lumen-alopeafjorucwmhfuymhyhjqofhs/Build/Intermediates.noindex/ArchiveIntermediates/Lumen/IntermediateBuildFilesPath/Lumen.build/Release/Lumen.build/assetcatalog_output/unthinned

GenerateAssetSymbols /Users/afraasheriff/Desktop/Projects_List/Lumen/Lumen/Assets.xcassets (in target 'Lumen' from project 'Lumen')
    cd /Users/afraasheriff/Desktop/Projects_List/Lumen
    /Applications/Xcode.app/Contents/Developer/usr/bin/actool /Users/afraasheriff/Desktop/Projects_List/Lumen/Lumen/Assets.xcassets --compile /Users/afraasheriff/Library/Developer/Xcode/DerivedData/Lumen-alopeafjorucwmhfuymhyhjqofhs/Build/Intermediates.noindex/ArchiveIntermediates/Lumen/InstallationBuildProductsLocation/Applications/Lumen.app/Contents/Resources --output-format human-readable-text --notices --warnings --export-dependency-info /Users/afraasheriff/Library/Developer/Xcode/DerivedData/Lumen-alopeafjorucwmhfuymhyhjqofhs/Build/Intermediates.noindex/ArchiveIntermediates/Lumen/IntermediateBuildFilesPath/Lumen.build/Release/Lumen.build/assetcatalog_dependencies --output-partial-info-plist /Users/afraasheriff/Library/Developer/Xcode/DerivedData/Lumen-alopeafjorucwmhfuymhyhjqofhs/Build/Intermediates.noindex/ArchiveIntermediates/Lumen/IntermediateBuildFilesPath/Lumen.build/Release/Lumen.build/assetcatalog_generated_info.plist --app-icon AppIcon --accent-color AccentColor --enable-on-demand-resources NO --development-region en --target-device mac --minimum-deployment-target 26.0 --platform macosx --bundle-identifier lumen.Lumen --generate-swift-asset-symbols /Users/afraasheriff/Library/Developer/Xcode/DerivedData/Lumen-alopeafjorucwmhfuymhyhjqofhs/Build/Intermediates.noindex/ArchiveIntermediates/Lumen/IntermediateBuildFilesPath/Lumen.build/Release/Lumen.build/DerivedSources/GeneratedAssetSymbols.swift --generate-objc-asset-symbols /Users/afraasheriff/Library/Developer/Xcode/DerivedData/Lumen-alopeafjorucwmhfuymhyhjqofhs/Build/Intermediates.noindex/ArchiveIntermediates/Lumen/IntermediateBuildFilesPath/Lumen.build/Release/Lumen.build/DerivedSources/GeneratedAssetSymbols.h --generate-asset-symbol-index /Users/afraasheriff/Library/Developer/Xcode/DerivedData/Lumen-alopeafjorucwmhfuymhyhjqofhs/Build/Intermediates.noindex/ArchiveIntermediates/Lumen/IntermediateBuildFilesPath/Lumen.build/Release/Lumen.build/DerivedSources/GeneratedAssetSymbols-Index.plist
/* com.apple.actool.compilation-results */
/Users/afraasheriff/Library/Developer/Xcode/DerivedData/Lumen-alopeafjorucwmhfuymhyhjqofhs/Build/Intermediates.noindex/ArchiveIntermediates/Lumen/IntermediateBuildFilesPath/Lumen.build/Release/Lumen.build/DerivedSources/GeneratedAssetSymbols-Index.plist
/Users/afraasheriff/Library/Developer/Xcode/DerivedData/Lumen-alopeafjorucwmhfuymhyhjqofhs/Build/Intermediates.noindex/ArchiveIntermediates/Lumen/IntermediateBuildFilesPath/Lumen.build/Release/Lumen.build/DerivedSources/GeneratedAssetSymbols.h
/Users/afraasheriff/Library/Developer/Xcode/DerivedData/Lumen-alopeafjorucwmhfuymhyhjqofhs/Build/Intermediates.noindex/ArchiveIntermediates/Lumen/IntermediateBuildFilesPath/Lumen.build/Release/Lumen.build/DerivedSources/GeneratedAssetSymbols.swift


CopyPlistFile /Users/afraasheriff/Library/Developer/Xcode/DerivedData/Lumen-alopeafjorucwmhfuymhyhjqofhs/Build/Intermediates.noindex/ArchiveIntermediates/Lumen/InstallationBuildProductsLocation/Applications/Lumen.app/Contents/Resources/ExportOptions.plist /Users/afraasheriff/Desktop/Projects_List/Lumen/Lumen/ExportOptions.plist (in target 'Lumen' from project 'Lumen')
    cd /Users/afraasheriff/Desktop/Projects_List/Lumen
    builtin-copyPlist --outdir /Users/afraasheriff/Library/Developer/Xcode/DerivedData/Lumen-alopeafjorucwmhfuymhyhjqofhs/Build/Intermediates.noindex/ArchiveIntermediates/Lumen/InstallationBuildProductsLocation/Applications/Lumen.app/Contents/Resources -- /Users/afraasheriff/Desktop/Projects_List/Lumen/Lumen/ExportOptions.plist

CompileAssetCatalogVariant thinned /Users/afraasheriff/Library/Developer/Xcode/DerivedData/Lumen-alopeafjorucwmhfuymhyhjqofhs/Build/Intermediates.noindex/ArchiveIntermediates/Lumen/InstallationBuildProductsLocation/Applications/Lumen.app/Contents/Resources /Users/afraasheriff/Desktop/Projects_List/Lumen/Lumen/Assets.xcassets (in target 'Lumen' from project 'Lumen')
    cd /Users/afraasheriff/Desktop/Projects_List/Lumen
    /Applications/Xcode.app/Contents/Developer/usr/bin/actool /Users/afraasheriff/Desktop/Projects_List/Lumen/Lumen/Assets.xcassets --compile /Users/afraasheriff/Library/Developer/Xcode/DerivedData/Lumen-alopeafjorucwmhfuymhyhjqofhs/Build/Intermediates.noindex/ArchiveIntermediates/Lumen/IntermediateBuildFilesPath/Lumen.build/Release/Lumen.build/assetcatalog_output/thinned --output-format human-readable-text --notices --warnings --export-dependency-info /Users/afraasheriff/Library/Developer/Xcode/DerivedData/Lumen-alopeafjorucwmhfuymhyhjqofhs/Build/Intermediates.noindex/ArchiveIntermediates/Lumen/IntermediateBuildFilesPath/Lumen.build/Release/Lumen.build/assetcatalog_dependencies_thinned --output-partial-info-plist /Users/afraasheriff/Library/Developer/Xcode/DerivedData/Lumen-alopeafjorucwmhfuymhyhjqofhs/Build/Intermediates.noindex/ArchiveIntermediates/Lumen/IntermediateBuildFilesPath/Lumen.build/Release/Lumen.build/assetcatalog_generated_info.plist_thinned --app-icon AppIcon --accent-color AccentColor --enable-on-demand-resources NO --development-region en --target-device mac --minimum-deployment-target 26.0 --platform macosx
/* com.apple.actool.compilation-results */
/Users/afraasheriff/Library/Developer/Xcode/DerivedData/Lumen-alopeafjorucwmhfuymhyhjqofhs/Build/Intermediates.noindex/ArchiveIntermediates/Lumen/IntermediateBuildFilesPath/Lumen.build/Release/Lumen.build/assetcatalog_generated_info.plist_thinned
/Users/afraasheriff/Library/Developer/Xcode/DerivedData/Lumen-alopeafjorucwmhfuymhyhjqofhs/Build/Intermediates.noindex/ArchiveIntermediates/Lumen/IntermediateBuildFilesPath/Lumen.build/Release/Lumen.build/assetcatalog_output/thinned/AppIcon.icns
/Users/afraasheriff/Library/Developer/Xcode/DerivedData/Lumen-alopeafjorucwmhfuymhyhjqofhs/Build/Intermediates.noindex/ArchiveIntermediates/Lumen/IntermediateBuildFilesPath/Lumen.build/Release/Lumen.build/assetcatalog_output/thinned/Assets.car


SwiftDriver Lumen normal arm64 com.apple.xcode.tools.swift.compiler (in target 'Lumen' from project 'Lumen')
    cd /Users/afraasheriff/Desktop/Projects_List/Lumen
    builtin-SwiftDriver -- /Applications/Xcode.app/Contents/Developer/Toolchains/XcodeDefault.xctoolchain/usr/bin/swiftc -module-name Lumen -O -whole-module-optimization -enforce-exclusivity\=checked @/Users/afraasheriff/Library/Developer/Xcode/DerivedData/Lumen-alopeafjorucwmhfuymhyhjqofhs/Build/Intermediates.noindex/ArchiveIntermediates/Lumen/IntermediateBuildFilesPath/Lumen.build/Release/Lumen.build/Objects-normal/arm64/Lumen.SwiftFileList -default-isolation\=MainActor -enable-bare-slash-regex -enable-upcoming-feature DisableOutwardActorInference -enable-upcoming-feature InferSendableFromCaptures -enable-upcoming-feature GlobalActorIsolatedTypesUsability -enable-upcoming-feature MemberImportVisibility -enable-upcoming-feature InferIsolatedConformances -enable-upcoming-feature NonisolatedNonsendingByDefault -enable-experimental-feature DebugDescriptionMacro -sdk /Applications/Xcode.app/Contents/Developer/Platforms/MacOSX.platform/Developer/SDKs/MacOSX26.1.sdk -target arm64-apple-macos26.0 -g -module-cache-path /Users/afraasheriff/Library/Developer/Xcode/DerivedData/ModuleCache.noindex -Xfrontend -serialize-debugging-options -swift-version 5 -I /Users/afraasheriff/Library/Developer/Xcode/DerivedData/Lumen-alopeafjorucwmhfuymhyhjqofhs/Build/Intermediates.noindex/ArchiveIntermediates/Lumen/BuildProductsPath/Release -F /Users/afraasheriff/Library/Developer/Xcode/DerivedData/Lumen-alopeafjorucwmhfuymhyhjqofhs/Build/Intermediates.noindex/ArchiveIntermediates/Lumen/BuildProductsPath/Release -emit-localized-strings -emit-localized-strings-path /Users/afraasheriff/Library/Developer/Xcode/DerivedData/Lumen-alopeafjorucwmhfuymhyhjqofhs/Build/Intermediates.noindex/ArchiveIntermediates/Lumen/IntermediateBuildFilesPath/Lumen.build/Release/Lumen.build/Objects-normal/arm64 -c -num-threads 10 -Xcc -ivfsstatcache -Xcc /Users/afraasheriff/Library/Developer/Xcode/DerivedData/SDKStatCaches.noindex/macosx26.1-25B74-3ae1261907bdadc328169391a47051a6.sdkstatcache -output-file-map /Users/afraasheriff/Library/Developer/Xcode/DerivedData/Lumen-alopeafjorucwmhfuymhyhjqofhs/Build/Intermediates.noindex/ArchiveIntermediates/Lumen/IntermediateBuildFilesPath/Lumen.build/Release/Lumen.build/Objects-normal/arm64/Lumen-OutputFileMap.json -use-frontend-parseable-output -save-temps -no-color-diagnostics -explicit-module-build -module-cache-path /Users/afraasheriff/Library/Developer/Xcode/DerivedData/Lumen-alopeafjorucwmhfuymhyhjqofhs/Build/Intermediates.noindex/ArchiveIntermediates/Lumen/IntermediateBuildFilesPath/SwiftExplicitPrecompiledModules -clang-scanner-module-cache-path /Users/afraasheriff/Library/Developer/Xcode/DerivedData/ModuleCache.noindex -sdk-module-cache-path /Users/afraasheriff/Library/Developer/Xcode/DerivedData/ModuleCache.noindex -serialize-diagnostics -emit-dependencies -emit-module -emit-module-path /Users/afraasheriff/Library/Developer/Xcode/DerivedData/Lumen-alopeafjorucwmhfuymhyhjqofhs/Build/Intermediates.noindex/ArchiveIntermediates/Lumen/IntermediateBuildFilesPath/Lumen.build/Release/Lumen.build/Objects-normal/arm64/Lumen.swiftmodule -validate-clang-modules-once -clang-build-session-file /Users/afraasheriff/Library/Developer/Xcode/DerivedData/ModuleCache.noindex/Session.modulevalidation -Xcc -I/Users/afraasheriff/Library/Developer/Xcode/DerivedData/Lumen-alopeafjorucwmhfuymhyhjqofhs/Build/Intermediates.noindex/ArchiveIntermediates/Lumen/IntermediateBuildFilesPath/Lumen.build/Release/Lumen.build/swift-overrides.hmap -emit-const-values -Xfrontend -const-gather-protocols-file -Xfrontend /Users/afraasheriff/Library/Developer/Xcode/DerivedData/Lumen-alopeafjorucwmhfuymhyhjqofhs/Build/Intermediates.noindex/ArchiveIntermediates/Lumen/IntermediateBuildFilesPath/Lumen.build/Release/Lumen.build/Objects-normal/arm64/Lumen_const_extract_protocols.json -Xcc -iquote -Xcc /Users/afraasheriff/Library/Developer/Xcode/DerivedData/Lumen-alopeafjorucwmhfuymhyhjqofhs/Build/Intermediates.noindex/ArchiveIntermediates/Lumen/IntermediateBuildFilesPath/Lumen.build/Release/Lumen.build/Lumen-generated-files.hmap -Xcc -I/Users/afraasheriff/Library/Developer/Xcode/DerivedData/Lumen-alopeafjorucwmhfuymhyhjqofhs/Build/Intermediates.noindex/ArchiveIntermediates/Lumen/IntermediateBuildFilesPath/Lumen.build/Release/Lumen.build/Lumen-own-target-headers.hmap -Xcc -I/Users/afraasheriff/Library/Developer/Xcode/DerivedData/Lumen-alopeafjorucwmhfuymhyhjqofhs/Build/Intermediates.noindex/ArchiveIntermediates/Lumen/IntermediateBuildFilesPath/Lumen.build/Release/Lumen.build/Lumen-all-target-headers.hmap -Xcc -iquote -Xcc /Users/afraasheriff/Library/Developer/Xcode/DerivedData/Lumen-alopeafjorucwmhfuymhyhjqofhs/Build/Intermediates.noindex/ArchiveIntermediates/Lumen/IntermediateBuildFilesPath/Lumen.build/Release/Lumen.build/Lumen-project-headers.hmap -Xcc -I/Users/afraasheriff/Library/Developer/Xcode/DerivedData/Lumen-alopeafjorucwmhfuymhyhjqofhs/Build/Intermediates.noindex/ArchiveIntermediates/Lumen/BuildProductsPath/Release/include -Xcc -I/opt/homebrew/include -Xcc -I/Users/afraasheriff/Library/Developer/Xcode/DerivedData/Lumen-alopeafjorucwmhfuymhyhjqofhs/Build/Intermediates.noindex/ArchiveIntermediates/Lumen/IntermediateBuildFilesPath/Lumen.build/Release/Lumen.build/DerivedSources-normal/arm64 -Xcc -I/Users/afraasheriff/Library/Developer/Xcode/DerivedData/Lumen-alopeafjorucwmhfuymhyhjqofhs/Build/Intermediates.noindex/ArchiveIntermediates/Lumen/IntermediateBuildFilesPath/Lumen.build/Release/Lumen.build/DerivedSources/arm64 -Xcc -I/Users/afraasheriff/Library/Developer/Xcode/DerivedData/Lumen-alopeafjorucwmhfuymhyhjqofhs/Build/Intermediates.noindex/ArchiveIntermediates/Lumen/IntermediateBuildFilesPath/Lumen.build/Release/Lumen.build/DerivedSources -emit-objc-header -emit-objc-header-path /Users/afraasheriff/Library/Developer/Xcode/DerivedData/Lumen-alopeafjorucwmhfuymhyhjqofhs/Build/Intermediates.noindex/ArchiveIntermediates/Lumen/IntermediateBuildFilesPath/Lumen.build/Release/Lumen.build/Objects-normal/arm64/Lumen-Swift.h -import-objc-header /Users/afraasheriff/Desktop/Projects_List/Lumen/Lumen/Lumen-Bridging-Header.h -working-directory /Users/afraasheriff/Desktop/Projects_List/Lumen -no-emit-module-separately-wmo

SwiftDriver\ Compilation Lumen normal arm64 com.apple.xcode.tools.swift.compiler (in target 'Lumen' from project 'Lumen')
    cd /Users/afraasheriff/Desktop/Projects_List/Lumen
    builtin-Swift-Compilation -- /Applications/Xcode.app/Contents/Developer/Toolchains/XcodeDefault.xctoolchain/usr/bin/swiftc -module-name Lumen -O -whole-module-optimization -enforce-exclusivity\=checked @/Users/afraasheriff/Library/Developer/Xcode/DerivedData/Lumen-alopeafjorucwmhfuymhyhjqofhs/Build/Intermediates.noindex/ArchiveIntermediates/Lumen/IntermediateBuildFilesPath/Lumen.build/Release/Lumen.build/Objects-normal/arm64/Lumen.SwiftFileList -default-isolation\=MainActor -enable-bare-slash-regex -enable-upcoming-feature DisableOutwardActorInference -enable-upcoming-feature InferSendableFromCaptures -enable-upcoming-feature GlobalActorIsolatedTypesUsability -enable-upcoming-feature MemberImportVisibility -enable-upcoming-feature InferIsolatedConformances -enable-upcoming-feature NonisolatedNonsendingByDefault -enable-experimental-feature DebugDescriptionMacro -sdk /Applications/Xcode.app/Contents/Developer/Platforms/MacOSX.platform/Developer/SDKs/MacOSX26.1.sdk -target arm64-apple-macos26.0 -g -module-cache-path /Users/afraasheriff/Library/Developer/Xcode/DerivedData/ModuleCache.noindex -Xfrontend -serialize-debugging-options -swift-version 5 -I /Users/afraasheriff/Library/Developer/Xcode/DerivedData/Lumen-alopeafjorucwmhfuymhyhjqofhs/Build/Intermediates.noindex/ArchiveIntermediates/Lumen/BuildProductsPath/Release -F /Users/afraasheriff/Library/Developer/Xcode/DerivedData/Lumen-alopeafjorucwmhfuymhyhjqofhs/Build/Intermediates.noindex/ArchiveIntermediates/Lumen/BuildProductsPath/Release -emit-localized-strings -emit-localized-strings-path /Users/afraasheriff/Library/Developer/Xcode/DerivedData/Lumen-alopeafjorucwmhfuymhyhjqofhs/Build/Intermediates.noindex/ArchiveIntermediates/Lumen/IntermediateBuildFilesPath/Lumen.build/Release/Lumen.build/Objects-normal/arm64 -c -num-threads 10 -Xcc -ivfsstatcache -Xcc /Users/afraasheriff/Library/Developer/Xcode/DerivedData/SDKStatCaches.noindex/macosx26.1-25B74-3ae1261907bdadc328169391a47051a6.sdkstatcache -output-file-map /Users/afraasheriff/Library/Developer/Xcode/DerivedData/Lumen-alopeafjorucwmhfuymhyhjqofhs/Build/Intermediates.noindex/ArchiveIntermediates/Lumen/IntermediateBuildFilesPath/Lumen.build/Release/Lumen.build/Objects-normal/arm64/Lumen-OutputFileMap.json -use-frontend-parseable-output -save-temps -no-color-diagnostics -explicit-module-build -module-cache-path /Users/afraasheriff/Library/Developer/Xcode/DerivedData/Lumen-alopeafjorucwmhfuymhyhjqofhs/Build/Intermediates.noindex/ArchiveIntermediates/Lumen/IntermediateBuildFilesPath/SwiftExplicitPrecompiledModules -clang-scanner-module-cache-path /Users/afraasheriff/Library/Developer/Xcode/DerivedData/ModuleCache.noindex -sdk-module-cache-path /Users/afraasheriff/Library/Developer/Xcode/DerivedData/ModuleCache.noindex -serialize-diagnostics -emit-dependencies -emit-module -emit-module-path /Users/afraasheriff/Library/Developer/Xcode/DerivedData/Lumen-alopeafjorucwmhfuymhyhjqofhs/Build/Intermediates.noindex/ArchiveIntermediates/Lumen/IntermediateBuildFilesPath/Lumen.build/Release/Lumen.build/Objects-normal/arm64/Lumen.swiftmodule -validate-clang-modules-once -clang-build-session-file /Users/afraasheriff/Library/Developer/Xcode/DerivedData/ModuleCache.noindex/Session.modulevalidation -Xcc -I/Users/afraasheriff/Library/Developer/Xcode/DerivedData/Lumen-alopeafjorucwmhfuymhyhjqofhs/Build/Intermediates.noindex/ArchiveIntermediates/Lumen/IntermediateBuildFilesPath/Lumen.build/Release/Lumen.build/swift-overrides.hmap -emit-const-values -Xfrontend -const-gather-protocols-file -Xfrontend /Users/afraasheriff/Library/Developer/Xcode/DerivedData/Lumen-alopeafjorucwmhfuymhyhjqofhs/Build/Intermediates.noindex/ArchiveIntermediates/Lumen/IntermediateBuildFilesPath/Lumen.build/Release/Lumen.build/Objects-normal/arm64/Lumen_const_extract_protocols.json -Xcc -iquote -Xcc /Users/afraasheriff/Library/Developer/Xcode/DerivedData/Lumen-alopeafjorucwmhfuymhyhjqofhs/Build/Intermediates.noindex/ArchiveIntermediates/Lumen/IntermediateBuildFilesPath/Lumen.build/Release/Lumen.build/Lumen-generated-files.hmap -Xcc -I/Users/afraasheriff/Library/Developer/Xcode/DerivedData/Lumen-alopeafjorucwmhfuymhyhjqofhs/Build/Intermediates.noindex/ArchiveIntermediates/Lumen/IntermediateBuildFilesPath/Lumen.build/Release/Lumen.build/Lumen-own-target-headers.hmap -Xcc -I/Users/afraasheriff/Library/Developer/Xcode/DerivedData/Lumen-alopeafjorucwmhfuymhyhjqofhs/Build/Intermediates.noindex/ArchiveIntermediates/Lumen/IntermediateBuildFilesPath/Lumen.build/Release/Lumen.build/Lumen-all-target-headers.hmap -Xcc -iquote -Xcc /Users/afraasheriff/Library/Developer/Xcode/DerivedData/Lumen-alopeafjorucwmhfuymhyhjqofhs/Build/Intermediates.noindex/ArchiveIntermediates/Lumen/IntermediateBuildFilesPath/Lumen.build/Release/Lumen.build/Lumen-project-headers.hmap -Xcc -I/Users/afraasheriff/Library/Developer/Xcode/DerivedData/Lumen-alopeafjorucwmhfuymhyhjqofhs/Build/Intermediates.noindex/ArchiveIntermediates/Lumen/BuildProductsPath/Release/include -Xcc -I/opt/homebrew/include -Xcc -I/Users/afraasheriff/Library/Developer/Xcode/DerivedData/Lumen-alopeafjorucwmhfuymhyhjqofhs/Build/Intermediates.noindex/ArchiveIntermediates/Lumen/IntermediateBuildFilesPath/Lumen.build/Release/Lumen.build/DerivedSources-normal/arm64 -Xcc -I/Users/afraasheriff/Library/Developer/Xcode/DerivedData/Lumen-alopeafjorucwmhfuymhyhjqofhs/Build/Intermediates.noindex/ArchiveIntermediates/Lumen/IntermediateBuildFilesPath/Lumen.build/Release/Lumen.build/DerivedSources/arm64 -Xcc -I/Users/afraasheriff/Library/Developer/Xcode/DerivedData/Lumen-alopeafjorucwmhfuymhyhjqofhs/Build/Intermediates.noindex/ArchiveIntermediates/Lumen/IntermediateBuildFilesPath/Lumen.build/Release/Lumen.build/DerivedSources -emit-objc-header -emit-objc-header-path /Users/afraasheriff/Library/Developer/Xcode/DerivedData/Lumen-alopeafjorucwmhfuymhyhjqofhs/Build/Intermediates.noindex/ArchiveIntermediates/Lumen/IntermediateBuildFilesPath/Lumen.build/Release/Lumen.build/Objects-normal/arm64/Lumen-Swift.h -import-objc-header /Users/afraasheriff/Desktop/Projects_List/Lumen/Lumen/Lumen-Bridging-Header.h -working-directory /Users/afraasheriff/Desktop/Projects_List/Lumen -no-emit-module-separately-wmo

SwiftGeneratePch normal arm64 Compiling\ bridging\ header (in target 'Lumen' from project 'Lumen')

SwiftDriverJobDiscovery normal arm64 Compiling bridging header (in target 'Lumen' from project 'Lumen')

SwiftCompile normal arm64 Compiling\ ADBService.swift,\ AISearchView.swift,\ BuyMeACoffeeButton.swift,\ ClipboardItem.swift,\ ContentView.swift,\ FileBrowserView.swift,\ FileInfoView.swift,\ FilePromiseHelper.swift,\ FileScanner.swift,\ FileService.swift,\ FileSystemItem.swift,\ GeminiService.swift,\ HoverEffect.swift,\ IconHelper.swift,\ LocalFileService.swift,\ LumenApp.swift,\ MainView.swift,\ MTPService.swift,\ SidebarView.swift,\ SortingView.swift,\ TransferManager.swift,\ TransferProgressView.swift,\ GeneratedAssetSymbols.swift /Users/afraasheriff/Desktop/Projects_List/Lumen/Lumen/ADBService.swift /Users/afraasheriff/Desktop/Projects_List/Lumen/Lumen/AISearchView.swift /Users/afraasheriff/Desktop/Projects_List/Lumen/Lumen/BuyMeACoffeeButton.swift /Users/afraasheriff/Desktop/Projects_List/Lumen/Lumen/ClipboardItem.swift /Users/afraasheriff/Desktop/Projects_List/Lumen/Lumen/ContentView.swift /Users/afraasheriff/Desktop/Projects_List/Lumen/Lumen/FileBrowserView.swift /Users/afraasheriff/Desktop/Projects_List/Lumen/Lumen/FileInfoView.swift /Users/afraasheriff/Desktop/Projects_List/Lumen/Lumen/FilePromiseHelper.swift /Users/afraasheriff/Desktop/Projects_List/Lumen/Lumen/FileScanner.swift /Users/afraasheriff/Desktop/Projects_List/Lumen/Lumen/FileService.swift /Users/afraasheriff/Desktop/Projects_List/Lumen/Lumen/FileSystemItem.swift /Users/afraasheriff/Desktop/Projects_List/Lumen/Lumen/GeminiService.swift /Users/afraasheriff/Desktop/Projects_List/Lumen/Lumen/HoverEffect.swift /Users/afraasheriff/Desktop/Projects_List/Lumen/Lumen/IconHelper.swift /Users/afraasheriff/Desktop/Projects_List/Lumen/Lumen/LocalFileService.swift /Users/afraasheriff/Desktop/Projects_List/Lumen/Lumen/LumenApp.swift /Users/afraasheriff/Desktop/Projects_List/Lumen/Lumen/MainView.swift /Users/afraasheriff/Desktop/Projects_List/Lumen/Lumen/MTPService.swift /Users/afraasheriff/Desktop/Projects_List/Lumen/Lumen/SidebarView.swift /Users/afraasheriff/Desktop/Projects_List/Lumen/Lumen/SortingView.swift /Users/afraasheriff/Desktop/Projects_List/Lumen/Lumen/TransferManager.swift /Users/afraasheriff/Desktop/Projects_List/Lumen/Lumen/TransferProgressView.swift /Users/afraasheriff/Library/Developer/Xcode/DerivedData/Lumen-alopeafjorucwmhfuymhyhjqofhs/Build/Intermediates.noindex/ArchiveIntermediates/Lumen/IntermediateBuildFilesPath/Lumen.build/Release/Lumen.build/DerivedSources/GeneratedAssetSymbols.swift /Applications/Xcode.app/Contents/Developer/Toolchains/XcodeDefault.xctoolchain/usr/lib/swift/macosx/prebuilt-modules/26.1/OSLog.swiftmodule/arm64e-apple-macos.swiftmodule /Applications/Xcode.app/Contents/Developer/Toolchains/XcodeDefault.xctoolchain/usr/lib/swift/macosx/prebuilt-modules/26.1/_DarwinFoundation2.swiftmodule/arm64e-apple-macos.swiftmodule /Applications/Xcode.app/Contents/Developer/Toolchains/XcodeDefault.xctoolchain/usr/lib/swift/macosx/prebuilt-modules/26.1/CoreGraphics.swiftmodule/arm64e-apple-macos.swiftmodule /Applications/Xcode.app/Contents/Developer/Toolchains/XcodeDefault.xctoolchain/usr/lib/swift/macosx/prebuilt-modules/26.1/IOKit.swiftmodule/arm64e-apple-macos.swiftmodule /Applications/Xcode.app/Contents/Developer/Toolchains/XcodeDefault.xctoolchain/usr/lib/swift/macosx/prebuilt-modules/26.1/CoreTransferable.swiftmodule/arm64e-apple-macos.swiftmodule /Applications/Xcode.app/Contents/Developer/Toolchains/XcodeDefault.xctoolchain/usr/lib/swift/macosx/prebuilt-modules/26.1/CoreText.swiftmodule/arm64e-apple-macos.swiftmodule /Applications/Xcode.app/Contents/Developer/Toolchains/XcodeDefault.xctoolchain/usr/lib/swift/macosx/prebuilt-modules/26.1/Foundation.swiftmodule/arm64e-apple-macos.swiftmodule /Applications/Xcode.app/Contents/Developer/Toolchains/XcodeDefault.xctoolchain/usr/lib/swift/macosx/prebuilt-modules/26.1/QuartzCore.swiftmodule/arm64e-apple-macos.swiftmodule /Applications/Xcode.app/Contents/Developer/Toolchains/XcodeDefault.xctoolchain/usr/lib/swift/macosx/prebuilt-modules/26.1/_Builtin_float.swiftmodule/arm64e-apple-macos.swiftmodule /Applications/Xcode.app/Contents/Developer/Toolchains/XcodeDefault.xctoolchain/usr/lib/swift/macosx/prebuilt-modules/26.1/_StringProcessing.swiftmodule/arm64e-apple-macos.swiftmodule /Applications/Xcode.app/Contents/Developer/Toolchains/XcodeDefault.xctoolchain/usr/lib/swift/macosx/prebuilt-modules/26.1/SwiftUI.swiftmodule/arm64e-apple-macos.swiftmodule /Applications/Xcode.app/Contents/Developer/Toolchains/XcodeDefault.xctoolchain/usr/lib/swift/macosx/prebuilt-modules/26.1/AppKit.swiftmodule/arm64e-apple-macos.swiftmodule /Applications/Xcode.app/Contents/Developer/Toolchains/XcodeDefault.xctoolchain/usr/lib/swift/macosx/prebuilt-modules/26.1/_DarwinFoundation3.swiftmodule/arm64e-apple-macos.swiftmodule /Applications/Xcode.app/Contents/Developer/Toolchains/XcodeDefault.xctoolchain/usr/lib/swift/macosx/prebuilt-modules/26.1/os.swiftmodule/arm64e-apple-macos.swiftmodule /Applications/Xcode.app/Contents/Developer/Toolchains/XcodeDefault.xctoolchain/usr/lib/swift/macosx/prebuilt-modules/26.1/CoreData.swiftmodule/arm64e-apple-macos.swiftmodule /Applications/Xcode.app/Contents/Developer/Toolchains/XcodeDefault.xctoolchain/usr/lib/swift/macosx/prebuilt-modules/26.1/CoreFoundation.swiftmodule/arm64e-apple-macos.swiftmodule /Applications/Xcode.app/Contents/Developer/Toolchains/XcodeDefault.xctoolchain/usr/lib/swift/macosx/prebuilt-modules/26.1/System.swiftmodule/arm64e-apple-macos.swiftmodule /Applications/Xcode.app/Contents/Developer/Toolchains/XcodeDefault.xctoolchain/usr/lib/swift/macosx/prebuilt-modules/26.1/DataDetection.swiftmodule/arm64e-apple-macos.swiftmodule /Applications/Xcode.app/Contents/Developer/Toolchains/XcodeDefault.xctoolchain/usr/lib/swift/macosx/prebuilt-modules/26.1/ObjectiveC.swiftmodule/arm64e-apple-macos.swiftmodule /Applications/Xcode.app/Contents/Developer/Toolchains/XcodeDefault.xctoolchain/usr/lib/swift/macosx/prebuilt-modules/26.1/Observation.swiftmodule/arm64e-apple-macos.swiftmodule /Applications/Xcode.app/Contents/Developer/Toolchains/XcodeDefault.xctoolchain/usr/lib/swift/macosx/prebuilt-modules/26.1/XPC.swiftmodule/arm64e-apple-macos.swiftmodule /Applications/Xcode.app/Contents/Developer/Toolchains/XcodeDefault.xctoolchain/usr/lib/swift/macosx/prebuilt-modules/26.1/Dispatch.swiftmodule/arm64e-apple-macos.swiftmodule /Applications/Xcode.app/Contents/Developer/Toolchains/XcodeDefault.xctoolchain/usr/lib/swift/macosx/prebuilt-modules/26.1/Swift.swiftmodule/arm64e-apple-macos.swiftmodule /Applications/Xcode.app/Contents/Developer/Toolchains/XcodeDefault.xctoolchain/usr/lib/swift/macosx/prebuilt-modules/26.1/Metal.swiftmodule/arm64e-apple-macos.swiftmodule /Applications/Xcode.app/Contents/Developer/Toolchains/XcodeDefault.xctoolchain/usr/lib/swift/macosx/prebuilt-modules/26.1/Darwin.swiftmodule/arm64e-apple-macos.swiftmodule /Applications/Xcode.app/Contents/Developer/Toolchains/XcodeDefault.xctoolchain/usr/lib/swift/macosx/prebuilt-modules/26.1/SwiftUICore.swiftmodule/arm64e-apple-macos.swiftmodule /Applications/Xcode.app/Contents/Developer/Toolchains/XcodeDefault.xctoolchain/usr/lib/swift/macosx/prebuilt-modules/26.1/Accessibility.swiftmodule/arm64e-apple-macos.swiftmodule /Applications/Xcode.app/Contents/Developer/Toolchains/XcodeDefault.xctoolchain/usr/lib/swift/macosx/prebuilt-modules/26.1/Spatial.swiftmodule/arm64e-apple-macos.swiftmodule /Applications/Xcode.app/Contents/Developer/Toolchains/XcodeDefault.xctoolchain/usr/lib/swift/macosx/prebuilt-modules/26.1/simd.swiftmodule/arm64e-apple-macos.swiftmodule /Applications/Xcode.app/Contents/Developer/Toolchains/XcodeDefault.xctoolchain/usr/lib/swift/macosx/prebuilt-modules/26.1/UniformTypeIdentifiers.swiftmodule/arm64e-apple-macos.swiftmodule /Applications/Xcode.app/Contents/Developer/Toolchains/XcodeDefault.xctoolchain/usr/lib/swift/macosx/prebuilt-modules/26.1/CoreVideo.swiftmodule/arm64e-apple-macos.swiftmodule /Applications/Xcode.app/Contents/Developer/Toolchains/XcodeDefault.xctoolchain/usr/lib/swift/macosx/prebuilt-modules/26.1/DeveloperToolsSupport.swiftmodule/arm64e-apple-macos.swiftmodule /Applications/Xcode.app/Contents/Developer/Toolchains/XcodeDefault.xctoolchain/usr/lib/swift/macosx/prebuilt-modules/26.1/_DarwinFoundation1.swiftmodule/arm64e-apple-macos.swiftmodule /Applications/Xcode.app/Contents/Developer/Toolchains/XcodeDefault.xctoolchain/usr/lib/swift/macosx/prebuilt-modules/26.1/_Concurrency.swiftmodule/arm64e-apple-macos.swiftmodule /Applications/Xcode.app/Contents/Developer/Toolchains/XcodeDefault.xctoolchain/usr/lib/swift/macosx/prebuilt-modules/26.1/Combine.swiftmodule/arm64e-apple-macos.swiftmodule /Applications/Xcode.app/Contents/Developer/Toolchains/XcodeDefault.xctoolchain/usr/lib/swift/macosx/prebuilt-modules/26.1/Symbols.swiftmodule/arm64e-apple-macos.swiftmodule /Applications/Xcode.app/Contents/Developer/Toolchains/XcodeDefault.xctoolchain/usr/lib/swift/macosx/prebuilt-modules/26.1/CoreImage.swiftmodule/arm64e-apple-macos.swiftmodule /Users/afraasheriff/Library/Developer/Xcode/DerivedData/ModuleCache.noindex/_SwiftConcurrencyShims-2UVQYX3NR6V86KC36R6CTH2GG.pcm /Users/afraasheriff/Library/Developer/Xcode/DerivedData/ModuleCache.noindex/ObjectiveC-E954KB4GKIBFLPOYCCWKVZOXW.pcm /Users/afraasheriff/Library/Developer/Xcode/DerivedData/ModuleCache.noindex/CoreServices-F5JJNZFPTZ7L8KOVD9ZO6EX7F.pcm /Users/afraasheriff/Library/Developer/Xcode/DerivedData/ModuleCache.noindex/_Builtin_stdint-9KNYJQMYKLJ05VHFNCPL4PZMH.pcm /Users/afraasheriff/Library/Developer/Xcode/DerivedData/ModuleCache.noindex/Accessibility-7DUR555O5P14SRLDXBZW5HCE5.pcm /Users/afraasheriff/Library/Developer/Xcode/DerivedData/ModuleCache.noindex/CoreGraphics-7HU32ENSIUL7UFA9V6GMUTN3T.pcm /Users/afraasheriff/Library/Developer/Xcode/DerivedData/ModuleCache.noindex/IOSurface-AFLM4YMMV6ROI4CA2JVFRKX44.pcm /Users/afraasheriff/Library/Developer/Xcode/DerivedData/ModuleCache.noindex/simd-74TOLE7JPITC8VSUW6UITZ5RT.pcm /Users/afraasheriff/Library/Developer/Xcode/DerivedData/ModuleCache.noindex/OpenGL-BS5PL83CZ25JDAM9PHM0LC4LB.pcm /Users/afraasheriff/Library/Developer/Xcode/DerivedData/ModuleCache.noindex/_Builtin_limits-94ACZHGJ5TLOU2S35IVAJGRQM.pcm /Users/afraasheriff/Library/Developer/Xcode/DerivedData/ModuleCache.noindex/CFNetwork-4LISDMZV4G3GJYUQWZCT4TOEI.pcm /Users/afraasheriff/Library/Developer/Xcode/DerivedData/ModuleCache.noindex/libDER-4LCQR8JG9N5KFGGCW2K4B72U9.pcm /Users/afraasheriff/Library/Developer/Xcode/DerivedData/ModuleCache.noindex/CoreData-4MEKDA6KW0YQ4A8428U0J4GNA.pcm /Users/afraasheriff/Library/Developer/Xcode/DerivedData/ModuleCache.noindex/_AvailabilityInternal-69WUBUY5LNFRXI1PLS9D751J4.pcm /Users/afraasheriff/Library/Developer/Xcode/DerivedData/ModuleCache.noindex/SwiftShims-8BRVDC41NDB7039X8UC763710.pcm /Users/afraasheriff/Library/Developer/Xcode/DerivedData/ModuleCache.noindex/Security-7EDJQO6UGX7MVIORRR6C31A9Q.pcm /Users/afraasheriff/Library/Developer/Xcode/DerivedData/ModuleCache.noindex/SwiftUICore-4U43JIJLTGY11NX500U1YKXDS.pcm /Users/afraasheriff/Library/Developer/Xcode/DerivedData/ModuleCache.noindex/_Builtin_stdbool-3AMVPFI64TTXNE4LM63LBMZN0.pcm /Users/afraasheriff/Library/Developer/Xcode/DerivedData/ModuleCache.noindex/QuartzCore-2XI48W1VFLORUAKJERVEK7L7Z.pcm /Users/afraasheriff/Library/Developer/Xcode/DerivedData/ModuleCache.noindex/DataDetection-9HI12X1G4605UQYUINLAGJ189.pcm /Users/afraasheriff/Library/Developer/Xcode/DerivedData/ModuleCache.noindex/_Builtin_tgmath-BHVQUN8GGFGHA8T9HZQMXFF80.pcm /Users/afraasheriff/Library/Developer/Xcode/DerivedData/ModuleCache.noindex/ptrauth-UODQONAL9TJ5911N9KU1EJSQ.pcm /Users/afraasheriff/Library/Developer/Xcode/DerivedData/ModuleCache.noindex/SwiftUI-8HQ6P5B74ZAVNAHIEGJW7JCVU.pcm /Users/afraasheriff/Library/Developer/Xcode/DerivedData/ModuleCache.noindex/Foundation-ENS0U5O4TQXZQ2MJPOB705NB5.pcm /Users/afraasheriff/Library/Developer/Xcode/DerivedData/ModuleCache.noindex/Darwin-A9I5HSA686W1ADV1UCGLQK6A4.pcm /Users/afraasheriff/Library/Developer/Xcode/DerivedData/ModuleCache.noindex/libkern-AVWTJXIIHF7H5A0KN5IBZ7TZ.pcm /Users/afraasheriff/Library/Developer/Xcode/DerivedData/ModuleCache.noindex/ApplicationServices-2B4PPJPWUUPFB1ATPEB0K6X10.pcm /Users/afraasheriff/Library/Developer/Xcode/DerivedData/ModuleCache.noindex/_DarwinFoundation3-860E1HGQ2A6756HGQ2A541A93.pcm /Users/afraasheriff/Library/Developer/Xcode/DerivedData/ModuleCache.noindex/MachO-BO206K5NC9BD4H7Z6VZOK42TM.pcm /Users/afraasheriff/Library/Developer/Xcode/DerivedData/ModuleCache.noindex/_Builtin_intrinsics-7YNT4POKIZLJCF2PMT2EAX1KZ.pcm /Users/afraasheriff/Library/Developer/Xcode/DerivedData/ModuleCache.noindex/Spatial-5SIGK465273HKZJGS0H0VQMLF.pcm /Users/afraasheriff/Library/Developer/Xcode/DerivedData/ModuleCache.noindex/Symbols-9M8BF6N3FR1CRAJKFMBAJ1MDO.pcm /Users/afraasheriff/Library/Developer/Xcode/DerivedData/ModuleCache.noindex/CoreFoundation-836936DNZ3900YDZRG99IOOWK.pcm /Users/afraasheriff/Library/Developer/Xcode/DerivedData/ModuleCache.noindex/UniformTypeIdentifiers-5P67QRMAXGXIWW4NZZ36LFRUZ.pcm /Users/afraasheriff/Library/Developer/Xcode/DerivedData/ModuleCache.noindex/ImageIO-AVACYPYN4X64VT9JS3QX8T12J.pcm /Users/afraasheriff/Library/Developer/Xcode/DerivedData/ModuleCache.noindex/DiskArbitration-4JBO9KHTGIDNKI82Z540NHBQ0.pcm /Users/afraasheriff/Library/Developer/Xcode/DerivedData/ModuleCache.noindex/OSLog-CYX5040O7BFRLYDS4KY2A4YPA.pcm /Users/afraasheriff/Library/Developer/Xcode/DerivedData/ModuleCache.noindex/sys_types-2PYCL5LBUP8R7NEUDYMQR80Y5.pcm /Users/afraasheriff/Library/Developer/Xcode/DerivedData/ModuleCache.noindex/ColorSync-7O49IJCAXZXOB4AK6IBDU6DAN.pcm /Users/afraasheriff/Library/Developer/Xcode/DerivedData/ModuleCache.noindex/CoreText-2PVERUTXXM4AWU0JP4S94V7K8.pcm /Users/afraasheriff/Library/Developer/Xcode/DerivedData/ModuleCache.noindex/_Builtin_stdarg-8G4DDS4GXLRMNU648DVAFO7YM.pcm /Users/afraasheriff/Library/Developer/Xcode/DerivedData/ModuleCache.noindex/os_workgroup-D4PI7IGTPQGDJ421B7Y7B1EN.pcm /Users/afraasheriff/Library/Developer/Xcode/DerivedData/ModuleCache.noindex/ptrcheck-A25Y66Y4600D03WW4A2NH3NNY.pcm /Users/afraasheriff/Library/Developer/Xcode/DerivedData/ModuleCache.noindex/CUPS-88HC1O2GDBGCDRVC0F966QVYK.pcm /Users/afraasheriff/Library/Developer/Xcode/DerivedData/ModuleCache.noindex/_Builtin_stddef-C99KTXXGT6WLVFI45GAWWN0KW.pcm /Users/afraasheriff/Library/Developer/Xcode/DerivedData/ModuleCache.noindex/launch-E0U2QQZ4QFGM5SUO7519ZSWH4.pcm /Users/afraasheriff/Library/Developer/Xcode/DerivedData/ModuleCache.noindex/Metal-59ONNLLYIL5DUNAI04KW765XO.pcm /Users/afraasheriff/Library/Developer/Xcode/DerivedData/ModuleCache.noindex/os-4QGB25LOTCRJHW77LFLD861F.pcm /Users/afraasheriff/Library/Developer/Xcode/DerivedData/ModuleCache.noindex/_Builtin_inttypes-241PV8Z6MYU3FW53NJ4YNWPA5.pcm /Users/afraasheriff/Library/Developer/Xcode/DerivedData/ModuleCache.noindex/IOKit-24VTWE35ZV2L7OTZPIFNKT5OH.pcm /Users/afraasheriff/Library/Developer/Xcode/DerivedData/ModuleCache.noindex/CoreVideo-ESL4MA3W77J2GARK1BPRH4IE2.pcm /Users/afraasheriff/Library/Developer/Xcode/DerivedData/ModuleCache.noindex/CoreTransferable-AZ47RBJJGXJRARSR1XSPH0IU1.pcm /Users/afraasheriff/Library/Developer/Xcode/DerivedData/ModuleCache.noindex/_DarwinFoundation1-E400UFQWTNNR8OCQYQTRF39RY.pcm /Users/afraasheriff/Library/Developer/Xcode/DerivedData/ModuleCache.noindex/_Builtin_float-430NKX0TQBPUTQH0SHVZC674A.pcm /Users/afraasheriff/Library/Developer/Xcode/DerivedData/ModuleCache.noindex/DeveloperToolsSupport-C4EP7LA9YGHNLBO588N9JXSAV.pcm /Users/afraasheriff/Library/Developer/Xcode/DerivedData/ModuleCache.noindex/CoreImage-9ZR0C7CNBE8WKQ8KLTL3V1HLV.pcm /Users/afraasheriff/Library/Developer/Xcode/DerivedData/ModuleCache.noindex/_Builtin_stdatomic-CK7YQPG8C245C8M2NVFMWNZ6.pcm /Users/afraasheriff/Library/Developer/Xcode/DerivedData/ModuleCache.noindex/XPC-BTTMNDSCSQNWX52E3WOJ1P7HJ.pcm /Users/afraasheriff/Library/Developer/Xcode/DerivedData/ModuleCache.noindex/_DarwinFoundation2-9N1UIPRNYIIPE4O7R3GYIGG51.pcm /Users/afraasheriff/Library/Developer/Xcode/DerivedData/ModuleCache.noindex/os_object-9A1V49FIP3AAWKT5Y9S91VNO1.pcm /Users/afraasheriff/Library/Developer/Xcode/DerivedData/ModuleCache.noindex/Dispatch-2LPYC44GBKDQFCQQSRGV1MS2Z.pcm /Users/afraasheriff/Library/Developer/Xcode/DerivedData/ModuleCache.noindex/AppKit-BR209MO1S8CSKX8PPQX2Y6YK4.pcm /Users/afraasheriff/Library/Developer/Xcode/DerivedData/Lumen-alopeafjorucwmhfuymhyhjqofhs/Build/Intermediates.noindex/ArchiveIntermediates/Lumen/IntermediateBuildFilesPath/Lumen.build/Release/Lumen.build/Objects-normal/arm64/Lumen-dependencies-1.json /Users/afraasheriff/Library/Developer/Xcode/DerivedData/Lumen-alopeafjorucwmhfuymhyhjqofhs/Build/Intermediates.noindex/ArchiveIntermediates/Lumen/IntermediateBuildFilesPath/Lumen.build/Release/Lumen.build/Objects-normal/arm64/Lumen-primary-Bridging-header.pch (in target 'Lumen' from project 'Lumen')
CompileSwift normal arm64 (in target 'Lumen' from project 'Lumen')
    cd /Users/afraasheriff/Desktop/Projects_List/Lumen
    

LinkAssetCatalog /Users/afraasheriff/Desktop/Projects_List/Lumen/Lumen/Assets.xcassets (in target 'Lumen' from project 'Lumen')
    cd /Users/afraasheriff/Desktop/Projects_List/Lumen
    builtin-linkAssetCatalog --thinned /Users/afraasheriff/Library/Developer/Xcode/DerivedData/Lumen-alopeafjorucwmhfuymhyhjqofhs/Build/Intermediates.noindex/ArchiveIntermediates/Lumen/IntermediateBuildFilesPath/Lumen.build/Release/Lumen.build/assetcatalog_output/thinned --thinned-dependencies /Users/afraasheriff/Library/Developer/Xcode/DerivedData/Lumen-alopeafjorucwmhfuymhyhjqofhs/Build/Intermediates.noindex/ArchiveIntermediates/Lumen/IntermediateBuildFilesPath/Lumen.build/Release/Lumen.build/assetcatalog_dependencies_thinned --thinned-info-plist-content /Users/afraasheriff/Library/Developer/Xcode/DerivedData/Lumen-alopeafjorucwmhfuymhyhjqofhs/Build/Intermediates.noindex/ArchiveIntermediates/Lumen/IntermediateBuildFilesPath/Lumen.build/Release/Lumen.build/assetcatalog_generated_info.plist_thinned --unthinned /Users/afraasheriff/Library/Developer/Xcode/DerivedData/Lumen-alopeafjorucwmhfuymhyhjqofhs/Build/Intermediates.noindex/ArchiveIntermediates/Lumen/IntermediateBuildFilesPath/Lumen.build/Release/Lumen.build/assetcatalog_output/unthinned --unthinned-dependencies /Users/afraasheriff/Library/Developer/Xcode/DerivedData/Lumen-alopeafjorucwmhfuymhyhjqofhs/Build/Intermediates.noindex/ArchiveIntermediates/Lumen/IntermediateBuildFilesPath/Lumen.build/Release/Lumen.build/assetcatalog_dependencies_unthinned --unthinned-info-plist-content /Users/afraasheriff/Library/Developer/Xcode/DerivedData/Lumen-alopeafjorucwmhfuymhyhjqofhs/Build/Intermediates.noindex/ArchiveIntermediates/Lumen/IntermediateBuildFilesPath/Lumen.build/Release/Lumen.build/assetcatalog_generated_info.plist_unthinned --output /Users/afraasheriff/Library/Developer/Xcode/DerivedData/Lumen-alopeafjorucwmhfuymhyhjqofhs/Build/Intermediates.noindex/ArchiveIntermediates/Lumen/InstallationBuildProductsLocation/Applications/Lumen.app/Contents/Resources --plist-output /Users/afraasheriff/Library/Developer/Xcode/DerivedData/Lumen-alopeafjorucwmhfuymhyhjqofhs/Build/Intermediates.noindex/ArchiveIntermediates/Lumen/IntermediateBuildFilesPath/Lumen.build/Release/Lumen.build/assetcatalog_generated_info.plist
note: Emplaced /Users/afraasheriff/Library/Developer/Xcode/DerivedData/Lumen-alopeafjorucwmhfuymhyhjqofhs/Build/Intermediates.noindex/ArchiveIntermediates/Lumen/InstallationBuildProductsLocation/Applications/Lumen.app/Contents/Resources/AppIcon.icns (in target 'Lumen' from project 'Lumen')
note: Emplaced /Users/afraasheriff/Library/Developer/Xcode/DerivedData/Lumen-alopeafjorucwmhfuymhyhjqofhs/Build/Intermediates.noindex/ArchiveIntermediates/Lumen/InstallationBuildProductsLocation/Applications/Lumen.app/Contents/Resources/Assets.car (in target 'Lumen' from project 'Lumen')

ProcessInfoPlistFile /Users/afraasheriff/Library/Developer/Xcode/DerivedData/Lumen-alopeafjorucwmhfuymhyhjqofhs/Build/Intermediates.noindex/ArchiveIntermediates/Lumen/InstallationBuildProductsLocation/Applications/Lumen.app/Contents/Info.plist /Users/afraasheriff/Library/Developer/Xcode/DerivedData/Lumen-alopeafjorucwmhfuymhyhjqofhs/Build/Intermediates.noindex/ArchiveIntermediates/Lumen/IntermediateBuildFilesPath/Lumen.build/Release/Lumen.build/empty-Lumen.plist (in target 'Lumen' from project 'Lumen')
    cd /Users/afraasheriff/Desktop/Projects_List/Lumen
    builtin-infoPlistUtility /Users/afraasheriff/Library/Developer/Xcode/DerivedData/Lumen-alopeafjorucwmhfuymhyhjqofhs/Build/Intermediates.noindex/ArchiveIntermediates/Lumen/IntermediateBuildFilesPath/Lumen.build/Release/Lumen.build/empty-Lumen.plist -producttype com.apple.product-type.application -genpkginfo /Users/afraasheriff/Library/Developer/Xcode/DerivedData/Lumen-alopeafjorucwmhfuymhyhjqofhs/Build/Intermediates.noindex/ArchiveIntermediates/Lumen/InstallationBuildProductsLocation/Applications/Lumen.app/Contents/PkgInfo -expandbuildsettings -platform macosx -additionalcontentfile /Users/afraasheriff/Library/Developer/Xcode/DerivedData/Lumen-alopeafjorucwmhfuymhyhjqofhs/Build/Intermediates.noindex/ArchiveIntermediates/Lumen/IntermediateBuildFilesPath/Lumen.build/Release/Lumen.build/assetcatalog_generated_info.plist -o /Users/afraasheriff/Library/Developer/Xcode/DerivedData/Lumen-alopeafjorucwmhfuymhyhjqofhs/Build/Intermediates.noindex/ArchiveIntermediates/Lumen/InstallationBuildProductsLocation/Applications/Lumen.app/Contents/Info.plist

SwiftDriverJobDiscovery normal arm64 Compiling ADBService.swift, AISearchView.swift, BuyMeACoffeeButton.swift, ClipboardItem.swift, ContentView.swift, FileBrowserView.swift, FileInfoView.swift, FilePromiseHelper.swift, FileScanner.swift, FileService.swift, FileSystemItem.swift, GeminiService.swift, HoverEffect.swift, IconHelper.swift, LocalFileService.swift, LumenApp.swift, MainView.swift, MTPService.swift, SidebarView.swift, SortingView.swift, TransferManager.swift, TransferProgressView.swift, GeneratedAssetSymbols.swift (in target 'Lumen' from project 'Lumen')

SwiftDriver\ Compilation\ Requirements Lumen normal arm64 com.apple.xcode.tools.swift.compiler (in target 'Lumen' from project 'Lumen')
    cd /Users/afraasheriff/Desktop/Projects_List/Lumen
    builtin-Swift-Compilation-Requirements -- /Applications/Xcode.app/Contents/Developer/Toolchains/XcodeDefault.xctoolchain/usr/bin/swiftc -module-name Lumen -O -whole-module-optimization -enforce-exclusivity\=checked @/Users/afraasheriff/Library/Developer/Xcode/DerivedData/Lumen-alopeafjorucwmhfuymhyhjqofhs/Build/Intermediates.noindex/ArchiveIntermediates/Lumen/IntermediateBuildFilesPath/Lumen.build/Release/Lumen.build/Objects-normal/arm64/Lumen.SwiftFileList -default-isolation\=MainActor -enable-bare-slash-regex -enable-upcoming-feature DisableOutwardActorInference -enable-upcoming-feature InferSendableFromCaptures -enable-upcoming-feature GlobalActorIsolatedTypesUsability -enable-upcoming-feature MemberImportVisibility -enable-upcoming-feature InferIsolatedConformances -enable-upcoming-feature NonisolatedNonsendingByDefault -enable-experimental-feature DebugDescriptionMacro -sdk /Applications/Xcode.app/Contents/Developer/Platforms/MacOSX.platform/Developer/SDKs/MacOSX26.1.sdk -target arm64-apple-macos26.0 -g -module-cache-path /Users/afraasheriff/Library/Developer/Xcode/DerivedData/ModuleCache.noindex -Xfrontend -serialize-debugging-options -swift-version 5 -I /Users/afraasheriff/Library/Developer/Xcode/DerivedData/Lumen-alopeafjorucwmhfuymhyhjqofhs/Build/Intermediates.noindex/ArchiveIntermediates/Lumen/BuildProductsPath/Release -F /Users/afraasheriff/Library/Developer/Xcode/DerivedData/Lumen-alopeafjorucwmhfuymhyhjqofhs/Build/Intermediates.noindex/ArchiveIntermediates/Lumen/BuildProductsPath/Release -emit-localized-strings -emit-localized-strings-path /Users/afraasheriff/Library/Developer/Xcode/DerivedData/Lumen-alopeafjorucwmhfuymhyhjqofhs/Build/Intermediates.noindex/ArchiveIntermediates/Lumen/IntermediateBuildFilesPath/Lumen.build/Release/Lumen.build/Objects-normal/arm64 -c -num-threads 10 -Xcc -ivfsstatcache -Xcc /Users/afraasheriff/Library/Developer/Xcode/DerivedData/SDKStatCaches.noindex/macosx26.1-25B74-3ae1261907bdadc328169391a47051a6.sdkstatcache -output-file-map /Users/afraasheriff/Library/Developer/Xcode/DerivedData/Lumen-alopeafjorucwmhfuymhyhjqofhs/Build/Intermediates.noindex/ArchiveIntermediates/Lumen/IntermediateBuildFilesPath/Lumen.build/Release/Lumen.build/Objects-normal/arm64/Lumen-OutputFileMap.json -use-frontend-parseable-output -save-temps -no-color-diagnostics -explicit-module-build -module-cache-path /Users/afraasheriff/Library/Developer/Xcode/DerivedData/Lumen-alopeafjorucwmhfuymhyhjqofhs/Build/Intermediates.noindex/ArchiveIntermediates/Lumen/IntermediateBuildFilesPath/SwiftExplicitPrecompiledModules -clang-scanner-module-cache-path /Users/afraasheriff/Library/Developer/Xcode/DerivedData/ModuleCache.noindex -sdk-module-cache-path /Users/afraasheriff/Library/Developer/Xcode/DerivedData/ModuleCache.noindex -serialize-diagnostics -emit-dependencies -emit-module -emit-module-path /Users/afraasheriff/Library/Developer/Xcode/DerivedData/Lumen-alopeafjorucwmhfuymhyhjqofhs/Build/Intermediates.noindex/ArchiveIntermediates/Lumen/IntermediateBuildFilesPath/Lumen.build/Release/Lumen.build/Objects-normal/arm64/Lumen.swiftmodule -validate-clang-modules-once -clang-build-session-file /Users/afraasheriff/Library/Developer/Xcode/DerivedData/ModuleCache.noindex/Session.modulevalidation -Xcc -I/Users/afraasheriff/Library/Developer/Xcode/DerivedData/Lumen-alopeafjorucwmhfuymhyhjqofhs/Build/Intermediates.noindex/ArchiveIntermediates/Lumen/IntermediateBuildFilesPath/Lumen.build/Release/Lumen.build/swift-overrides.hmap -emit-const-values -Xfrontend -const-gather-protocols-file -Xfrontend /Users/afraasheriff/Library/Developer/Xcode/DerivedData/Lumen-alopeafjorucwmhfuymhyhjqofhs/Build/Intermediates.noindex/ArchiveIntermediates/Lumen/IntermediateBuildFilesPath/Lumen.build/Release/Lumen.build/Objects-normal/arm64/Lumen_const_extract_protocols.json -Xcc -iquote -Xcc /Users/afraasheriff/Library/Developer/Xcode/DerivedData/Lumen-alopeafjorucwmhfuymhyhjqofhs/Build/Intermediates.noindex/ArchiveIntermediates/Lumen/IntermediateBuildFilesPath/Lumen.build/Release/Lumen.build/Lumen-generated-files.hmap -Xcc -I/Users/afraasheriff/Library/Developer/Xcode/DerivedData/Lumen-alopeafjorucwmhfuymhyhjqofhs/Build/Intermediates.noindex/ArchiveIntermediates/Lumen/IntermediateBuildFilesPath/Lumen.build/Release/Lumen.build/Lumen-own-target-headers.hmap -Xcc -I/Users/afraasheriff/Library/Developer/Xcode/DerivedData/Lumen-alopeafjorucwmhfuymhyhjqofhs/Build/Intermediates.noindex/ArchiveIntermediates/Lumen/IntermediateBuildFilesPath/Lumen.build/Release/Lumen.build/Lumen-all-target-headers.hmap -Xcc -iquote -Xcc /Users/afraasheriff/Library/Developer/Xcode/DerivedData/Lumen-alopeafjorucwmhfuymhyhjqofhs/Build/Intermediates.noindex/ArchiveIntermediates/Lumen/IntermediateBuildFilesPath/Lumen.build/Release/Lumen.build/Lumen-project-headers.hmap -Xcc -I/Users/afraasheriff/Library/Developer/Xcode/DerivedData/Lumen-alopeafjorucwmhfuymhyhjqofhs/Build/Intermediates.noindex/ArchiveIntermediates/Lumen/BuildProductsPath/Release/include -Xcc -I/opt/homebrew/include -Xcc -I/Users/afraasheriff/Library/Developer/Xcode/DerivedData/Lumen-alopeafjorucwmhfuymhyhjqofhs/Build/Intermediates.noindex/ArchiveIntermediates/Lumen/IntermediateBuildFilesPath/Lumen.build/Release/Lumen.build/DerivedSources-normal/arm64 -Xcc -I/Users/afraasheriff/Library/Developer/Xcode/DerivedData/Lumen-alopeafjorucwmhfuymhyhjqofhs/Build/Intermediates.noindex/ArchiveIntermediates/Lumen/IntermediateBuildFilesPath/Lumen.build/Release/Lumen.build/DerivedSources/arm64 -Xcc -I/Users/afraasheriff/Library/Developer/Xcode/DerivedData/Lumen-alopeafjorucwmhfuymhyhjqofhs/Build/Intermediates.noindex/ArchiveIntermediates/Lumen/IntermediateBuildFilesPath/Lumen.build/Release/Lumen.build/DerivedSources -emit-objc-header -emit-objc-header-path /Users/afraasheriff/Library/Developer/Xcode/DerivedData/Lumen-alopeafjorucwmhfuymhyhjqofhs/Build/Intermediates.noindex/ArchiveIntermediates/Lumen/IntermediateBuildFilesPath/Lumen.build/Release/Lumen.build/Objects-normal/arm64/Lumen-Swift.h -import-objc-header /Users/afraasheriff/Desktop/Projects_List/Lumen/Lumen/Lumen-Bridging-Header.h -working-directory /Users/afraasheriff/Desktop/Projects_List/Lumen -no-emit-module-separately-wmo

SwiftMergeGeneratedHeaders /Users/afraasheriff/Library/Developer/Xcode/DerivedData/Lumen-alopeafjorucwmhfuymhyhjqofhs/Build/Intermediates.noindex/ArchiveIntermediates/Lumen/IntermediateBuildFilesPath/Lumen.build/Release/Lumen.build/DerivedSources/Lumen-Swift.h /Users/afraasheriff/Library/Developer/Xcode/DerivedData/Lumen-alopeafjorucwmhfuymhyhjqofhs/Build/Intermediates.noindex/ArchiveIntermediates/Lumen/IntermediateBuildFilesPath/Lumen.build/Release/Lumen.build/Objects-normal/arm64/Lumen-Swift.h (in target 'Lumen' from project 'Lumen')
    cd /Users/afraasheriff/Desktop/Projects_List/Lumen
    builtin-swiftHeaderTool -arch arm64 /Users/afraasheriff/Library/Developer/Xcode/DerivedData/Lumen-alopeafjorucwmhfuymhyhjqofhs/Build/Intermediates.noindex/ArchiveIntermediates/Lumen/IntermediateBuildFilesPath/Lumen.build/Release/Lumen.build/Objects-normal/arm64/Lumen-Swift.h -o /Users/afraasheriff/Library/Developer/Xcode/DerivedData/Lumen-alopeafjorucwmhfuymhyhjqofhs/Build/Intermediates.noindex/ArchiveIntermediates/Lumen/IntermediateBuildFilesPath/Lumen.build/Release/Lumen.build/DerivedSources/Lumen-Swift.h

Copy /Users/afraasheriff/Library/Developer/Xcode/DerivedData/Lumen-alopeafjorucwmhfuymhyhjqofhs/Build/Intermediates.noindex/ArchiveIntermediates/Lumen/BuildProductsPath/Release/Lumen.swiftmodule/arm64-apple-macos.abi.json /Users/afraasheriff/Library/Developer/Xcode/DerivedData/Lumen-alopeafjorucwmhfuymhyhjqofhs/Build/Intermediates.noindex/ArchiveIntermediates/Lumen/IntermediateBuildFilesPath/Lumen.build/Release/Lumen.build/Objects-normal/arm64/Lumen.abi.json (in target 'Lumen' from project 'Lumen')
    cd /Users/afraasheriff/Desktop/Projects_List/Lumen
    builtin-copy -exclude .DS_Store -exclude CVS -exclude .svn -exclude .git -exclude .hg -resolve-src-symlinks -rename /Users/afraasheriff/Library/Developer/Xcode/DerivedData/Lumen-alopeafjorucwmhfuymhyhjqofhs/Build/Intermediates.noindex/ArchiveIntermediates/Lumen/IntermediateBuildFilesPath/Lumen.build/Release/Lumen.build/Objects-normal/arm64/Lumen.abi.json /Users/afraasheriff/Library/Developer/Xcode/DerivedData/Lumen-alopeafjorucwmhfuymhyhjqofhs/Build/Intermediates.noindex/ArchiveIntermediates/Lumen/BuildProductsPath/Release/Lumen.swiftmodule/arm64-apple-macos.abi.json

Copy /Users/afraasheriff/Library/Developer/Xcode/DerivedData/Lumen-alopeafjorucwmhfuymhyhjqofhs/Build/Intermediates.noindex/ArchiveIntermediates/Lumen/BuildProductsPath/Release/Lumen.swiftmodule/arm64-apple-macos.swiftmodule /Users/afraasheriff/Library/Developer/Xcode/DerivedData/Lumen-alopeafjorucwmhfuymhyhjqofhs/Build/Intermediates.noindex/ArchiveIntermediates/Lumen/IntermediateBuildFilesPath/Lumen.build/Release/Lumen.build/Objects-normal/arm64/Lumen.swiftmodule (in target 'Lumen' from project 'Lumen')
    cd /Users/afraasheriff/Desktop/Projects_List/Lumen
    builtin-copy -exclude .DS_Store -exclude CVS -exclude .svn -exclude .git -exclude .hg -resolve-src-symlinks -rename /Users/afraasheriff/Library/Developer/Xcode/DerivedData/Lumen-alopeafjorucwmhfuymhyhjqofhs/Build/Intermediates.noindex/ArchiveIntermediates/Lumen/IntermediateBuildFilesPath/Lumen.build/Release/Lumen.build/Objects-normal/arm64/Lumen.swiftmodule /Users/afraasheriff/Library/Developer/Xcode/DerivedData/Lumen-alopeafjorucwmhfuymhyhjqofhs/Build/Intermediates.noindex/ArchiveIntermediates/Lumen/BuildProductsPath/Release/Lumen.swiftmodule/arm64-apple-macos.swiftmodule

Copy /Users/afraasheriff/Library/Developer/Xcode/DerivedData/Lumen-alopeafjorucwmhfuymhyhjqofhs/Build/Intermediates.noindex/ArchiveIntermediates/Lumen/BuildProductsPath/Release/Lumen.swiftmodule/arm64-apple-macos.swiftdoc /Users/afraasheriff/Library/Developer/Xcode/DerivedData/Lumen-alopeafjorucwmhfuymhyhjqofhs/Build/Intermediates.noindex/ArchiveIntermediates/Lumen/IntermediateBuildFilesPath/Lumen.build/Release/Lumen.build/Objects-normal/arm64/Lumen.swiftdoc (in target 'Lumen' from project 'Lumen')
    cd /Users/afraasheriff/Desktop/Projects_List/Lumen
    builtin-copy -exclude .DS_Store -exclude CVS -exclude .svn -exclude .git -exclude .hg -resolve-src-symlinks -rename /Users/afraasheriff/Library/Developer/Xcode/DerivedData/Lumen-alopeafjorucwmhfuymhyhjqofhs/Build/Intermediates.noindex/ArchiveIntermediates/Lumen/IntermediateBuildFilesPath/Lumen.build/Release/Lumen.build/Objects-normal/arm64/Lumen.swiftdoc /Users/afraasheriff/Library/Developer/Xcode/DerivedData/Lumen-alopeafjorucwmhfuymhyhjqofhs/Build/Intermediates.noindex/ArchiveIntermediates/Lumen/BuildProductsPath/Release/Lumen.swiftmodule/arm64-apple-macos.swiftdoc

CompileC /Users/afraasheriff/Library/Developer/Xcode/DerivedData/Lumen-alopeafjorucwmhfuymhyhjqofhs/Build/Intermediates.noindex/ArchiveIntermediates/Lumen/IntermediateBuildFilesPath/Lumen.build/Release/Lumen.build/Objects-normal/arm64/MTPBridge.o /Users/afraasheriff/Desktop/Projects_List/Lumen/Lumen/MTPBridge.cpp normal arm64 c++ com.apple.compilers.llvm.clang.1_0.compiler (in target 'Lumen' from project 'Lumen')
    cd /Users/afraasheriff/Desktop/Projects_List/Lumen
    
    Using response file: /Users/afraasheriff/Library/Developer/Xcode/DerivedData/Lumen-alopeafjorucwmhfuymhyhjqofhs/Build/Intermediates.noindex/ArchiveIntermediates/Lumen/IntermediateBuildFilesPath/Lumen.build/Release/Lumen.build/Objects-normal/arm64/82b82416624d2658e5098eb0a28c15c5-common-args.resp
    
    /Applications/Xcode.app/Contents/Developer/Toolchains/XcodeDefault.xctoolchain/usr/bin/clang -x c++ -ivfsstatcache /Users/afraasheriff/Library/Developer/Xcode/DerivedData/SDKStatCaches.noindex/macosx26.1-25B74-3ae1261907bdadc328169391a47051a6.sdkstatcache -fmessage-length\=0 -fdiagnostics-show-note-include-stack -fmacro-backtrace-limit\=0 -fno-color-diagnostics -fmodules-prune-interval\=86400 -fmodules-prune-after\=345600 -fbuild-session-file\=/Users/afraasheriff/Library/Developer/Xcode/DerivedData/ModuleCache.noindex/Session.modulevalidation -fmodules-validate-once-per-build-session -Wnon-modular-include-in-framework-module -Werror\=non-modular-include-in-framework-module -Wno-trigraphs -Wno-missing-field-initializers -Wno-missing-prototypes -Werror\=return-type -Wdocumentation -Wunreachable-code -Wquoted-include-in-framework-header -Werror\=deprecated-objc-isa-usage -Werror\=objc-root-class -Wno-non-virtual-dtor -Wno-overloaded-virtual -Wno-exit-time-destructors -Wno-missing-braces -Wparentheses -Wswitch -Wunused-function -Wno-unused-label -Wno-unused-parameter -Wunused-variable -Wunused-value -Wempty-body -Wuninitialized -Wconditional-uninitialized -Wno-unknown-pragmas -Wno-shadow -Wno-four-char-constants -Wno-conversion -Wconstant-conversion -Wint-conversion -Wbool-conversion -Wenum-conversion -Wno-float-conversion -Wnon-literal-null-conversion -Wobjc-literal-conversion -Wshorten-64-to-32 -Wno-newline-eof -Wno-c++11-extensions -Wno-implicit-fallthrough -fstrict-aliasing -Wdeprecated-declarations -Winvalid-offsetof -Wno-sign-conversion -Winfinite-recursion -Wmove -Wcomma -Wblock-capture-autoreleasing -Wstrict-prototypes -Wrange-loop-analysis -Wno-semicolon-before-method-body -Wunguarded-availability @/Users/afraasheriff/Library/Developer/Xcode/DerivedData/Lumen-alopeafjorucwmhfuymhyhjqofhs/Build/Intermediates.noindex/ArchiveIntermediates/Lumen/IntermediateBuildFilesPath/Lumen.build/Release/Lumen.build/Objects-normal/arm64/82b82416624d2658e5098eb0a28c15c5-common-args.resp -MMD -MT dependencies -MF /Users/afraasheriff/Library/Developer/Xcode/DerivedData/Lumen-alopeafjorucwmhfuymhyhjqofhs/Build/Intermediates.noindex/ArchiveIntermediates/Lumen/IntermediateBuildFilesPath/Lumen.build/Release/Lumen.build/Objects-normal/arm64/MTPBridge.d --serialize-diagnostics /Users/afraasheriff/Library/Developer/Xcode/DerivedData/Lumen-alopeafjorucwmhfuymhyhjqofhs/Build/Intermediates.noindex/ArchiveIntermediates/Lumen/IntermediateBuildFilesPath/Lumen.build/Release/Lumen.build/Objects-normal/arm64/MTPBridge.dia -c /Users/afraasheriff/Desktop/Projects_List/Lumen/Lumen/MTPBridge.cpp -o /Users/afraasheriff/Library/Developer/Xcode/DerivedData/Lumen-alopeafjorucwmhfuymhyhjqofhs/Build/Intermediates.noindex/ArchiveIntermediates/Lumen/IntermediateBuildFilesPath/Lumen.build/Release/Lumen.build/Objects-normal/arm64/MTPBridge.o

Ld /Users/afraasheriff/Library/Developer/Xcode/DerivedData/Lumen-alopeafjorucwmhfuymhyhjqofhs/Build/Intermediates.noindex/ArchiveIntermediates/Lumen/InstallationBuildProductsLocation/Applications/Lumen.app/Contents/MacOS/Lumen normal (in target 'Lumen' from project 'Lumen')
    cd /Users/afraasheriff/Desktop/Projects_List/Lumen
    /Applications/Xcode.app/Contents/Developer/Toolchains/XcodeDefault.xctoolchain/usr/bin/clang++ -Xlinker -reproducible -target arm64-apple-macos26.0 -isysroot /Applications/Xcode.app/Contents/Developer/Platforms/MacOSX.platform/Developer/SDKs/MacOSX26.1.sdk -Os -L/Users/afraasheriff/Library/Developer/Xcode/DerivedData/Lumen-alopeafjorucwmhfuymhyhjqofhs/Build/Intermediates.noindex/ArchiveIntermediates/Lumen/IntermediateBuildFilesPath/EagerLinkingTBDs/Release -L/Users/afraasheriff/Library/Developer/Xcode/DerivedData/Lumen-alopeafjorucwmhfuymhyhjqofhs/Build/Intermediates.noindex/ArchiveIntermediates/Lumen/BuildProductsPath/Release -L/opt/homebrew/lib -F/Users/afraasheriff/Library/Developer/Xcode/DerivedData/Lumen-alopeafjorucwmhfuymhyhjqofhs/Build/Intermediates.noindex/ArchiveIntermediates/Lumen/IntermediateBuildFilesPath/EagerLinkingTBDs/Release -F/Users/afraasheriff/Library/Developer/Xcode/DerivedData/Lumen-alopeafjorucwmhfuymhyhjqofhs/Build/Intermediates.noindex/ArchiveIntermediates/Lumen/BuildProductsPath/Release -filelist /Users/afraasheriff/Library/Developer/Xcode/DerivedData/Lumen-alopeafjorucwmhfuymhyhjqofhs/Build/Intermediates.noindex/ArchiveIntermediates/Lumen/IntermediateBuildFilesPath/Lumen.build/Release/Lumen.build/Objects-normal/arm64/Lumen.LinkFileList -Xlinker -rpath -Xlinker @executable_path/../Frameworks -Xlinker -object_path_lto -Xlinker /Users/afraasheriff/Library/Developer/Xcode/DerivedData/Lumen-alopeafjorucwmhfuymhyhjqofhs/Build/Intermediates.noindex/ArchiveIntermediates/Lumen/IntermediateBuildFilesPath/Lumen.build/Release/Lumen.build/Objects-normal/arm64/Lumen_lto.o -Xlinker -final_output -Xlinker /Applications/Lumen.app/Contents/MacOS/Lumen -Xlinker -dependency_info -Xlinker /Users/afraasheriff/Library/Developer/Xcode/DerivedData/Lumen-alopeafjorucwmhfuymhyhjqofhs/Build/Intermediates.noindex/ArchiveIntermediates/Lumen/IntermediateBuildFilesPath/Lumen.build/Release/Lumen.build/Objects-normal/arm64/Lumen_dependency_info.dat -fobjc-link-runtime -L/Applications/Xcode.app/Contents/Developer/Toolchains/XcodeDefault.xctoolchain/usr/lib/swift/macosx -L/usr/lib/swift -Xlinker -add_ast_path -Xlinker /Users/afraasheriff/Library/Developer/Xcode/DerivedData/Lumen-alopeafjorucwmhfuymhyhjqofhs/Build/Intermediates.noindex/ArchiveIntermediates/Lumen/IntermediateBuildFilesPath/Lumen.build/Release/Lumen.build/Objects-normal/arm64/Lumen.swiftmodule @/Users/afraasheriff/Library/Developer/Xcode/DerivedData/Lumen-alopeafjorucwmhfuymhyhjqofhs/Build/Intermediates.noindex/ArchiveIntermediates/Lumen/IntermediateBuildFilesPath/Lumen.build/Release/Lumen.build/Objects-normal/arm64/Lumen-linker-args.resp -L/opt/homebrew/lib -lmtp -lusb-1.0 -o /Users/afraasheriff/Library/Developer/Xcode/DerivedData/Lumen-alopeafjorucwmhfuymhyhjqofhs/Build/Intermediates.noindex/ArchiveIntermediates/Lumen/InstallationBuildProductsLocation/Applications/Lumen.app/Contents/MacOS/Lumen

CopySwiftLibs /Users/afraasheriff/Library/Developer/Xcode/DerivedData/Lumen-alopeafjorucwmhfuymhyhjqofhs/Build/Intermediates.noindex/ArchiveIntermediates/Lumen/InstallationBuildProductsLocation/Applications/Lumen.app (in target 'Lumen' from project 'Lumen')
    cd /Users/afraasheriff/Desktop/Projects_List/Lumen
    builtin-swiftStdLibTool --copy --verbose --scan-executable /Users/afraasheriff/Library/Developer/Xcode/DerivedData/Lumen-alopeafjorucwmhfuymhyhjqofhs/Build/Intermediates.noindex/ArchiveIntermediates/Lumen/InstallationBuildProductsLocation/Applications/Lumen.app/Contents/MacOS/Lumen --scan-folder /Users/afraasheriff/Library/Developer/Xcode/DerivedData/Lumen-alopeafjorucwmhfuymhyhjqofhs/Build/Intermediates.noindex/ArchiveIntermediates/Lumen/InstallationBuildProductsLocation/Applications/Lumen.app/Contents/Frameworks --scan-folder /Users/afraasheriff/Library/Developer/Xcode/DerivedData/Lumen-alopeafjorucwmhfuymhyhjqofhs/Build/Intermediates.noindex/ArchiveIntermediates/Lumen/InstallationBuildProductsLocation/Applications/Lumen.app/Contents/PlugIns --scan-folder /Users/afraasheriff/Library/Developer/Xcode/DerivedData/Lumen-alopeafjorucwmhfuymhyhjqofhs/Build/Intermediates.noindex/ArchiveIntermediates/Lumen/InstallationBuildProductsLocation/Applications/Lumen.app/Contents/Library/SystemExtensions --scan-folder /Users/afraasheriff/Library/Developer/Xcode/DerivedData/Lumen-alopeafjorucwmhfuymhyhjqofhs/Build/Intermediates.noindex/ArchiveIntermediates/Lumen/InstallationBuildProductsLocation/Applications/Lumen.app/Contents/Extensions --platform macosx --toolchain /Applications/Xcode.app/Contents/Developer/Toolchains/XcodeDefault.xctoolchain --destination /Users/afraasheriff/Library/Developer/Xcode/DerivedData/Lumen-alopeafjorucwmhfuymhyhjqofhs/Build/Intermediates.noindex/ArchiveIntermediates/Lumen/InstallationBuildProductsLocation/Applications/Lumen.app/Contents/Frameworks --unsigned-destination /Users/afraasheriff/Library/Developer/Xcode/DerivedData/Lumen-alopeafjorucwmhfuymhyhjqofhs/Build/Intermediates.noindex/ArchiveIntermediates/Lumen/BuildProductsPath/SwiftSupport --strip-bitcode --strip-bitcode-tool /Applications/Xcode.app/Contents/Developer/Toolchains/XcodeDefault.xctoolchain/usr/bin/bitcode_strip --emit-dependency-info /Users/afraasheriff/Library/Developer/Xcode/DerivedData/Lumen-alopeafjorucwmhfuymhyhjqofhs/Build/Intermediates.noindex/ArchiveIntermediates/Lumen/IntermediateBuildFilesPath/Lumen.build/Release/Lumen.build/SwiftStdLibToolInputDependencies.dep --filter-for-swift-os
Ignoring --strip-bitcode because --sign was not passed

ExtractAppIntentsMetadata (in target 'Lumen' from project 'Lumen')
    cd /Users/afraasheriff/Desktop/Projects_List/Lumen
    /Applications/Xcode.app/Contents/Developer/Toolchains/XcodeDefault.xctoolchain/usr/bin/appintentsmetadataprocessor --toolchain-dir /Applications/Xcode.app/Contents/Developer/Toolchains/XcodeDefault.xctoolchain --module-name Lumen --sdk-root /Applications/Xcode.app/Contents/Developer/Platforms/MacOSX.platform/Developer/SDKs/MacOSX26.1.sdk --xcode-version 17B100 --platform-family macOS --deployment-target 26.0 --bundle-identifier lumen.Lumen --output /Users/afraasheriff/Library/Developer/Xcode/DerivedData/Lumen-alopeafjorucwmhfuymhyhjqofhs/Build/Intermediates.noindex/ArchiveIntermediates/Lumen/InstallationBuildProductsLocation/Applications/Lumen.app/Contents/Resources --target-triple arm64-apple-macos26.0 --binary-file /Users/afraasheriff/Library/Developer/Xcode/DerivedData/Lumen-alopeafjorucwmhfuymhyhjqofhs/Build/Intermediates.noindex/ArchiveIntermediates/Lumen/InstallationBuildProductsLocation/Applications/Lumen.app/Contents/MacOS/Lumen --dependency-file /Users/afraasheriff/Library/Developer/Xcode/DerivedData/Lumen-alopeafjorucwmhfuymhyhjqofhs/Build/Intermediates.noindex/ArchiveIntermediates/Lumen/IntermediateBuildFilesPath/Lumen.build/Release/Lumen.build/Objects-normal/arm64/Lumen_dependency_info.dat --stringsdata-file /Users/afraasheriff/Library/Developer/Xcode/DerivedData/Lumen-alopeafjorucwmhfuymhyhjqofhs/Build/Intermediates.noindex/ArchiveIntermediates/Lumen/IntermediateBuildFilesPath/Lumen.build/Release/Lumen.build/Objects-normal/arm64/ExtractedAppShortcutsMetadata.stringsdata --source-file-list /Users/afraasheriff/Library/Developer/Xcode/DerivedData/Lumen-alopeafjorucwmhfuymhyhjqofhs/Build/Intermediates.noindex/ArchiveIntermediates/Lumen/IntermediateBuildFilesPath/Lumen.build/Release/Lumen.build/Objects-normal/arm64/Lumen.SwiftFileList --metadata-file-list /Users/afraasheriff/Library/Developer/Xcode/DerivedData/Lumen-alopeafjorucwmhfuymhyhjqofhs/Build/Intermediates.noindex/ArchiveIntermediates/Lumen/IntermediateBuildFilesPath/Lumen.build/Release/Lumen.build/Lumen.DependencyMetadataFileList --static-metadata-file-list /Users/afraasheriff/Library/Developer/Xcode/DerivedData/Lumen-alopeafjorucwmhfuymhyhjqofhs/Build/Intermediates.noindex/ArchiveIntermediates/Lumen/IntermediateBuildFilesPath/Lumen.build/Release/Lumen.build/Lumen.DependencyStaticMetadataFileList --swift-const-vals-list /Users/afraasheriff/Library/Developer/Xcode/DerivedData/Lumen-alopeafjorucwmhfuymhyhjqofhs/Build/Intermediates.noindex/ArchiveIntermediates/Lumen/IntermediateBuildFilesPath/Lumen.build/Release/Lumen.build/Objects-normal/arm64/Lumen.SwiftConstValuesFileList --compile-time-extraction --deployment-aware-processing --validate-assistant-intents --no-app-shortcuts-localization
2025-11-25 17:48:00.419 appintentsmetadataprocessor[68499:842015] Starting appintentsmetadataprocessor export
2025-11-25 17:48:00.420 appintentsmetadataprocessor[68499:842015] warning: Metadata extraction skipped. No AppIntents.framework dependency found.

GenerateDSYMFile /Users/afraasheriff/Library/Developer/Xcode/DerivedData/Lumen-alopeafjorucwmhfuymhyhjqofhs/Build/Intermediates.noindex/ArchiveIntermediates/Lumen/BuildProductsPath/Release/Lumen.app.dSYM /Users/afraasheriff/Library/Developer/Xcode/DerivedData/Lumen-alopeafjorucwmhfuymhyhjqofhs/Build/Intermediates.noindex/ArchiveIntermediates/Lumen/InstallationBuildProductsLocation/Applications/Lumen.app/Contents/MacOS/Lumen (in target 'Lumen' from project 'Lumen')
    cd /Users/afraasheriff/Desktop/Projects_List/Lumen
    /Applications/Xcode.app/Contents/Developer/Toolchains/XcodeDefault.xctoolchain/usr/bin/dsymutil /Users/afraasheriff/Library/Developer/Xcode/DerivedData/Lumen-alopeafjorucwmhfuymhyhjqofhs/Build/Intermediates.noindex/ArchiveIntermediates/Lumen/InstallationBuildProductsLocation/Applications/Lumen.app/Contents/MacOS/Lumen -o /Users/afraasheriff/Library/Developer/Xcode/DerivedData/Lumen-alopeafjorucwmhfuymhyhjqofhs/Build/Intermediates.noindex/ArchiveIntermediates/Lumen/BuildProductsPath/Release/Lumen.app.dSYM

Strip /Users/afraasheriff/Library/Developer/Xcode/DerivedData/Lumen-alopeafjorucwmhfuymhyhjqofhs/Build/Intermediates.noindex/ArchiveIntermediates/Lumen/InstallationBuildProductsLocation/Applications/Lumen.app/Contents/MacOS/Lumen (in target 'Lumen' from project 'Lumen')
    cd /Users/afraasheriff/Desktop/Projects_List/Lumen
    /Applications/Xcode.app/Contents/Developer/Toolchains/XcodeDefault.xctoolchain/usr/bin/strip -D /Users/afraasheriff/Library/Developer/Xcode/DerivedData/Lumen-alopeafjorucwmhfuymhyhjqofhs/Build/Intermediates.noindex/ArchiveIntermediates/Lumen/InstallationBuildProductsLocation/Applications/Lumen.app/Contents/MacOS/Lumen

SetOwnerAndGroup afraasheriff:staff /Users/afraasheriff/Library/Developer/Xcode/DerivedData/Lumen-alopeafjorucwmhfuymhyhjqofhs/Build/Intermediates.noindex/ArchiveIntermediates/Lumen/InstallationBuildProductsLocation/Applications/Lumen.app (in target 'Lumen' from project 'Lumen')
    cd /Users/afraasheriff/Desktop/Projects_List/Lumen
    /usr/sbin/chown -RH afraasheriff:staff /Users/afraasheriff/Library/Developer/Xcode/DerivedData/Lumen-alopeafjorucwmhfuymhyhjqofhs/Build/Intermediates.noindex/ArchiveIntermediates/Lumen/InstallationBuildProductsLocation/Applications/Lumen.app

SetMode u+w,go-w,a+rX /Users/afraasheriff/Library/Developer/Xcode/DerivedData/Lumen-alopeafjorucwmhfuymhyhjqofhs/Build/Intermediates.noindex/ArchiveIntermediates/Lumen/InstallationBuildProductsLocation/Applications/Lumen.app (in target 'Lumen' from project 'Lumen')
    cd /Users/afraasheriff/Desktop/Projects_List/Lumen
    /bin/chmod -RH u+w,go-w,a+rX /Users/afraasheriff/Library/Developer/Xcode/DerivedData/Lumen-alopeafjorucwmhfuymhyhjqofhs/Build/Intermediates.noindex/ArchiveIntermediates/Lumen/InstallationBuildProductsLocation/Applications/Lumen.app

RegisterExecutionPolicyException /Users/afraasheriff/Library/Developer/Xcode/DerivedData/Lumen-alopeafjorucwmhfuymhyhjqofhs/Build/Intermediates.noindex/ArchiveIntermediates/Lumen/InstallationBuildProductsLocation/Applications/Lumen.app (in target 'Lumen' from project 'Lumen')
    cd /Users/afraasheriff/Desktop/Projects_List/Lumen
    builtin-RegisterExecutionPolicyException /Users/afraasheriff/Library/Developer/Xcode/DerivedData/Lumen-alopeafjorucwmhfuymhyhjqofhs/Build/Intermediates.noindex/ArchiveIntermediates/Lumen/InstallationBuildProductsLocation/Applications/Lumen.app

Validate /Users/afraasheriff/Library/Developer/Xcode/DerivedData/Lumen-alopeafjorucwmhfuymhyhjqofhs/Build/Intermediates.noindex/ArchiveIntermediates/Lumen/InstallationBuildProductsLocation/Applications/Lumen.app (in target 'Lumen' from project 'Lumen')
    cd /Users/afraasheriff/Desktop/Projects_List/Lumen
    builtin-validationUtility /Users/afraasheriff/Library/Developer/Xcode/DerivedData/Lumen-alopeafjorucwmhfuymhyhjqofhs/Build/Intermediates.noindex/ArchiveIntermediates/Lumen/InstallationBuildProductsLocation/Applications/Lumen.app -no-validate-extension -infoplist-subpath Contents/Info.plist
warning: No App Category is set for target 'Lumen'. Set a category by using the General tab for your target, or by adding an appropriate LSApplicationCategory value to your Info.plist. (in target 'Lumen' from project 'Lumen')

Touch /Users/afraasheriff/Library/Developer/Xcode/DerivedData/Lumen-alopeafjorucwmhfuymhyhjqofhs/Build/Intermediates.noindex/ArchiveIntermediates/Lumen/InstallationBuildProductsLocation/Applications/Lumen.app (in target 'Lumen' from project 'Lumen')
    cd /Users/afraasheriff/Desktop/Projects_List/Lumen
    /usr/bin/touch -c /Users/afraasheriff/Library/Developer/Xcode/DerivedData/Lumen-alopeafjorucwmhfuymhyhjqofhs/Build/Intermediates.noindex/ArchiveIntermediates/Lumen/InstallationBuildProductsLocation/Applications/Lumen.app

RegisterWithLaunchServices /Users/afraasheriff/Library/Developer/Xcode/DerivedData/Lumen-alopeafjorucwmhfuymhyhjqofhs/Build/Intermediates.noindex/ArchiveIntermediates/Lumen/InstallationBuildProductsLocation/Applications/Lumen.app (in target 'Lumen' from project 'Lumen')
    cd /Users/afraasheriff/Desktop/Projects_List/Lumen
    /System/Library/Frameworks/CoreServices.framework/Versions/Current/Frameworks/LaunchServices.framework/Versions/Current/Support/lsregister -f -R -trusted /Users/afraasheriff/Library/Developer/Xcode/DerivedData/Lumen-alopeafjorucwmhfuymhyhjqofhs/Build/Intermediates.noindex/ArchiveIntermediates/Lumen/InstallationBuildProductsLocation/Applications/Lumen.app

** ARCHIVE SUCCEEDED **

Exporting Archive...
Creating DMG with custom icon...
created: /Users/afraasheriff/Desktop/Projects_List/Lumen/Lumen.dmg
Done! DMG created at Lumen.dmg
